<?xml version="1.0" encoding="UTF-8"?>
<coverage generated="1762643789876" clover="3.2.0">
  <project timestamp="1762643789876" name="All files">
    <metrics statements="857" coveredstatements="811" conditionals="400" coveredconditionals="306" methods="231" coveredmethods="198" elements="1488" coveredelements="1315" complexity="0" loc="857" ncloc="857" packages="4" files="37" classes="37"/>
    <package name="src">
      <metrics statements="6" coveredstatements="6" conditionals="0" coveredconditionals="0" methods="2" coveredmethods="2"/>
      <file name="App.js" path="/Users/tch432/Documents/Project/SkyProjectGroup5/react-frontend/src/App.js">
        <metrics statements="4" coveredstatements="4" conditionals="0" coveredconditionals="0" methods="2" coveredmethods="2"/>
        <line num="14" count="9" type="stmt"/>
        <line num="16" count="9" type="stmt"/>
        <line num="17" count="9" type="stmt"/>
        <line num="20" count="9" type="stmt"/>
      </file>
      <file name="index.js" path="/Users/tch432/Documents/Project/SkyProjectGroup5/react-frontend/src/index.js">
        <metrics statements="2" coveredstatements="2" conditionals="0" coveredconditionals="0" methods="0" coveredmethods="0"/>
        <line num="7" count="1" type="stmt"/>
        <line num="8" count="1" type="stmt"/>
      </file>
    </package>
    <package name="src.components">
      <metrics statements="521" coveredstatements="494" conditionals="304" coveredconditionals="237" methods="159" coveredmethods="133"/>
      <file name="Avatar.jsx" path="/Users/tch432/Documents/Project/SkyProjectGroup5/react-frontend/src/components/Avatar.jsx">
        <metrics statements="6" coveredstatements="6" conditionals="0" coveredconditionals="0" methods="2" coveredmethods="2"/>
        <line num="5" count="5" type="stmt"/>
        <line num="6" count="24" type="stmt"/>
        <line num="15" count="5" type="stmt"/>
        <line num="17" count="5" type="stmt"/>
        <line num="18" count="23" type="stmt"/>
        <line num="27" count="5" type="stmt"/>
      </file>
      <file name="Button.jsx" path="/Users/tch432/Documents/Project/SkyProjectGroup5/react-frontend/src/components/Button.jsx">
        <metrics statements="5" coveredstatements="5" conditionals="3" coveredconditionals="2" methods="1" coveredmethods="1"/>
        <line num="6" count="7" type="stmt"/>
        <line num="34" count="7" type="cond" truecount="1" falsecount="0"/>
        <line num="35" count="140" type="cond" truecount="1" falsecount="1"/>
        <line num="36" count="140" type="stmt"/>
        <line num="45" count="7" type="stmt"/>
      </file>
      <file name="CalendarHeatMap.jsx" path="/Users/tch432/Documents/Project/SkyProjectGroup5/react-frontend/src/components/CalendarHeatMap.jsx">
        <metrics statements="56" coveredstatements="56" conditionals="25" coveredconditionals="19" methods="12" coveredmethods="12"/>
        <line num="6" count="3" type="stmt"/>
        <line num="7" count="121" type="stmt"/>
        <line num="8" count="121" type="stmt"/>
        <line num="9" count="121" type="stmt"/>
        <line num="10" count="121" type="stmt"/>
        <line num="13" count="3" type="stmt"/>
        <line num="14" count="4" type="stmt"/>
        <line num="15" count="4" type="stmt"/>
        <line num="16" count="4" type="stmt"/>
        <line num="17" count="4" type="stmt"/>
        <line num="18" count="4" type="stmt"/>
        <line num="19" count="121" type="stmt"/>
        <line num="20" count="121" type="stmt"/>
        <line num="22" count="4" type="stmt"/>
        <line num="25" count="3" type="stmt"/>
        <line num="26" count="4" type="stmt"/>
        <line num="27" count="4" type="stmt"/>
        <line num="31" count="4" type="stmt"/>
        <line num="34" count="4" type="stmt"/>
        <line num="35" count="4" type="stmt"/>
        <line num="37" count="4" type="stmt"/>
        <line num="38" count="4" type="stmt"/>
        <line num="39" count="4" type="stmt"/>
        <line num="40" count="4" type="stmt"/>
        <line num="41" count="4" type="stmt"/>
        <line num="43" count="4" type="stmt"/>
        <line num="52" count="4" type="cond" truecount="1" falsecount="1"/>
        <line num="53" count="60" type="stmt"/>
        <line num="60" count="2" type="stmt"/>
        <line num="62" count="2" type="stmt"/>
        <line num="66" count="4" type="stmt"/>
        <line num="67" count="4" type="stmt"/>
        <line num="70" count="4" type="stmt"/>
        <line num="71" count="1" type="stmt"/>
        <line num="72" count="1" type="stmt"/>
        <line num="73" count="1" type="stmt"/>
        <line num="74" count="1" type="cond" truecount="1" falsecount="1"/>
        <line num="75" count="1" type="stmt"/>
        <line num="79" count="4" type="stmt"/>
        <line num="80" count="1" type="stmt"/>
        <line num="81" count="1" type="stmt"/>
        <line num="82" count="1" type="stmt"/>
        <line num="84" count="1" type="cond" truecount="3" falsecount="0"/>
        <line num="86" count="1" type="cond" truecount="1" falsecount="1"/>
        <line num="87" count="1" type="stmt"/>
        <line num="91" count="4" type="stmt"/>
        <line num="93" count="4" type="cond" truecount="2" falsecount="0"/>
        <line num="96" count="4" type="stmt"/>
        <line num="138" count="120" type="cond" truecount="4" falsecount="0"/>
        <line num="139" count="2" type="stmt"/>
        <line num="140" count="2" type="stmt"/>
        <line num="141" count="2" type="cond" truecount="1" falsecount="1"/>
        <line num="142" count="2" type="cond" truecount="1" falsecount="1"/>
        <line num="143" count="2" type="cond" truecount="1" falsecount="1"/>
        <line num="144" count="2" type="stmt"/>
        <line num="146" count="120" type="stmt"/>
      </file>
      <file name="Card.jsx" path="/Users/tch432/Documents/Project/SkyProjectGroup5/react-frontend/src/components/Card.jsx">
        <metrics statements="6" coveredstatements="6" conditionals="0" coveredconditionals="0" methods="2" coveredmethods="2"/>
        <line num="4" count="15" type="stmt"/>
        <line num="5" count="283" type="stmt"/>
        <line num="14" count="15" type="stmt"/>
        <line num="16" count="15" type="stmt"/>
        <line num="17" count="241" type="stmt"/>
        <line num="23" count="15" type="stmt"/>
      </file>
      <file name="ColourblindToggle.jsx" path="/Users/tch432/Documents/Project/SkyProjectGroup5/react-frontend/src/components/ColourblindToggle.jsx">
        <metrics statements="2" coveredstatements="2" conditionals="2" coveredconditionals="2" methods="2" coveredmethods="2"/>
        <line num="2" count="15" type="stmt"/>
        <line num="4" count="3" type="stmt"/>
      </file>
      <file name="FAQCard.jsx" path="/Users/tch432/Documents/Project/SkyProjectGroup5/react-frontend/src/components/FAQCard.jsx">
        <metrics statements="5" coveredstatements="5" conditionals="4" coveredconditionals="4" methods="3" coveredmethods="3"/>
        <line num="3" count="2" type="stmt"/>
        <line num="4" count="2" type="stmt"/>
        <line num="5" count="2" type="stmt"/>
        <line num="7" count="2" type="stmt"/>
        <line num="12" count="1" type="stmt"/>
      </file>
      <file name="FooterBanner.jsx" path="/Users/tch432/Documents/Project/SkyProjectGroup5/react-frontend/src/components/FooterBanner.jsx">
        <metrics statements="4" coveredstatements="4" conditionals="4" coveredconditionals="2" methods="2" coveredmethods="2"/>
        <line num="5" count="4" type="stmt"/>
        <line num="7" count="8" type="stmt"/>
        <line num="18" count="8" type="stmt"/>
        <line num="51" count="64" type="stmt"/>
      </file>
      <file name="GradientAccent.jsx" path="/Users/tch432/Documents/Project/SkyProjectGroup5/react-frontend/src/components/GradientAccent.jsx">
        <metrics statements="2" coveredstatements="2" conditionals="0" coveredconditionals="0" methods="1" coveredmethods="1"/>
        <line num="4" count="5" type="stmt"/>
        <line num="5" count="17" type="stmt"/>
      </file>
      <file name="HeaderBanner.jsx" path="/Users/tch432/Documents/Project/SkyProjectGroup5/react-frontend/src/components/HeaderBanner.jsx">
        <metrics statements="3" coveredstatements="3" conditionals="14" coveredconditionals="13" methods="1" coveredmethods="1"/>
        <line num="5" count="4" type="stmt"/>
        <line num="12" count="9" type="stmt"/>
        <line num="14" count="9" type="stmt"/>
      </file>
      <file name="Input.jsx" path="/Users/tch432/Documents/Project/SkyProjectGroup5/react-frontend/src/components/Input.jsx">
        <metrics statements="20" coveredstatements="20" conditionals="29" coveredconditionals="26" methods="3" coveredmethods="3"/>
        <line num="5" count="3" type="stmt"/>
        <line num="6" count="11" type="stmt"/>
        <line num="7" count="11" type="stmt"/>
        <line num="8" count="11" type="cond" truecount="1" falsecount="1"/>
        <line num="9" count="11" type="cond" truecount="4" falsecount="0"/>
        <line num="12" count="11" type="stmt"/>
        <line num="13" count="11" type="stmt"/>
        <line num="15" count="11" type="cond" truecount="2" falsecount="0"/>
        <line num="16" count="3" type="stmt"/>
        <line num="17" count="3" type="stmt"/>
        <line num="18" count="8" type="cond" truecount="4" falsecount="0"/>
        <line num="19" count="2" type="stmt"/>
        <line num="20" count="2" type="stmt"/>
        <line num="23" count="11" type="stmt"/>
        <line num="56" count="3" type="stmt"/>
        <line num="57" count="3" type="stmt"/>
        <line num="58" count="3" type="stmt"/>
        <line num="61" count="2" type="stmt"/>
        <line num="62" count="2" type="stmt"/>
        <line num="93" count="3" type="stmt"/>
      </file>
      <file name="MultipleRadioQuestion.jsx" path="/Users/tch432/Documents/Project/SkyProjectGroup5/react-frontend/src/components/MultipleRadioQuestion.jsx">
        <metrics statements="8" coveredstatements="8" conditionals="3" coveredconditionals="2" methods="5" coveredmethods="5"/>
        <line num="4" count="3" type="cond" truecount="0" falsecount="1"/>
        <line num="5" count="4" type="stmt"/>
        <line num="6" count="4" type="cond" truecount="2" falsecount="0"/>
        <line num="8" count="1" type="stmt"/>
        <line num="11" count="3" type="stmt"/>
        <line num="15" count="4" type="stmt"/>
        <line num="23" count="8" type="stmt"/>
        <line num="31" count="4" type="stmt"/>
      </file>
      <file name="MyPieChart.jsx" path="/Users/tch432/Documents/Project/SkyProjectGroup5/react-frontend/src/components/MyPieChart.jsx">
        <metrics statements="13" coveredstatements="13" conditionals="6" coveredconditionals="3" methods="5" coveredmethods="4"/>
        <line num="5" count="2" type="stmt"/>
        <line num="7" count="2" type="stmt"/>
        <line num="18" count="1" type="stmt"/>
        <line num="20" count="1" type="stmt"/>
        <line num="21" count="1" type="stmt"/>
        <line num="22" count="1" type="stmt"/>
        <line num="23" count="1" type="stmt"/>
        <line num="26" count="1" type="cond" truecount="1" falsecount="1"/>
        <line num="27" count="1" type="cond" truecount="1" falsecount="1"/>
        <line num="29" count="1" type="stmt"/>
        <line num="40" count="1" type="cond" truecount="1" falsecount="1"/>
        <line num="42" count="1" type="stmt"/>
        <line num="54" count="5" type="stmt"/>
      </file>
      <file name="Navbar.jsx" path="/Users/tch432/Documents/Project/SkyProjectGroup5/react-frontend/src/components/Navbar.jsx">
        <metrics statements="60" coveredstatements="53" conditionals="4" coveredconditionals="4" methods="25" coveredmethods="20"/>
        <line num="9" count="6" type="stmt"/>
        <line num="10" count="23" type="stmt"/>
        <line num="11" count="23" type="stmt"/>
        <line num="12" count="23" type="stmt"/>
        <line num="13" count="23" type="stmt"/>
        <line num="14" count="23" type="stmt"/>
        <line num="15" count="23" type="stmt"/>
        <line num="16" count="23" type="stmt"/>
        <line num="18" count="23" type="stmt"/>
        <line num="19" count="23" type="stmt"/>
        <line num="22" count="23" type="stmt"/>
        <line num="23" count="9" type="stmt"/>
        <line num="25" count="9" type="stmt"/>
        <line num="28" count="0" type="stmt"/>
        <line num="32" count="23" type="stmt"/>
        <line num="33" count="11" type="stmt"/>
        <line num="34" count="11" type="stmt"/>
        <line num="35" count="11" type="stmt"/>
        <line num="36" count="9" type="stmt"/>
        <line num="38" count="3" type="stmt"/>
        <line num="42" count="23" type="stmt"/>
        <line num="43" count="12" type="stmt"/>
        <line num="44" count="12" type="stmt"/>
        <line num="45" count="12" type="stmt"/>
        <line num="46" count="8" type="stmt"/>
        <line num="48" count="4" type="stmt"/>
        <line num="52" count="23" type="stmt"/>
        <line num="53" count="1" type="stmt"/>
        <line num="54" count="1" type="stmt"/>
        <line num="55" count="1" type="stmt"/>
        <line num="60" count="1" type="stmt"/>
        <line num="62" count="1" type="stmt"/>
        <line num="64" count="0" type="stmt"/>
        <line num="68" count="23" type="stmt"/>
        <line num="69" count="4" type="stmt"/>
        <line num="70" count="4" type="stmt"/>
        <line num="71" count="4" type="stmt"/>
        <line num="72" count="2" type="stmt"/>
        <line num="74" count="2" type="stmt"/>
        <line num="78" count="23" type="stmt"/>
        <line num="79" count="11" type="stmt"/>
        <line num="80" count="11" type="stmt"/>
        <line num="83" count="23" type="stmt"/>
        <line num="84" count="9" type="stmt"/>
        <line num="87" count="23" type="stmt"/>
        <line num="88" count="1" type="stmt"/>
        <line num="89" count="0" type="stmt"/>
        <line num="90" count="0" type="stmt"/>
        <line num="93" count="23" type="stmt"/>
        <line num="94" count="0" type="stmt"/>
        <line num="98" count="23" type="stmt"/>
        <line num="105" count="69" type="stmt"/>
        <line num="121" count="2" type="stmt"/>
        <line num="130" count="46" type="stmt"/>
        <line num="143" count="2" type="stmt"/>
        <line num="157" count="15" type="stmt"/>
        <line num="162" count="2" type="stmt"/>
        <line num="163" count="2" type="stmt"/>
        <line num="178" count="0" type="stmt"/>
        <line num="180" count="0" type="stmt"/>
      </file>
      <file name="PointsBarChart.jsx" path="/Users/tch432/Documents/Project/SkyProjectGroup5/react-frontend/src/components/PointsBarChart.jsx">
        <metrics statements="66" coveredstatements="64" conditionals="40" coveredconditionals="30" methods="21" coveredmethods="12"/>
        <line num="15" count="2" type="stmt"/>
        <line num="16" count="4" type="stmt"/>
        <line num="18" count="4" type="stmt"/>
        <line num="19" count="2" type="stmt"/>
        <line num="20" count="2" type="stmt"/>
        <line num="21" count="2" type="stmt"/>
        <line num="24" count="4" type="stmt"/>
        <line num="27" count="2" type="stmt"/>
        <line num="28" count="4" type="stmt"/>
        <line num="29" count="4" type="stmt"/>
        <line num="31" count="4" type="stmt"/>
        <line num="35" count="4" type="cond" truecount="2" falsecount="2"/>
        <line num="36" count="4" type="cond" truecount="1" falsecount="1"/>
        <line num="37" count="4" type="cond" truecount="1" falsecount="1"/>
        <line num="38" count="4" type="cond" truecount="1" falsecount="1"/>
        <line num="39" count="4" type="cond" truecount="1" falsecount="1"/>
        <line num="40" count="4" type="cond" truecount="1" falsecount="1"/>
        <line num="44" count="4" type="stmt"/>
        <line num="45" count="4" type="stmt"/>
        <line num="46" count="4" type="stmt"/>
        <line num="47" count="4" type="stmt"/>
        <line num="48" count="4" type="stmt"/>
        <line num="51" count="4" type="stmt"/>
        <line num="52" count="1" type="stmt"/>
        <line num="53" count="1" type="stmt"/>
        <line num="54" count="1" type="cond" truecount="1" falsecount="1"/>
        <line num="55" count="1" type="stmt"/>
        <line num="59" count="1" type="stmt"/>
        <line num="60" count="1" type="stmt"/>
        <line num="61" count="1" type="stmt"/>
        <line num="62" count="1" type="stmt"/>
        <line num="64" count="1" type="stmt"/>
        <line num="65" count="2" type="stmt"/>
        <line num="66" count="2" type="stmt"/>
        <line num="67" count="2" type="stmt"/>
        <line num="70" count="1" type="stmt"/>
        <line num="73" count="4" type="stmt"/>
        <line num="74" count="3" type="stmt"/>
        <line num="78" count="3" type="stmt"/>
        <line num="81" count="4" type="stmt"/>
        <line num="82" count="4" type="stmt"/>
        <line num="83" count="4" type="stmt"/>
        <line num="84" count="4" type="cond" truecount="1" falsecount="1"/>
        <line num="86" count="4" type="stmt"/>
        <line num="87" count="4" type="stmt"/>
        <line num="88" count="4" type="stmt"/>
        <line num="89" count="4" type="stmt"/>
        <line num="90" count="4" type="stmt"/>
        <line num="92" count="4" type="stmt"/>
        <line num="93" count="4" type="stmt"/>
        <line num="95" count="4" type="stmt"/>
        <line num="96" count="4" type="stmt"/>
        <line num="97" count="4" type="stmt"/>
        <line num="102" count="4" type="stmt"/>
        <line num="103" count="4" type="cond" truecount="2" falsecount="0"/>
        <line num="108" count="3" type="stmt"/>
        <line num="110" count="1" type="stmt"/>
        <line num="114" count="4" type="stmt"/>
        <line num="115" count="4" type="stmt"/>
        <line num="118" count="4" type="stmt"/>
        <line num="123" count="4" type="stmt"/>
        <line num="129" count="4" type="cond" truecount="1" falsecount="1"/>
        <line num="132" count="4" type="stmt"/>
        <line num="143" count="2" type="stmt"/>
        <line num="158" count="0" type="cond" truecount="2" falsecount="0"/>
        <line num="170" count="0" type="cond" truecount="2" falsecount="0"/>
      </file>
      <file name="PopUp.jsx" path="/Users/tch432/Documents/Project/SkyProjectGroup5/react-frontend/src/components/PopUp.jsx">
        <metrics statements="48" coveredstatements="42" conditionals="50" coveredconditionals="37" methods="20" coveredmethods="16"/>
        <line num="8" count="8" type="stmt"/>
        <line num="9" count="54" type="stmt"/>
        <line num="10" count="54" type="stmt"/>
        <line num="11" count="54" type="stmt"/>
        <line num="13" count="54" type="stmt"/>
        <line num="15" count="54" type="stmt"/>
        <line num="16" count="31" type="stmt"/>
        <line num="17" count="9" type="stmt"/>
        <line num="18" count="9" type="stmt"/>
        <line num="19" count="9" type="cond" truecount="1" falsecount="1"/>
        <line num="21" count="0" type="stmt"/>
        <line num="24" count="31" type="cond" truecount="2" falsecount="0"/>
        <line num="25" count="9" type="stmt"/>
        <line num="29" count="54" type="cond" truecount="2" falsecount="0"/>
        <line num="31" count="25" type="stmt"/>
        <line num="32" count="6" type="stmt"/>
        <line num="38" count="25" type="stmt"/>
        <line num="39" count="0" type="stmt"/>
        <line num="45" count="25" type="stmt"/>
        <line num="46" count="6" type="stmt"/>
        <line num="47" count="6" type="stmt"/>
        <line num="48" count="6" type="stmt"/>
        <line num="49" count="5" type="stmt"/>
        <line num="51" count="1" type="stmt"/>
        <line num="55" count="25" type="stmt"/>
        <line num="56" count="2" type="stmt"/>
        <line num="57" count="2" type="stmt"/>
        <line num="60" count="25" type="stmt"/>
        <line num="61" count="1" type="stmt"/>
        <line num="62" count="1" type="cond" truecount="1" falsecount="1"/>
        <line num="63" count="0" type="stmt"/>
        <line num="68" count="25" type="stmt"/>
        <line num="84" count="14" type="stmt"/>
        <line num="105" count="6" type="stmt"/>
        <line num="106" count="6" type="stmt"/>
        <line num="107" count="6" type="stmt"/>
        <line num="110" count="1" type="stmt"/>
        <line num="157" count="34" type="cond" truecount="2" falsecount="0"/>
        <line num="158" count="34" type="stmt"/>
        <line num="167" count="1" type="cond" truecount="3" falsecount="1"/>
        <line num="168" count="0" type="stmt"/>
        <line num="169" count="0" type="stmt"/>
        <line num="180" count="6" type="stmt"/>
        <line num="181" count="6" type="stmt"/>
        <line num="201" count="0" type="stmt"/>
        <line num="213" count="2" type="cond" truecount="1" falsecount="1"/>
        <line num="214" count="2" type="stmt"/>
        <line num="216" count="2" type="stmt"/>
      </file>
      <file name="ProgressBar.jsx" path="/Users/tch432/Documents/Project/SkyProjectGroup5/react-frontend/src/components/ProgressBar.jsx">
        <metrics statements="14" coveredstatements="14" conditionals="4" coveredconditionals="4" methods="4" coveredmethods="4"/>
        <line num="3" count="5" type="stmt"/>
        <line num="4" count="29" type="stmt"/>
        <line num="6" count="29" type="stmt"/>
        <line num="7" count="29" type="stmt"/>
        <line num="8" count="29" type="stmt"/>
        <line num="10" count="29" type="stmt"/>
        <line num="12" count="24" type="stmt"/>
        <line num="13" count="4" type="stmt"/>
        <line num="14" count="4" type="stmt"/>
        <line num="15" count="4" type="stmt"/>
        <line num="18" count="24" type="stmt"/>
        <line num="21" count="29" type="stmt"/>
        <line num="22" count="29" type="stmt"/>
        <line num="24" count="29" type="stmt"/>
      </file>
      <file name="Questions.jsx" path="/Users/tch432/Documents/Project/SkyProjectGroup5/react-frontend/src/components/Questions.jsx">
        <metrics statements="28" coveredstatements="28" conditionals="31" coveredconditionals="28" methods="3" coveredmethods="3"/>
        <line num="5" count="2" type="cond" truecount="0" falsecount="1"/>
        <line num="6" count="10" type="stmt"/>
        <line num="7" count="10" type="stmt"/>
        <line num="8" count="10" type="stmt"/>
        <line num="9" count="10" type="stmt"/>
        <line num="10" count="10" type="stmt"/>
        <line num="11" count="10" type="stmt"/>
        <line num="12" count="10" type="stmt"/>
        <line num="13" count="10" type="stmt"/>
        <line num="14" count="10" type="stmt"/>
        <line num="15" count="10" type="stmt"/>
        <line num="19" count="10" type="stmt"/>
        <line num="21" count="10" type="stmt"/>
        <line num="22" count="5" type="cond" truecount="1" falsecount="1"/>
        <line num="23" count="5" type="cond" truecount="2" falsecount="0"/>
        <line num="24" count="5" type="cond" truecount="2" falsecount="0"/>
        <line num="25" count="5" type="cond" truecount="2" falsecount="0"/>
        <line num="26" count="5" type="cond" truecount="2" falsecount="0"/>
        <line num="27" count="5" type="cond" truecount="2" falsecount="0"/>
        <line num="28" count="5" type="cond" truecount="2" falsecount="0"/>
        <line num="29" count="5" type="cond" truecount="2" falsecount="0"/>
        <line num="30" count="5" type="cond" truecount="2" falsecount="0"/>
        <line num="31" count="5" type="cond" truecount="2" falsecount="0"/>
        <line num="32" count="5" type="cond" truecount="2" falsecount="0"/>
        <line num="37" count="10" type="stmt"/>
        <line num="38" count="9" type="cond" truecount="1" falsecount="1"/>
        <line num="39" count="9" type="stmt"/>
        <line num="66" count="10" type="stmt"/>
      </file>
      <file name="RadioGroup.jsx" path="/Users/tch432/Documents/Project/SkyProjectGroup5/react-frontend/src/components/RadioGroup.jsx">
        <metrics statements="6" coveredstatements="6" conditionals="0" coveredconditionals="0" methods="2" coveredmethods="2"/>
        <line num="6" count="3" type="stmt"/>
        <line num="7" count="52" type="stmt"/>
        <line num="18" count="3" type="stmt"/>
        <line num="20" count="3" type="stmt"/>
        <line num="21" count="218" type="stmt"/>
        <line num="34" count="3" type="stmt"/>
      </file>
      <file name="RadioQuestion.jsx" path="/Users/tch432/Documents/Project/SkyProjectGroup5/react-frontend/src/components/RadioQuestion.jsx">
        <metrics statements="3" coveredstatements="3" conditionals="0" coveredconditionals="0" methods="2" coveredmethods="2"/>
        <line num="5" count="3" type="stmt"/>
        <line num="6" count="52" type="stmt"/>
        <line num="21" count="218" type="stmt"/>
      </file>
      <file name="RequireAuth.jsx" path="/Users/tch432/Documents/Project/SkyProjectGroup5/react-frontend/src/components/RequireAuth.jsx">
        <metrics statements="15" coveredstatements="15" conditionals="8" coveredconditionals="6" methods="5" coveredmethods="5"/>
        <line num="5" count="3" type="stmt"/>
        <line num="6" count="6" type="stmt"/>
        <line num="7" count="6" type="stmt"/>
        <line num="8" count="6" type="stmt"/>
        <line num="10" count="6" type="stmt"/>
        <line num="11" count="3" type="stmt"/>
        <line num="12" count="3" type="stmt"/>
        <line num="15" count="2" type="cond" truecount="1" falsecount="1"/>
        <line num="18" count="1" type="cond" truecount="1" falsecount="1"/>
        <line num="20" count="3" type="stmt"/>
        <line num="21" count="3" type="stmt"/>
        <line num="26" count="6" type="cond" truecount="2" falsecount="0"/>
        <line num="28" count="3" type="cond" truecount="2" falsecount="0"/>
        <line num="30" count="1" type="stmt"/>
        <line num="33" count="2" type="stmt"/>
      </file>
      <file name="Slider.jsx" path="/Users/tch432/Documents/Project/SkyProjectGroup5/react-frontend/src/components/Slider.jsx">
        <metrics statements="14" coveredstatements="13" conditionals="9" coveredconditionals="5" methods="3" coveredmethods="3"/>
        <line num="3" count="3" type="cond" truecount="1" falsecount="2"/>
        <line num="4" count="24" type="stmt"/>
        <line num="5" count="24" type="cond" truecount="2" falsecount="0"/>
        <line num="7" count="24" type="cond" truecount="1" falsecount="1"/>
        <line num="9" count="24" type="stmt"/>
        <line num="10" count="2" type="stmt"/>
        <line num="11" count="2" type="cond" truecount="1" falsecount="1"/>
        <line num="12" count="0" type="stmt"/>
        <line num="15" count="24" type="stmt"/>
        <line num="17" count="24" type="stmt"/>
        <line num="18" count="24" type="stmt"/>
        <line num="19" count="250" type="stmt"/>
        <line num="22" count="24" type="stmt"/>
        <line num="45" count="250" type="stmt"/>
      </file>
      <file name="SliderQuestion.jsx" path="/Users/tch432/Documents/Project/SkyProjectGroup5/react-frontend/src/components/SliderQuestion.jsx">
        <metrics statements="3" coveredstatements="3" conditionals="1" coveredconditionals="1" methods="1" coveredmethods="1"/>
        <line num="5" count="3" type="cond" truecount="1" falsecount="0"/>
        <line num="6" count="23" type="stmt"/>
        <line num="8" count="23" type="stmt"/>
      </file>
      <file name="Switch.jsx" path="/Users/tch432/Documents/Project/SkyProjectGroup5/react-frontend/src/components/Switch.jsx">
        <metrics statements="9" coveredstatements="9" conditionals="6" coveredconditionals="4" methods="4" coveredmethods="4"/>
        <line num="3" count="6" type="stmt"/>
        <line num="4" count="30" type="stmt"/>
        <line num="6" count="30" type="stmt"/>
        <line num="7" count="5" type="stmt"/>
        <line num="8" count="5" type="stmt"/>
        <line num="9" count="5" type="stmt"/>
        <line num="10" count="5" type="stmt"/>
        <line num="14" count="30" type="stmt"/>
        <line num="22" count="1" type="cond" truecount="2" falsecount="2"/>
      </file>
      <file name="TipCard.jsx" path="/Users/tch432/Documents/Project/SkyProjectGroup5/react-frontend/src/components/TipCard.jsx">
        <metrics statements="11" coveredstatements="9" conditionals="6" coveredconditionals="5" methods="4" coveredmethods="2"/>
        <line num="3" count="4" type="stmt"/>
        <line num="4" count="38" type="stmt"/>
        <line num="5" count="38" type="stmt"/>
        <line num="7" count="38" type="stmt"/>
        <line num="9" count="2" type="stmt"/>
        <line num="10" count="2" type="stmt"/>
        <line num="11" count="2" type="stmt"/>
        <line num="12" count="2" type="stmt"/>
        <line num="15" count="38" type="stmt"/>
        <line num="36" count="0" type="stmt"/>
        <line num="37" count="0" type="stmt"/>
      </file>
      <file name="UserRankChart.jsx" path="/Users/tch432/Documents/Project/SkyProjectGroup5/react-frontend/src/components/UserRankChart.jsx">
        <metrics statements="114" coveredstatements="105" conditionals="55" coveredconditionals="40" methods="26" coveredmethods="21"/>
        <line num="14" count="2" type="stmt"/>
        <line num="15" count="82" type="stmt"/>
        <line num="16" count="82" type="stmt"/>
        <line num="17" count="82" type="stmt"/>
        <line num="18" count="82" type="stmt"/>
        <line num="21" count="2" type="stmt"/>
        <line num="22" count="15" type="stmt"/>
        <line num="23" count="15" type="stmt"/>
        <line num="24" count="15" type="stmt"/>
        <line num="25" count="15" type="stmt"/>
        <line num="26" count="15" type="stmt"/>
        <line num="27" count="15" type="stmt"/>
        <line num="30" count="2" type="stmt"/>
        <line num="31" count="3" type="stmt"/>
        <line num="32" count="3" type="stmt"/>
        <line num="33" count="21" type="stmt"/>
        <line num="34" count="21" type="stmt"/>
        <line num="35" count="21" type="stmt"/>
        <line num="37" count="3" type="stmt"/>
        <line num="40" count="2" type="stmt"/>
        <line num="41" count="2" type="stmt"/>
        <line num="42" count="2" type="stmt"/>
        <line num="43" count="2" type="stmt"/>
        <line num="44" count="2" type="stmt"/>
        <line num="45" count="2" type="stmt"/>
        <line num="46" count="61" type="stmt"/>
        <line num="47" count="61" type="stmt"/>
        <line num="49" count="2" type="stmt"/>
        <line num="53" count="2" type="stmt"/>
        <line num="54" count="6" type="stmt"/>
        <line num="55" count="6" type="stmt"/>
        <line num="56" count="2" type="stmt"/>
        <line num="57" count="2" type="stmt"/>
        <line num="58" count="2" type="stmt"/>
        <line num="60" count="6" type="stmt"/>
        <line num="63" count="2" type="stmt"/>
        <line num="64" count="6" type="stmt"/>
        <line num="67" count="6" type="cond" truecount="2" falsecount="2"/>
        <line num="68" count="6" type="cond" truecount="1" falsecount="1"/>
        <line num="69" count="6" type="cond" truecount="1" falsecount="1"/>
        <line num="70" count="6" type="cond" truecount="1" falsecount="1"/>
        <line num="71" count="6" type="cond" truecount="1" falsecount="1"/>
        <line num="73" count="6" type="stmt"/>
        <line num="74" count="6" type="stmt"/>
        <line num="75" count="6" type="stmt"/>
        <line num="79" count="6" type="stmt"/>
        <line num="80" count="6" type="stmt"/>
        <line num="83" count="6" type="stmt"/>
        <line num="84" count="5" type="stmt"/>
        <line num="86" count="5" type="cond" truecount="2" falsecount="0"/>
        <line num="90" count="5" type="stmt"/>
        <line num="93" count="5" type="stmt"/>
        <line num="94" count="5" type="stmt"/>
        <line num="97" count="5" type="stmt"/>
        <line num="98" count="5" type="stmt"/>
        <line num="102" count="5" type="stmt"/>
        <line num="107" count="5" type="cond" truecount="1" falsecount="1"/>
        <line num="110" count="4" type="stmt"/>
        <line num="111" count="51" type="stmt"/>
        <line num="112" count="51" type="stmt"/>
        <line num="114" count="51" type="stmt"/>
        <line num="120" count="4" type="stmt"/>
        <line num="122" count="1" type="stmt"/>
        <line num="126" count="6" type="stmt"/>
        <line num="127" count="5" type="stmt"/>
        <line num="131" count="6" type="stmt"/>
        <line num="132" count="2" type="cond" truecount="2" falsecount="0"/>
        <line num="133" count="1" type="stmt"/>
        <line num="134" count="1" type="stmt"/>
        <line num="135" count="1" type="stmt"/>
        <line num="136" count="1" type="cond" truecount="1" falsecount="1"/>
        <line num="139" count="1" type="stmt"/>
        <line num="140" count="1" type="stmt"/>
        <line num="141" count="1" type="stmt"/>
        <line num="142" count="1" type="cond" truecount="1" falsecount="1"/>
        <line num="149" count="6" type="stmt"/>
        <line num="150" count="1" type="cond" truecount="1" falsecount="1"/>
        <line num="151" count="1" type="stmt"/>
        <line num="152" count="1" type="stmt"/>
        <line num="153" count="1" type="stmt"/>
        <line num="154" count="1" type="stmt"/>
        <line num="157" count="0" type="stmt"/>
        <line num="158" count="0" type="stmt"/>
        <line num="159" count="0" type="stmt"/>
        <line num="160" count="0" type="stmt"/>
        <line num="165" count="6" type="stmt"/>
        <line num="166" count="6" type="cond" truecount="2" falsecount="0"/>
        <line num="167" count="4" type="stmt"/>
        <line num="168" count="4" type="stmt"/>
        <line num="169" count="4" type="stmt"/>
        <line num="171" count="2" type="stmt"/>
        <line num="172" count="2" type="stmt"/>
        <line num="173" count="2" type="stmt"/>
        <line num="181" count="6" type="stmt"/>
        <line num="182" count="6" type="cond" truecount="2" falsecount="0"/>
        <line num="183" count="4" type="stmt"/>
        <line num="184" count="4" type="stmt"/>
        <line num="185" count="4" type="stmt"/>
        <line num="187" count="2" type="stmt"/>
        <line num="188" count="2" type="stmt"/>
        <line num="189" count="2" type="stmt"/>
        <line num="193" count="6" type="stmt"/>
        <line num="194" count="6" type="cond" truecount="2" falsecount="0"/>
        <line num="195" count="4" type="stmt"/>
        <line num="196" count="4" type="stmt"/>
        <line num="197" count="4" type="stmt"/>
        <line num="205" count="2" type="stmt"/>
        <line num="212" count="6" type="stmt"/>
        <line num="225" count="0" type="stmt"/>
        <line num="272" count="0" type="stmt"/>
        <line num="273" count="0" type="cond" truecount="0" falsecount="2"/>
        <line num="286" count="51" type="cond" truecount="2" falsecount="0"/>
        <line num="294" count="0" type="stmt"/>
        <line num="295" count="0" type="stmt"/>
      </file>
    </package>
    <package name="src.lib">
      <metrics statements="25" coveredstatements="23" conditionals="6" coveredconditionals="5" methods="7" coveredmethods="7"/>
      <file name="activityBus.js" path="/Users/tch432/Documents/Project/SkyProjectGroup5/react-frontend/src/lib/activityBus.js">
        <metrics statements="6" coveredstatements="6" conditionals="0" coveredconditionals="0" methods="3" coveredmethods="3"/>
        <line num="2" count="6" type="stmt"/>
        <line num="5" count="14" type="stmt"/>
        <line num="6" count="14" type="stmt"/>
        <line num="10" count="2" type="stmt"/>
        <line num="11" count="1" type="stmt"/>
        <line num="12" count="1" type="stmt"/>
      </file>
      <file name="csrf.js" path="/Users/tch432/Documents/Project/SkyProjectGroup5/react-frontend/src/lib/csrf.js">
        <metrics statements="18" coveredstatements="16" conditionals="6" coveredconditionals="5" methods="3" coveredmethods="3"/>
        <line num="3" count="12" type="stmt"/>
        <line num="12" count="18" type="cond" truecount="2" falsecount="0"/>
        <line num="13" count="17" type="stmt"/>
        <line num="14" count="17" type="stmt"/>
        <line num="15" count="17" type="stmt"/>
        <line num="16" count="17" type="cond" truecount="2" falsecount="0"/>
        <line num="17" count="1" type="stmt"/>
        <line num="18" count="1" type="stmt"/>
        <line num="20" count="17" type="stmt"/>
        <line num="22" count="0" type="stmt"/>
        <line num="23" count="0" type="stmt"/>
        <line num="28" count="1" type="stmt"/>
        <line num="29" count="1" type="cond" truecount="1" falsecount="1"/>
        <line num="30" count="1" type="stmt"/>
        <line num="31" count="1" type="stmt"/>
        <line num="36" count="3" type="stmt"/>
        <line num="37" count="3" type="stmt"/>
        <line num="38" count="3" type="stmt"/>
      </file>
      <file name="utils.js" path="/Users/tch432/Documents/Project/SkyProjectGroup5/react-frontend/src/lib/utils.js">
        <metrics statements="1" coveredstatements="1" conditionals="0" coveredconditionals="0" methods="1" coveredmethods="1"/>
        <line num="5" count="1040" type="stmt"/>
      </file>
    </package>
    <package name="src.screens">
      <metrics statements="305" coveredstatements="288" conditionals="90" coveredconditionals="64" methods="63" coveredmethods="56"/>
      <file name="About.jsx" path="/Users/tch432/Documents/Project/SkyProjectGroup5/react-frontend/src/screens/About.jsx">
        <metrics statements="6" coveredstatements="6" conditionals="0" coveredconditionals="0" methods="3" coveredmethods="3"/>
        <line num="10" count="2" type="stmt"/>
        <line num="13" count="1" type="stmt"/>
        <line num="21" count="1" type="stmt"/>
        <line num="52" count="1" type="stmt"/>
        <line num="96" count="4" type="stmt"/>
        <line num="177" count="7" type="stmt"/>
      </file>
      <file name="Dashboard.jsx" path="/Users/tch432/Documents/Project/SkyProjectGroup5/react-frontend/src/screens/Dashboard.jsx">
        <metrics statements="57" coveredstatements="56" conditionals="22" coveredconditionals="16" methods="16" coveredmethods="15"/>
        <line num="14" count="4" type="stmt"/>
        <line num="15" count="26" type="stmt"/>
        <line num="16" count="26" type="stmt"/>
        <line num="17" count="26" type="stmt"/>
        <line num="18" count="26" type="stmt"/>
        <line num="19" count="26" type="stmt"/>
        <line num="20" count="26" type="stmt"/>
        <line num="21" count="26" type="stmt"/>
        <line num="22" count="26" type="stmt"/>
        <line num="23" count="26" type="stmt"/>
        <line num="25" count="26" type="stmt"/>
        <line num="26" count="26" type="stmt"/>
        <line num="28" count="26" type="stmt"/>
        <line num="29" count="15" type="stmt"/>
        <line num="30" count="15" type="stmt"/>
        <line num="31" count="11" type="stmt"/>
        <line num="32" count="11" type="stmt"/>
        <line num="33" count="11" type="stmt"/>
        <line num="34" count="11" type="stmt"/>
        <line num="35" count="11" type="stmt"/>
        <line num="36" count="11" type="stmt"/>
        <line num="38" count="3" type="stmt"/>
        <line num="39" count="3" type="stmt"/>
        <line num="43" count="26" type="stmt"/>
        <line num="44" count="13" type="stmt"/>
        <line num="48" count="26" type="stmt"/>
        <line num="49" count="13" type="stmt"/>
        <line num="50" count="2" type="stmt"/>
        <line num="52" count="13" type="stmt"/>
        <line num="55" count="26" type="stmt"/>
        <line num="56" count="13" type="stmt"/>
        <line num="57" count="13" type="stmt"/>
        <line num="58" count="13" type="stmt"/>
        <line num="59" count="13" type="stmt"/>
        <line num="60" count="13" type="stmt"/>
        <line num="62" count="1" type="stmt"/>
        <line num="64" count="13" type="stmt"/>
        <line num="67" count="13" type="stmt"/>
        <line num="70" count="26" type="stmt"/>
        <line num="71" count="1" type="stmt"/>
        <line num="72" count="1" type="stmt"/>
        <line num="73" count="1" type="stmt"/>
        <line num="74" count="1" type="stmt"/>
        <line num="75" count="1" type="stmt"/>
        <line num="76" count="1" type="stmt"/>
        <line num="77" count="1" type="stmt"/>
        <line num="80" count="0" type="stmt"/>
        <line num="85" count="26" type="cond" truecount="1" falsecount="1"/>
        <line num="88" count="26" type="stmt"/>
        <line num="90" count="11" type="stmt"/>
        <line num="91" count="11" type="stmt"/>
        <line num="93" count="11" type="stmt"/>
        <line num="95" count="11" type="stmt"/>
        <line num="104" count="26" type="stmt"/>
        <line num="134" count="11" type="stmt"/>
        <line num="250" count="43" type="stmt"/>
        <line num="254" count="1" type="cond" truecount="1" falsecount="1"/>
      </file>
      <file name="Profile.jsx" path="/Users/tch432/Documents/Project/SkyProjectGroup5/react-frontend/src/screens/Profile.jsx">
        <metrics statements="44" coveredstatements="40" conditionals="16" coveredconditionals="13" methods="15" coveredmethods="12"/>
        <line num="13" count="2" type="stmt"/>
        <line num="14" count="11" type="stmt"/>
        <line num="15" count="11" type="stmt"/>
        <line num="16" count="11" type="stmt"/>
        <line num="17" count="11" type="stmt"/>
        <line num="18" count="11" type="stmt"/>
        <line num="20" count="11" type="stmt"/>
        <line num="23" count="11" type="stmt"/>
        <line num="24" count="4" type="stmt"/>
        <line num="26" count="4" type="stmt"/>
        <line num="27" count="4" type="stmt"/>
        <line num="28" count="4" type="cond" truecount="2" falsecount="2"/>
        <line num="31" count="0" type="stmt"/>
        <line num="35" count="11" type="stmt"/>
        <line num="36" count="2" type="stmt"/>
        <line num="38" count="2" type="stmt"/>
        <line num="41" count="0" type="stmt"/>
        <line num="46" count="11" type="stmt"/>
        <line num="47" count="2" type="cond" truecount="2" falsecount="0"/>
        <line num="48" count="1" type="stmt"/>
        <line num="49" count="1" type="stmt"/>
        <line num="50" count="1" type="stmt"/>
        <line num="52" count="1" type="stmt"/>
        <line num="55" count="0" type="stmt"/>
        <line num="62" count="11" type="stmt"/>
        <line num="63" count="1" type="stmt"/>
        <line num="64" count="1" type="cond" truecount="1" falsecount="1"/>
        <line num="65" count="1" type="stmt"/>
        <line num="66" count="1" type="stmt"/>
        <line num="69" count="1" type="stmt"/>
        <line num="70" count="1" type="stmt"/>
        <line num="72" count="1" type="stmt"/>
        <line num="73" count="1" type="stmt"/>
        <line num="74" count="1" type="stmt"/>
        <line num="79" count="1" type="stmt"/>
        <line num="81" count="0" type="stmt"/>
        <line num="87" count="11" type="stmt"/>
        <line num="88" count="4" type="stmt"/>
        <line num="91" count="11" type="stmt"/>
        <line num="92" count="2" type="stmt"/>
        <line num="95" count="11" type="stmt"/>
        <line num="96" count="11" type="stmt"/>
        <line num="170" count="2" type="stmt"/>
        <line num="171" count="2" type="stmt"/>
      </file>
      <file name="Questionnaire.jsx" path="/Users/tch432/Documents/Project/SkyProjectGroup5/react-frontend/src/screens/Questionnaire.jsx">
        <metrics statements="20" coveredstatements="20" conditionals="6" coveredconditionals="4" methods="2" coveredmethods="2"/>
        <line num="11" count="2" type="stmt"/>
        <line num="12" count="21" type="stmt"/>
        <line num="14" count="21" type="stmt"/>
        <line num="15" count="21" type="stmt"/>
        <line num="16" count="21" type="stmt"/>
        <line num="18" count="21" type="stmt"/>
        <line num="19" count="2" type="stmt"/>
        <line num="20" count="2" type="stmt"/>
        <line num="22" count="2" type="stmt"/>
        <line num="23" count="2" type="stmt"/>
        <line num="24" count="2" type="stmt"/>
        <line num="25" count="2" type="stmt"/>
        <line num="30" count="1" type="stmt"/>
        <line num="31" count="1" type="cond" truecount="1" falsecount="1"/>
        <line num="32" count="1" type="stmt"/>
        <line num="35" count="1" type="stmt"/>
        <line num="36" count="1" type="stmt"/>
        <line num="38" count="1" type="stmt"/>
        <line num="39" count="1" type="cond" truecount="1" falsecount="1"/>
        <line num="43" count="21" type="stmt"/>
      </file>
      <file name="SignIn.jsx" path="/Users/tch432/Documents/Project/SkyProjectGroup5/react-frontend/src/screens/SignIn.jsx">
        <metrics statements="44" coveredstatements="40" conditionals="14" coveredconditionals="9" methods="8" coveredmethods="7"/>
        <line num="12" count="2" type="stmt"/>
        <line num="13" count="15" type="stmt"/>
        <line num="14" count="15" type="stmt"/>
        <line num="15" count="15" type="stmt"/>
        <line num="16" count="15" type="stmt"/>
        <line num="17" count="15" type="stmt"/>
        <line num="18" count="15" type="stmt"/>
        <line num="20" count="15" type="stmt"/>
        <line num="21" count="15" type="stmt"/>
        <line num="23" count="15" type="stmt"/>
        <line num="24" count="15" type="stmt"/>
        <line num="27" count="15" type="stmt"/>
        <line num="28" count="3" type="stmt"/>
        <line num="29" count="3" type="stmt"/>
        <line num="31" count="3" type="stmt"/>
        <line num="35" count="3" type="stmt"/>
        <line num="37" count="3" type="cond" truecount="2" falsecount="0"/>
        <line num="38" count="1" type="stmt"/>
        <line num="39" count="1" type="stmt"/>
        <line num="40" count="1" type="stmt"/>
        <line num="43" count="2" type="cond" truecount="1" falsecount="1"/>
        <line num="44" count="0" type="stmt"/>
        <line num="45" count="0" type="stmt"/>
        <line num="46" count="0" type="stmt"/>
        <line num="49" count="2" type="stmt"/>
        <line num="51" count="2" type="stmt"/>
        <line num="53" count="2" type="stmt"/>
        <line num="55" count="1" type="stmt"/>
        <line num="56" count="1" type="cond" truecount="1" falsecount="1"/>
        <line num="57" count="1" type="stmt"/>
        <line num="60" count="1" type="cond" truecount="1" falsecount="1"/>
        <line num="61" count="1" type="stmt"/>
        <line num="62" count="1" type="stmt"/>
        <line num="63" count="1" type="stmt"/>
        <line num="64" count="1" type="stmt"/>
        <line num="66" count="1" type="stmt"/>
        <line num="70" count="15" type="stmt"/>
        <line num="71" count="1" type="stmt"/>
        <line num="74" count="15" type="stmt"/>
        <line num="120" count="3" type="stmt"/>
        <line num="130" count="0" type="stmt"/>
        <line num="135" count="3" type="stmt"/>
        <line num="161" count="2" type="stmt"/>
        <line num="179" count="1" type="stmt"/>
      </file>
      <file name="SignUp.jsx" path="/Users/tch432/Documents/Project/SkyProjectGroup5/react-frontend/src/screens/SignUp.jsx">
        <metrics statements="87" coveredstatements="79" conditionals="32" coveredconditionals="22" methods="13" coveredmethods="11"/>
        <line num="11" count="3" type="stmt"/>
        <line num="12" count="79" type="stmt"/>
        <line num="13" count="79" type="stmt"/>
        <line num="14" count="79" type="stmt"/>
        <line num="15" count="79" type="stmt"/>
        <line num="16" count="79" type="stmt"/>
        <line num="18" count="79" type="stmt"/>
        <line num="19" count="79" type="stmt"/>
        <line num="20" count="79" type="stmt"/>
        <line num="21" count="79" type="stmt"/>
        <line num="22" count="79" type="stmt"/>
        <line num="23" count="79" type="stmt"/>
        <line num="24" count="79" type="stmt"/>
        <line num="25" count="79" type="stmt"/>
        <line num="27" count="79" type="stmt"/>
        <line num="28" count="79" type="stmt"/>
        <line num="31" count="79" type="stmt"/>
        <line num="32" count="79" type="stmt"/>
        <line num="34" count="79" type="stmt"/>
        <line num="35" count="79" type="stmt"/>
        <line num="39" count="79" type="stmt"/>
        <line num="40" count="11" type="stmt"/>
        <line num="42" count="11" type="cond" truecount="2" falsecount="0"/>
        <line num="43" count="3" type="stmt"/>
        <line num="45" count="3" type="stmt"/>
        <line num="46" count="3" type="stmt"/>
        <line num="48" count="8" type="cond" truecount="2" falsecount="0"/>
        <line num="49" count="1" type="stmt"/>
        <line num="51" count="1" type="stmt"/>
        <line num="52" count="1" type="stmt"/>
        <line num="54" count="7" type="cond" truecount="2" falsecount="0"/>
        <line num="55" count="1" type="stmt"/>
        <line num="58" count="1" type="stmt"/>
        <line num="59" count="1" type="stmt"/>
        <line num="60" count="1" type="stmt"/>
        <line num="63" count="6" type="cond" truecount="2" falsecount="0"/>
        <line num="64" count="1" type="stmt"/>
        <line num="66" count="1" type="stmt"/>
        <line num="70" count="1" type="stmt"/>
        <line num="71" count="1" type="stmt"/>
        <line num="74" count="5" type="cond" truecount="2" falsecount="0"/>
        <line num="75" count="1" type="stmt"/>
        <line num="76" count="1" type="stmt"/>
        <line num="77" count="1" type="stmt"/>
        <line num="81" count="1" type="stmt"/>
        <line num="82" count="1" type="stmt"/>
        <line num="84" count="4" type="stmt"/>
        <line num="91" count="4" type="stmt"/>
        <line num="93" count="4" type="stmt"/>
        <line num="94" count="4" type="stmt"/>
        <line num="96" count="2" type="stmt"/>
        <line num="97" count="2" type="cond" truecount="1" falsecount="1"/>
        <line num="98" count="2" type="stmt"/>
        <line num="99" count="2" type="stmt"/>
        <line num="103" count="2" type="cond" truecount="1" falsecount="1"/>
        <line num="104" count="2" type="cond" truecount="2" falsecount="0"/>
        <line num="106" count="1" type="stmt"/>
        <line num="107" count="1" type="stmt"/>
        <line num="108" count="1" type="stmt"/>
        <line num="109" count="1" type="stmt"/>
        <line num="110" count="1" type="stmt"/>
        <line num="111" count="1" type="stmt"/>
        <line num="113" count="1" type="cond" truecount="1" falsecount="1"/>
        <line num="115" count="1" type="stmt"/>
        <line num="116" count="1" type="stmt"/>
        <line num="117" count="1" type="stmt"/>
        <line num="118" count="1" type="stmt"/>
        <line num="119" count="1" type="stmt"/>
        <line num="120" count="1" type="stmt"/>
        <line num="121" count="1" type="stmt"/>
        <line num="123" count="0" type="cond" truecount="0" falsecount="2"/>
        <line num="125" count="0" type="stmt"/>
        <line num="126" count="0" type="stmt"/>
        <line num="127" count="0" type="stmt"/>
        <line num="128" count="0" type="stmt"/>
        <line num="129" count="0" type="stmt"/>
        <line num="132" count="2" type="stmt"/>
        <line num="136" count="79" type="stmt"/>
        <line num="183" count="11" type="stmt"/>
        <line num="193" count="11" type="stmt"/>
        <line num="205" count="11" type="stmt"/>
        <line num="215" count="0" type="stmt"/>
        <line num="219" count="11" type="stmt"/>
        <line num="229" count="0" type="stmt"/>
        <line num="233" count="11" type="stmt"/>
        <line num="250" count="7" type="stmt"/>
        <line num="259" count="1" type="stmt"/>
      </file>
      <file name="Stats.jsx" path="/Users/tch432/Documents/Project/SkyProjectGroup5/react-frontend/src/screens/Stats.jsx">
        <metrics statements="47" coveredstatements="47" conditionals="0" coveredconditionals="0" methods="6" coveredmethods="6"/>
        <line num="13" count="2" type="stmt"/>
        <line num="14" count="7" type="stmt"/>
        <line num="15" count="7" type="stmt"/>
        <line num="16" count="7" type="stmt"/>
        <line num="17" count="7" type="stmt"/>
        <line num="18" count="7" type="stmt"/>
        <line num="19" count="7" type="stmt"/>
        <line num="20" count="7" type="stmt"/>
        <line num="21" count="7" type="stmt"/>
        <line num="22" count="7" type="stmt"/>
        <line num="23" count="7" type="stmt"/>
        <line num="24" count="7" type="stmt"/>
        <line num="25" count="7" type="stmt"/>
        <line num="26" count="7" type="stmt"/>
        <line num="27" count="7" type="stmt"/>
        <line num="28" count="7" type="stmt"/>
        <line num="29" count="7" type="stmt"/>
        <line num="30" count="7" type="stmt"/>
        <line num="32" count="7" type="stmt"/>
        <line num="34" count="7" type="stmt"/>
        <line num="35" count="5" type="stmt"/>
        <line num="36" count="5" type="stmt"/>
        <line num="37" count="4" type="stmt"/>
        <line num="38" count="2" type="stmt"/>
        <line num="39" count="2" type="stmt"/>
        <line num="40" count="2" type="stmt"/>
        <line num="41" count="2" type="stmt"/>
        <line num="42" count="2" type="stmt"/>
        <line num="43" count="2" type="stmt"/>
        <line num="44" count="2" type="stmt"/>
        <line num="45" count="2" type="stmt"/>
        <line num="46" count="2" type="stmt"/>
        <line num="47" count="2" type="stmt"/>
        <line num="48" count="2" type="stmt"/>
        <line num="49" count="2" type="stmt"/>
        <line num="50" count="2" type="stmt"/>
        <line num="51" count="2" type="stmt"/>
        <line num="52" count="2" type="stmt"/>
        <line num="54" count="3" type="stmt"/>
        <line num="58" count="7" type="stmt"/>
        <line num="59" count="3" type="stmt"/>
        <line num="63" count="7" type="stmt"/>
        <line num="64" count="3" type="stmt"/>
        <line num="65" count="2" type="stmt"/>
        <line num="66" count="2" type="stmt"/>
        <line num="68" count="3" type="stmt"/>
        <line num="72" count="7" type="stmt"/>
      </file>
    </package>
  </project>
</coverage>
