{"/Users/tch432/Documents/Project/SkyProjectGroup5/react-frontend/src/App.js": {"path":"/Users/tch432/Documents/Project/SkyProjectGroup5/react-frontend/src/App.js","statementMap":{"0":{"start":{"line":14,"column":38},"end":{"line":14,"column":53}},"1":{"start":{"line":16,"column":2},"end":{"line":18,"column":19}},"2":{"start":{"line":17,"column":4},"end":{"line":17,"column":72}},"3":{"start":{"line":20,"column":2},"end":{"line":32,"column":4}}},"fnMap":{"0":{"name":"App","decl":{"start":{"line":13,"column":9},"end":{"line":13,"column":12}},"loc":{"start":{"line":13,"column":15},"end":{"line":33,"column":1}},"line":13},"1":{"name":"(anonymous_1)","decl":{"start":{"line":16,"column":12},"end":{"line":16,"column":13}},"loc":{"start":{"line":16,"column":18},"end":{"line":18,"column":3}},"line":16}},"branchMap":{},"s":{"0":9,"1":9,"2":9,"3":9},"f":{"0":9,"1":9},"b":{},"_coverageSchema":"1a1c01bbd47fc00a2c39e90264f33305004495a9","hash":"de32118f1f701ec503abb37923e1021857691830"}
,"/Users/tch432/Documents/Project/SkyProjectGroup5/react-frontend/src/index.js": {"path":"/Users/tch432/Documents/Project/SkyProjectGroup5/react-frontend/src/index.js","statementMap":{"0":{"start":{"line":7,"column":13},"end":{"line":7,"column":65}},"1":{"start":{"line":8,"column":0},"end":{"line":12,"column":2}}},"fnMap":{},"branchMap":{},"s":{"0":1,"1":1},"f":{},"b":{},"_coverageSchema":"1a1c01bbd47fc00a2c39e90264f33305004495a9","hash":"46bc620f30862a8a65aadf437b17b8ac7f5a871c"}
,"/Users/tch432/Documents/Project/SkyProjectGroup5/react-frontend/src/components/Avatar.jsx": {"path":"/Users/tch432/Documents/Project/SkyProjectGroup5/react-frontend/src/components/Avatar.jsx","statementMap":{"0":{"start":{"line":5,"column":15},"end":{"line":14,"column":1}},"1":{"start":{"line":6,"column":2},"end":{"line":13,"column":4}},"2":{"start":{"line":15,"column":0},"end":{"line":15,"column":54}},"3":{"start":{"line":17,"column":23},"end":{"line":26,"column":1}},"4":{"start":{"line":18,"column":2},"end":{"line":25,"column":4}},"5":{"start":{"line":27,"column":0},"end":{"line":27,"column":66}}},"fnMap":{"0":{"name":"(anonymous_0)","decl":{"start":{"line":5,"column":15},"end":{"line":5,"column":16}},"loc":{"start":{"line":6,"column":2},"end":{"line":13,"column":4}},"line":6},"1":{"name":"(anonymous_1)","decl":{"start":{"line":17,"column":23},"end":{"line":17,"column":24}},"loc":{"start":{"line":18,"column":2},"end":{"line":25,"column":4}},"line":18}},"branchMap":{},"s":{"0":5,"1":24,"2":5,"3":5,"4":23,"5":5},"f":{"0":24,"1":23},"b":{},"_coverageSchema":"1a1c01bbd47fc00a2c39e90264f33305004495a9","hash":"b7cf0fae3579041b5831d1d0562f4c7c3ac4597a"}
,"/Users/tch432/Documents/Project/SkyProjectGroup5/react-frontend/src/components/Button.jsx": {"path":"/Users/tch432/Documents/Project/SkyProjectGroup5/react-frontend/src/components/Button.jsx","statementMap":{"0":{"start":{"line":6,"column":23},"end":{"line":32,"column":1}},"1":{"start":{"line":34,"column":15},"end":{"line":43,"column":1}},"2":{"start":{"line":35,"column":17},"end":{"line":35,"column":42}},"3":{"start":{"line":36,"column":4},"end":{"line":42,"column":6}},"4":{"start":{"line":45,"column":0},"end":{"line":45,"column":30}}},"fnMap":{"0":{"name":"(anonymous_0)","decl":{"start":{"line":34,"column":15},"end":{"line":34,"column":16}},"loc":{"start":{"line":34,"column":81},"end":{"line":43,"column":1}},"line":34}},"branchMap":{"0":{"loc":{"start":{"line":34,"column":44},"end":{"line":34,"column":59}},"type":"default-arg","locations":[{"start":{"line":34,"column":54},"end":{"line":34,"column":59}}],"line":34},"1":{"loc":{"start":{"line":35,"column":17},"end":{"line":35,"column":42}},"type":"cond-expr","locations":[{"start":{"line":35,"column":27},"end":{"line":35,"column":31}},{"start":{"line":35,"column":34},"end":{"line":35,"column":42}}],"line":35}},"s":{"0":7,"1":7,"2":140,"3":140,"4":7},"f":{"0":140},"b":{"0":[140],"1":[0,140]},"_coverageSchema":"1a1c01bbd47fc00a2c39e90264f33305004495a9","hash":"6c5ca27b66da3afcaba409b21d61385d978a1eeb"}
,"/Users/tch432/Documents/Project/SkyProjectGroup5/react-frontend/src/components/CalendarHeatMap.jsx": {"path":"/Users/tch432/Documents/Project/SkyProjectGroup5/react-frontend/src/components/CalendarHeatMap.jsx","statementMap":{"0":{"start":{"line":6,"column":19},"end":{"line":11,"column":1}},"1":{"start":{"line":7,"column":15},"end":{"line":7,"column":33}},"2":{"start":{"line":8,"column":16},"end":{"line":8,"column":60}},"3":{"start":{"line":9,"column":14},"end":{"line":9,"column":53}},"4":{"start":{"line":10,"column":2},"end":{"line":10,"column":35}},"5":{"start":{"line":13,"column":22},"end":{"line":23,"column":1}},"6":{"start":{"line":14,"column":15},"end":{"line":14,"column":39}},"7":{"start":{"line":15,"column":16},"end":{"line":15,"column":37}},"8":{"start":{"line":16,"column":22},"end":{"line":16,"column":60}},"9":{"start":{"line":17,"column":21},"end":{"line":17,"column":23}},"10":{"start":{"line":18,"column":2},"end":{"line":21,"column":3}},"11":{"start":{"line":18,"column":15},"end":{"line":18,"column":16}},"12":{"start":{"line":19,"column":14},"end":{"line":19,"column":38}},"13":{"start":{"line":20,"column":4},"end":{"line":20,"column":35}},"14":{"start":{"line":22,"column":2},"end":{"line":22,"column":20}},"15":{"start":{"line":25,"column":28},"end":{"line":159,"column":1}},"16":{"start":{"line":26,"column":42},"end":{"line":26,"column":54}},"17":{"start":{"line":27,"column":42},"end":{"line":29,"column":3}},"18":{"start":{"line":31,"column":17},"end":{"line":31,"column":46}},"19":{"start":{"line":34,"column":16},"end":{"line":34,"column":26}},"20":{"start":{"line":35,"column":19},"end":{"line":35,"column":39}},"21":{"start":{"line":37,"column":24},"end":{"line":64,"column":34}},"22":{"start":{"line":38,"column":4},"end":{"line":63,"column":7}},"23":{"start":{"line":39,"column":23},"end":{"line":39,"column":50}},"24":{"start":{"line":40,"column":24},"end":{"line":40,"column":35}},"25":{"start":{"line":41,"column":22},"end":{"line":41,"column":51}},"26":{"start":{"line":43,"column":23},"end":{"line":49,"column":7}},"27":{"start":{"line":52,"column":21},"end":{"line":52,"column":47}},"28":{"start":{"line":53,"column":21},"end":{"line":58,"column":9}},"29":{"start":{"line":53,"column":52},"end":{"line":58,"column":7}},"30":{"start":{"line":60,"column":4},"end":{"line":60,"column":28}},"31":{"start":{"line":62,"column":8},"end":{"line":62,"column":63}},"32":{"start":{"line":66,"column":2},"end":{"line":68,"column":48}},"33":{"start":{"line":67,"column":6},"end":{"line":67,"column":22}},"34":{"start":{"line":70,"column":21},"end":{"line":77,"column":3}},"35":{"start":{"line":71,"column":4},"end":{"line":76,"column":7}},"36":{"start":{"line":72,"column":16},"end":{"line":72,"column":30}},"37":{"start":{"line":73,"column":6},"end":{"line":73,"column":35}},"38":{"start":{"line":74,"column":6},"end":{"line":74,"column":36}},"39":{"start":{"line":74,"column":24},"end":{"line":74,"column":36}},"40":{"start":{"line":75,"column":6},"end":{"line":75,"column":15}},"41":{"start":{"line":79,"column":21},"end":{"line":89,"column":3}},"42":{"start":{"line":80,"column":4},"end":{"line":88,"column":7}},"43":{"start":{"line":81,"column":16},"end":{"line":81,"column":30}},"44":{"start":{"line":82,"column":6},"end":{"line":82,"column":35}},"45":{"start":{"line":84,"column":8},"end":{"line":85,"column":84}},"46":{"start":{"line":86,"column":6},"end":{"line":86,"column":33}},"47":{"start":{"line":86,"column":21},"end":{"line":86,"column":33}},"48":{"start":{"line":87,"column":6},"end":{"line":87,"column":15}},"49":{"start":{"line":91,"column":25},"end":{"line":91,"column":59}},"50":{"start":{"line":93,"column":4},"end":{"line":94,"column":48}},"51":{"start":{"line":96,"column":1},"end":{"line":157,"column":2}},"52":{"start":{"line":138,"column":12},"end":{"line":138,"column":66}},"53":{"start":{"line":138,"column":45},"end":{"line":138,"column":66}},"54":{"start":{"line":139,"column":26},"end":{"line":139,"column":50}},"55":{"start":{"line":140,"column":26},"end":{"line":140,"column":49}},"56":{"start":{"line":141,"column":12},"end":{"line":141,"column":62}},"57":{"start":{"line":141,"column":28},"end":{"line":141,"column":62}},"58":{"start":{"line":142,"column":12},"end":{"line":142,"column":58}},"59":{"start":{"line":142,"column":34},"end":{"line":142,"column":58}},"60":{"start":{"line":143,"column":12},"end":{"line":143,"column":56}},"61":{"start":{"line":143,"column":33},"end":{"line":143,"column":56}},"62":{"start":{"line":144,"column":12},"end":{"line":144,"column":27}},"63":{"start":{"line":146,"column":40},"end":{"line":150,"column":11}}},"fnMap":{"0":{"name":"(anonymous_0)","decl":{"start":{"line":6,"column":19},"end":{"line":6,"column":20}},"loc":{"start":{"line":6,"column":29},"end":{"line":11,"column":1}},"line":6},"1":{"name":"(anonymous_1)","decl":{"start":{"line":13,"column":22},"end":{"line":13,"column":23}},"loc":{"start":{"line":13,"column":38},"end":{"line":23,"column":1}},"line":13},"2":{"name":"(anonymous_2)","decl":{"start":{"line":25,"column":28},"end":{"line":25,"column":29}},"loc":{"start":{"line":25,"column":60},"end":{"line":159,"column":1}},"line":25},"3":{"name":"(anonymous_3)","decl":{"start":{"line":37,"column":36},"end":{"line":37,"column":37}},"loc":{"start":{"line":37,"column":48},"end":{"line":64,"column":5}},"line":37},"4":{"name":"(anonymous_4)","decl":{"start":{"line":53,"column":34},"end":{"line":53,"column":35}},"loc":{"start":{"line":53,"column":52},"end":{"line":58,"column":7}},"line":53},"5":{"name":"(anonymous_5)","decl":{"start":{"line":66,"column":12},"end":{"line":66,"column":13}},"loc":{"start":{"line":66,"column":18},"end":{"line":68,"column":3}},"line":66},"6":{"name":"(anonymous_6)","decl":{"start":{"line":70,"column":21},"end":{"line":70,"column":22}},"loc":{"start":{"line":70,"column":27},"end":{"line":77,"column":3}},"line":70},"7":{"name":"(anonymous_7)","decl":{"start":{"line":71,"column":20},"end":{"line":71,"column":21}},"loc":{"start":{"line":71,"column":30},"end":{"line":76,"column":5}},"line":71},"8":{"name":"(anonymous_8)","decl":{"start":{"line":79,"column":21},"end":{"line":79,"column":22}},"loc":{"start":{"line":79,"column":27},"end":{"line":89,"column":3}},"line":79},"9":{"name":"(anonymous_9)","decl":{"start":{"line":80,"column":20},"end":{"line":80,"column":21}},"loc":{"start":{"line":80,"column":30},"end":{"line":88,"column":5}},"line":80},"10":{"name":"(anonymous_10)","decl":{"start":{"line":137,"column":25},"end":{"line":137,"column":26}},"loc":{"start":{"line":137,"column":36},"end":{"line":145,"column":11}},"line":137},"11":{"name":"(anonymous_11)","decl":{"start":{"line":146,"column":28},"end":{"line":146,"column":29}},"loc":{"start":{"line":146,"column":40},"end":{"line":150,"column":11}},"line":146}},"branchMap":{"0":{"loc":{"start":{"line":52,"column":21},"end":{"line":52,"column":47}},"type":"binary-expr","locations":[{"start":{"line":52,"column":21},"end":{"line":52,"column":41}},{"start":{"line":52,"column":45},"end":{"line":52,"column":47}}],"line":52},"1":{"loc":{"start":{"line":55,"column":15},"end":{"line":55,"column":32}},"type":"binary-expr","locations":[{"start":{"line":55,"column":15},"end":{"line":55,"column":27}},{"start":{"line":55,"column":31},"end":{"line":55,"column":32}}],"line":55},"2":{"loc":{"start":{"line":74,"column":6},"end":{"line":74,"column":36}},"type":"if","locations":[{"start":{"line":74,"column":6},"end":{"line":74,"column":36}},{"start":{},"end":{}}],"line":74},"3":{"loc":{"start":{"line":84,"column":8},"end":{"line":85,"column":84}},"type":"binary-expr","locations":[{"start":{"line":84,"column":8},"end":{"line":84,"column":45}},{"start":{"line":85,"column":9},"end":{"line":85,"column":48}},{"start":{"line":85,"column":52},"end":{"line":85,"column":83}}],"line":84},"4":{"loc":{"start":{"line":86,"column":6},"end":{"line":86,"column":33}},"type":"if","locations":[{"start":{"line":86,"column":6},"end":{"line":86,"column":33}},{"start":{},"end":{}}],"line":86},"5":{"loc":{"start":{"line":93,"column":4},"end":{"line":94,"column":48}},"type":"binary-expr","locations":[{"start":{"line":93,"column":4},"end":{"line":93,"column":54}},{"start":{"line":94,"column":4},"end":{"line":94,"column":48}}],"line":93},"6":{"loc":{"start":{"line":138,"column":12},"end":{"line":138,"column":66}},"type":"if","locations":[{"start":{"line":138,"column":12},"end":{"line":138,"column":66}},{"start":{},"end":{}}],"line":138},"7":{"loc":{"start":{"line":138,"column":16},"end":{"line":138,"column":43}},"type":"binary-expr","locations":[{"start":{"line":138,"column":16},"end":{"line":138,"column":22}},{"start":{"line":138,"column":26},"end":{"line":138,"column":43}}],"line":138},"8":{"loc":{"start":{"line":141,"column":12},"end":{"line":141,"column":62}},"type":"if","locations":[{"start":{"line":141,"column":12},"end":{"line":141,"column":62}},{"start":{},"end":{}}],"line":141},"9":{"loc":{"start":{"line":142,"column":12},"end":{"line":142,"column":58}},"type":"if","locations":[{"start":{"line":142,"column":12},"end":{"line":142,"column":58}},{"start":{},"end":{}}],"line":142},"10":{"loc":{"start":{"line":143,"column":12},"end":{"line":143,"column":56}},"type":"if","locations":[{"start":{"line":143,"column":12},"end":{"line":143,"column":56}},{"start":{},"end":{}}],"line":143},"11":{"loc":{"start":{"line":147,"column":24},"end":{"line":149,"column":25}},"type":"cond-expr","locations":[{"start":{"line":148,"column":16},"end":{"line":148,"column":58}},{"start":{"line":149,"column":16},"end":{"line":149,"column":25}}],"line":147}},"s":{"0":3,"1":121,"2":121,"3":121,"4":121,"5":3,"6":4,"7":4,"8":4,"9":4,"10":4,"11":4,"12":121,"13":121,"14":4,"15":3,"16":4,"17":4,"18":4,"19":4,"20":4,"21":4,"22":4,"23":4,"24":4,"25":4,"26":4,"27":4,"28":2,"29":60,"30":2,"31":2,"32":4,"33":4,"34":4,"35":1,"36":1,"37":1,"38":1,"39":0,"40":1,"41":4,"42":1,"43":1,"44":1,"45":1,"46":1,"47":0,"48":1,"49":4,"50":4,"51":4,"52":120,"53":118,"54":2,"55":2,"56":2,"57":0,"58":2,"59":2,"60":2,"61":0,"62":2,"63":120},"f":{"0":121,"1":4,"2":4,"3":4,"4":60,"5":4,"6":1,"7":1,"8":1,"9":1,"10":120,"11":120},"b":{"0":[4,0],"1":[60,59],"2":[0,1],"3":[1,1,1],"4":[0,1],"5":[4,4],"6":[118,2],"7":[120,60],"8":[0,2],"9":[2,0],"10":[0,2],"11":[60,60]},"_coverageSchema":"1a1c01bbd47fc00a2c39e90264f33305004495a9","hash":"f402a2b36afa40b54bfd6cc9910498a903c7ab07"}
,"/Users/tch432/Documents/Project/SkyProjectGroup5/react-frontend/src/components/Card.jsx": {"path":"/Users/tch432/Documents/Project/SkyProjectGroup5/react-frontend/src/components/Card.jsx","statementMap":{"0":{"start":{"line":4,"column":13},"end":{"line":13,"column":1}},"1":{"start":{"line":5,"column":2},"end":{"line":12,"column":4}},"2":{"start":{"line":14,"column":0},"end":{"line":14,"column":26}},"3":{"start":{"line":16,"column":20},"end":{"line":22,"column":1}},"4":{"start":{"line":17,"column":2},"end":{"line":21,"column":4}},"5":{"start":{"line":23,"column":0},"end":{"line":23,"column":40}}},"fnMap":{"0":{"name":"(anonymous_0)","decl":{"start":{"line":4,"column":13},"end":{"line":4,"column":14}},"loc":{"start":{"line":5,"column":2},"end":{"line":12,"column":4}},"line":5},"1":{"name":"(anonymous_1)","decl":{"start":{"line":16,"column":20},"end":{"line":16,"column":21}},"loc":{"start":{"line":17,"column":2},"end":{"line":21,"column":4}},"line":17}},"branchMap":{},"s":{"0":15,"1":188,"2":15,"3":15,"4":166,"5":15},"f":{"0":188,"1":166},"b":{},"_coverageSchema":"1a1c01bbd47fc00a2c39e90264f33305004495a9","hash":"b9d203f10c5ffdc13689cc24bdf2330668bf0c5e"}
,"/Users/tch432/Documents/Project/SkyProjectGroup5/react-frontend/src/components/ColourblindToggle.jsx": {"path":"/Users/tch432/Documents/Project/SkyProjectGroup5/react-frontend/src/components/ColourblindToggle.jsx","statementMap":{"0":{"start":{"line":2,"column":2},"end":{"line":10,"column":4}},"1":{"start":{"line":4,"column":17},"end":{"line":4,"column":43}}},"fnMap":{"0":{"name":"ColorblindToggle","decl":{"start":{"line":1,"column":9},"end":{"line":1,"column":25}},"loc":{"start":{"line":1,"column":57},"end":{"line":11,"column":1}},"line":1},"1":{"name":"(anonymous_1)","decl":{"start":{"line":4,"column":11},"end":{"line":4,"column":12}},"loc":{"start":{"line":4,"column":17},"end":{"line":4,"column":43}},"line":4}},"branchMap":{"0":{"loc":{"start":{"line":7,"column":3},"end":{"line":7,"column":68}},"type":"cond-expr","locations":[{"start":{"line":7,"column":16},"end":{"line":7,"column":41}},{"start":{"line":7,"column":44},"end":{"line":7,"column":68}}],"line":7}},"s":{"0":15,"1":3},"f":{"0":15,"1":3},"b":{"0":[2,13]},"_coverageSchema":"1a1c01bbd47fc00a2c39e90264f33305004495a9","hash":"5524cdaef6dbabde16577f3e6a573a7d56279981"}
,"/Users/tch432/Documents/Project/SkyProjectGroup5/react-frontend/src/components/FAQCard.jsx": {"path":"/Users/tch432/Documents/Project/SkyProjectGroup5/react-frontend/src/components/FAQCard.jsx","statementMap":{"0":{"start":{"line":3,"column":16},"end":{"line":39,"column":1}},"1":{"start":{"line":4,"column":26},"end":{"line":4,"column":41}},"2":{"start":{"line":5,"column":13},"end":{"line":5,"column":20}},"3":{"start":{"line":7,"column":2},"end":{"line":38,"column":4}},"4":{"start":{"line":12,"column":21},"end":{"line":12,"column":39}},"5":{"start":{"line":12,"column":36},"end":{"line":12,"column":38}}},"fnMap":{"0":{"name":"(anonymous_0)","decl":{"start":{"line":3,"column":16},"end":{"line":3,"column":17}},"loc":{"start":{"line":3,"column":42},"end":{"line":39,"column":1}},"line":3},"1":{"name":"(anonymous_1)","decl":{"start":{"line":12,"column":15},"end":{"line":12,"column":16}},"loc":{"start":{"line":12,"column":21},"end":{"line":12,"column":39}},"line":12},"2":{"name":"(anonymous_2)","decl":{"start":{"line":12,"column":29},"end":{"line":12,"column":30}},"loc":{"start":{"line":12,"column":36},"end":{"line":12,"column":38}},"line":12}},"branchMap":{"0":{"loc":{"start":{"line":23,"column":72},"end":{"line":23,"column":88}},"type":"cond-expr","locations":[{"start":{"line":23,"column":79},"end":{"line":23,"column":82}},{"start":{"line":23,"column":85},"end":{"line":23,"column":88}}],"line":23},"1":{"loc":{"start":{"line":32,"column":10},"end":{"line":32,"column":61}},"type":"cond-expr","locations":[{"start":{"line":32,"column":17},"end":{"line":32,"column":39}},{"start":{"line":32,"column":42},"end":{"line":32,"column":61}}],"line":32}},"s":{"0":2,"1":2,"2":2,"3":2,"4":1,"5":1},"f":{"0":2,"1":1,"2":1},"b":{"0":[1,1],"1":[1,1]},"_coverageSchema":"1a1c01bbd47fc00a2c39e90264f33305004495a9","hash":"9a3c8f0211139a0db2f7498ea9d08b62ab7b1556"}
,"/Users/tch432/Documents/Project/SkyProjectGroup5/react-frontend/src/components/FooterBanner.jsx": {"path":"/Users/tch432/Documents/Project/SkyProjectGroup5/react-frontend/src/components/FooterBanner.jsx","statementMap":{"0":{"start":{"line":5,"column":21},"end":{"line":69,"column":1}},"1":{"start":{"line":7,"column":22},"end":{"line":16,"column":3}},"2":{"start":{"line":18,"column":2},"end":{"line":68,"column":4}},"3":{"start":{"line":51,"column":16},"end":{"line":59,"column":20}}},"fnMap":{"0":{"name":"(anonymous_0)","decl":{"start":{"line":5,"column":21},"end":{"line":5,"column":22}},"loc":{"start":{"line":5,"column":40},"end":{"line":69,"column":1}},"line":5},"1":{"name":"(anonymous_1)","decl":{"start":{"line":50,"column":31},"end":{"line":50,"column":32}},"loc":{"start":{"line":51,"column":16},"end":{"line":59,"column":20}},"line":51}},"branchMap":{"0":{"loc":{"start":{"line":54,"column":26},"end":{"line":54,"column":74}},"type":"cond-expr","locations":[{"start":{"line":54,"column":56},"end":{"line":54,"column":64}},{"start":{"line":54,"column":67},"end":{"line":54,"column":74}}],"line":54},"1":{"loc":{"start":{"line":55,"column":23},"end":{"line":55,"column":79}},"type":"cond-expr","locations":[{"start":{"line":55,"column":53},"end":{"line":55,"column":74}},{"start":{"line":55,"column":77},"end":{"line":55,"column":79}}],"line":55}},"s":{"0":3,"1":6,"2":6,"3":48},"f":{"0":6,"1":48},"b":{"0":[48,0],"1":[48,0]},"_coverageSchema":"1a1c01bbd47fc00a2c39e90264f33305004495a9","hash":"41cda05373a1a075620a84339b4ac67da15be53f"}
,"/Users/tch432/Documents/Project/SkyProjectGroup5/react-frontend/src/components/GradientAccent.jsx": {"path":"/Users/tch432/Documents/Project/SkyProjectGroup5/react-frontend/src/components/GradientAccent.jsx","statementMap":{"0":{"start":{"line":4,"column":23},"end":{"line":13,"column":1}},"1":{"start":{"line":5,"column":2},"end":{"line":12,"column":4}}},"fnMap":{"0":{"name":"(anonymous_0)","decl":{"start":{"line":4,"column":23},"end":{"line":4,"column":24}},"loc":{"start":{"line":4,"column":42},"end":{"line":13,"column":1}},"line":4}},"branchMap":{},"s":{"0":3,"1":12},"f":{"0":12},"b":{},"_coverageSchema":"1a1c01bbd47fc00a2c39e90264f33305004495a9","hash":"cd52693a02c6c831bf91f541c17be95aaace99e3"}
,"/Users/tch432/Documents/Project/SkyProjectGroup5/react-frontend/src/components/HeaderBanner.jsx": {"path":"/Users/tch432/Documents/Project/SkyProjectGroup5/react-frontend/src/components/HeaderBanner.jsx","statementMap":{"0":{"start":{"line":5,"column":21},"end":{"line":72,"column":1}},"1":{"start":{"line":12,"column":20},"end":{"line":12,"column":45}},"2":{"start":{"line":14,"column":2},"end":{"line":71,"column":4}}},"fnMap":{"0":{"name":"(anonymous_0)","decl":{"start":{"line":5,"column":21},"end":{"line":5,"column":22}},"loc":{"start":{"line":11,"column":6},"end":{"line":72,"column":1}},"line":11}},"branchMap":{"0":{"loc":{"start":{"line":7,"column":2},"end":{"line":7,"column":15}},"type":"default-arg","locations":[{"start":{"line":7,"column":11},"end":{"line":7,"column":15}}],"line":7},"1":{"loc":{"start":{"line":8,"column":2},"end":{"line":8,"column":25}},"type":"default-arg","locations":[{"start":{"line":8,"column":21},"end":{"line":8,"column":25}}],"line":8},"2":{"loc":{"start":{"line":9,"column":2},"end":{"line":9,"column":20}},"type":"default-arg","locations":[{"start":{"line":9,"column":15},"end":{"line":9,"column":20}}],"line":9},"3":{"loc":{"start":{"line":10,"column":2},"end":{"line":10,"column":19}},"type":"default-arg","locations":[{"start":{"line":10,"column":15},"end":{"line":10,"column":19}}],"line":10},"4":{"loc":{"start":{"line":24,"column":9},"end":{"line":68,"column":9}},"type":"cond-expr","locations":[{"start":{"line":26,"column":10},"end":{"line":43,"column":13}},{"start":{"line":46,"column":10},"end":{"line":67,"column":13}}],"line":24},"5":{"loc":{"start":{"line":24,"column":9},"end":{"line":24,"column":32}},"type":"binary-expr","locations":[{"start":{"line":24,"column":9},"end":{"line":24,"column":19}},{"start":{"line":24,"column":23},"end":{"line":24,"column":32}}],"line":24},"6":{"loc":{"start":{"line":40,"column":17},"end":{"line":40,"column":53}},"type":"binary-expr","locations":[{"start":{"line":40,"column":17},"end":{"line":40,"column":33}},{"start":{"line":40,"column":37},"end":{"line":40,"column":53}}],"line":40},"7":{"loc":{"start":{"line":47,"column":13},"end":{"line":62,"column":13}},"type":"cond-expr","locations":[{"start":{"line":48,"column":12},"end":{"line":54,"column":19}},{"start":{"line":55,"column":12},"end":{"line":61,"column":18}}],"line":47},"8":{"loc":{"start":{"line":64,"column":13},"end":{"line":66,"column":13}},"type":"binary-expr","locations":[{"start":{"line":64,"column":13},"end":{"line":64,"column":19}},{"start":{"line":65,"column":14},"end":{"line":65,"column":76}}],"line":64}},"s":{"0":3,"1":6,"2":6},"f":{"0":6},"b":{"0":[0],"1":[6],"2":[6],"3":[6],"4":[0,6],"5":[6,6],"6":[0,0],"7":[6,0],"8":[6,6]},"_coverageSchema":"1a1c01bbd47fc00a2c39e90264f33305004495a9","hash":"49b620b0d512f0d6d9b574a7dfbd5532503e1ca9"}
,"/Users/tch432/Documents/Project/SkyProjectGroup5/react-frontend/src/components/Input.jsx": {"path":"/Users/tch432/Documents/Project/SkyProjectGroup5/react-frontend/src/components/Input.jsx","statementMap":{"0":{"start":{"line":5,"column":14},"end":{"line":92,"column":1}},"1":{"start":{"line":6,"column":38},"end":{"line":6,"column":53}},"2":{"start":{"line":7,"column":48},"end":{"line":7,"column":63}},"3":{"start":{"line":8,"column":21},"end":{"line":8,"column":66}},"4":{"start":{"line":9,"column":28},"end":{"line":9,"column":82}},"5":{"start":{"line":12,"column":22},"end":{"line":12,"column":31}},"6":{"start":{"line":13,"column":21},"end":{"line":13,"column":30}},"7":{"start":{"line":15,"column":4},"end":{"line":21,"column":5}},"8":{"start":{"line":16,"column":6},"end":{"line":16,"column":30}},"9":{"start":{"line":17,"column":6},"end":{"line":17,"column":29}},"10":{"start":{"line":18,"column":11},"end":{"line":21,"column":5}},"11":{"start":{"line":19,"column":6},"end":{"line":19,"column":30}},"12":{"start":{"line":20,"column":6},"end":{"line":20,"column":29}},"13":{"start":{"line":23,"column":4},"end":{"line":91,"column":6}},"14":{"start":{"line":56,"column":14},"end":{"line":56,"column":33}},"15":{"start":{"line":57,"column":14},"end":{"line":57,"column":38}},"16":{"start":{"line":58,"column":14},"end":{"line":58,"column":33}},"17":{"start":{"line":61,"column":14},"end":{"line":61,"column":34}},"18":{"start":{"line":62,"column":14},"end":{"line":62,"column":32}},"19":{"start":{"line":93,"column":0},"end":{"line":93,"column":28}}},"fnMap":{"0":{"name":"(anonymous_0)","decl":{"start":{"line":5,"column":14},"end":{"line":5,"column":15}},"loc":{"start":{"line":5,"column":124},"end":{"line":92,"column":1}},"line":5},"1":{"name":"(anonymous_1)","decl":{"start":{"line":55,"column":21},"end":{"line":55,"column":22}},"loc":{"start":{"line":55,"column":28},"end":{"line":59,"column":13}},"line":55},"2":{"name":"(anonymous_2)","decl":{"start":{"line":60,"column":20},"end":{"line":60,"column":21}},"loc":{"start":{"line":60,"column":27},"end":{"line":63,"column":13}},"line":60}},"branchMap":{"0":{"loc":{"start":{"line":8,"column":21},"end":{"line":8,"column":66}},"type":"binary-expr","locations":[{"start":{"line":8,"column":21},"end":{"line":8,"column":32}},{"start":{"line":8,"column":36},"end":{"line":8,"column":66}}],"line":8},"1":{"loc":{"start":{"line":9,"column":28},"end":{"line":9,"column":82}},"type":"binary-expr","locations":[{"start":{"line":9,"column":28},"end":{"line":9,"column":37}},{"start":{"line":9,"column":41},"end":{"line":9,"column":55}},{"start":{"line":9,"column":59},"end":{"line":9,"column":69}},{"start":{"line":9,"column":73},"end":{"line":9,"column":82}}],"line":9},"2":{"loc":{"start":{"line":15,"column":4},"end":{"line":21,"column":5}},"type":"if","locations":[{"start":{"line":15,"column":4},"end":{"line":21,"column":5}},{"start":{"line":18,"column":11},"end":{"line":21,"column":5}}],"line":15},"3":{"loc":{"start":{"line":18,"column":11},"end":{"line":21,"column":5}},"type":"if","locations":[{"start":{"line":18,"column":11},"end":{"line":21,"column":5}},{"start":{},"end":{}}],"line":18},"4":{"loc":{"start":{"line":18,"column":15},"end":{"line":18,"column":42}},"type":"binary-expr","locations":[{"start":{"line":18,"column":15},"end":{"line":18,"column":29}},{"start":{"line":18,"column":33},"end":{"line":18,"column":42}}],"line":18},"5":{"loc":{"start":{"line":26,"column":11},"end":{"line":39,"column":11}},"type":"binary-expr","locations":[{"start":{"line":26,"column":11},"end":{"line":26,"column":16}},{"start":{"line":27,"column":12},"end":{"line":38,"column":20}}],"line":26},"6":{"loc":{"start":{"line":32,"column":18},"end":{"line":32,"column":124}},"type":"cond-expr","locations":[{"start":{"line":32,"column":63},"end":{"line":32,"column":83}},{"start":{"line":32,"column":86},"end":{"line":32,"column":124}}],"line":32},"7":{"loc":{"start":{"line":32,"column":18},"end":{"line":32,"column":60}},"type":"binary-expr","locations":[{"start":{"line":32,"column":18},"end":{"line":32,"column":27}},{"start":{"line":32,"column":31},"end":{"line":32,"column":42}},{"start":{"line":32,"column":46},"end":{"line":32,"column":60}}],"line":32},"8":{"loc":{"start":{"line":50,"column":27},"end":{"line":50,"column":52}},"type":"cond-expr","locations":[{"start":{"line":50,"column":39},"end":{"line":50,"column":44}},{"start":{"line":50,"column":47},"end":{"line":50,"column":52}}],"line":50},"9":{"loc":{"start":{"line":66,"column":11},"end":{"line":75,"column":9}},"type":"binary-expr","locations":[{"start":{"line":66,"column":11},"end":{"line":66,"column":29}},{"start":{"line":67,"column":10},"end":{"line":74,"column":19}}],"line":66},"10":{"loc":{"start":{"line":71,"column":24},"end":{"line":71,"column":79}},"type":"cond-expr","locations":[{"start":{"line":71,"column":46},"end":{"line":71,"column":61}},{"start":{"line":71,"column":64},"end":{"line":71,"column":79}}],"line":71},"11":{"loc":{"start":{"line":73,"column":13},"end":{"line":73,"column":61}},"type":"cond-expr","locations":[{"start":{"line":73,"column":35},"end":{"line":73,"column":44}},{"start":{"line":73,"column":47},"end":{"line":73,"column":61}}],"line":73},"12":{"loc":{"start":{"line":80,"column":14},"end":{"line":82,"column":52}},"type":"cond-expr","locations":[{"start":{"line":81,"column":18},"end":{"line":81,"column":53}},{"start":{"line":82,"column":18},"end":{"line":82,"column":52}}],"line":80}},"s":{"0":3,"1":4,"2":4,"3":4,"4":4,"5":4,"6":4,"7":4,"8":1,"9":1,"10":3,"11":1,"12":1,"13":4,"14":1,"15":1,"16":1,"17":1,"18":1,"19":3},"f":{"0":4,"1":1,"2":1},"b":{"0":[4,0],"1":[4,0,0,0],"2":[1,3],"3":[1,2],"4":[3,1],"5":[4,4],"6":[2,2],"7":[4,3,3],"8":[1,3],"9":[4,0],"10":[0,0],"11":[0,0],"12":[0,4]},"_coverageSchema":"1a1c01bbd47fc00a2c39e90264f33305004495a9","hash":"b6c4ce1a0dd4e43e256ae04c875744156e503142"}
,"/Users/tch432/Documents/Project/SkyProjectGroup5/react-frontend/src/components/MultipleRadioQuestion.jsx": {"path":"/Users/tch432/Documents/Project/SkyProjectGroup5/react-frontend/src/components/MultipleRadioQuestion.jsx","statementMap":{"0":{"start":{"line":4,"column":28},"end":{"line":43,"column":1}},"1":{"start":{"line":5,"column":23},"end":{"line":13,"column":3}},"2":{"start":{"line":6,"column":4},"end":{"line":12,"column":5}},"3":{"start":{"line":8,"column":6},"end":{"line":8,"column":53}},"4":{"start":{"line":8,"column":39},"end":{"line":8,"column":50}},"5":{"start":{"line":11,"column":6},"end":{"line":11,"column":38}},"6":{"start":{"line":15,"column":2},"end":{"line":42,"column":4}},"7":{"start":{"line":23,"column":12},"end":{"line":37,"column":20}},"8":{"start":{"line":31,"column":32},"end":{"line":31,"column":58}}},"fnMap":{"0":{"name":"(anonymous_0)","decl":{"start":{"line":4,"column":28},"end":{"line":4,"column":29}},"loc":{"start":{"line":4,"column":81},"end":{"line":43,"column":1}},"line":4},"1":{"name":"(anonymous_1)","decl":{"start":{"line":5,"column":23},"end":{"line":5,"column":24}},"loc":{"start":{"line":5,"column":34},"end":{"line":13,"column":3}},"line":5},"2":{"name":"(anonymous_2)","decl":{"start":{"line":8,"column":32},"end":{"line":8,"column":33}},"loc":{"start":{"line":8,"column":39},"end":{"line":8,"column":50}},"line":8},"3":{"name":"(anonymous_3)","decl":{"start":{"line":22,"column":23},"end":{"line":22,"column":24}},"loc":{"start":{"line":23,"column":12},"end":{"line":37,"column":20}},"line":23},"4":{"name":"(anonymous_4)","decl":{"start":{"line":31,"column":26},"end":{"line":31,"column":27}},"loc":{"start":{"line":31,"column":32},"end":{"line":31,"column":58}},"line":31}},"branchMap":{"0":{"loc":{"start":{"line":4,"column":40},"end":{"line":4,"column":52}},"type":"default-arg","locations":[{"start":{"line":4,"column":50},"end":{"line":4,"column":52}}],"line":4},"1":{"loc":{"start":{"line":6,"column":4},"end":{"line":12,"column":5}},"type":"if","locations":[{"start":{"line":6,"column":4},"end":{"line":12,"column":5}},{"start":{"line":9,"column":11},"end":{"line":12,"column":5}}],"line":6}},"s":{"0":3,"1":4,"2":4,"3":1,"4":1,"5":3,"6":4,"7":8,"8":4},"f":{"0":4,"1":4,"2":1,"3":8,"4":4},"b":{"0":[0],"1":[1,3]},"_coverageSchema":"1a1c01bbd47fc00a2c39e90264f33305004495a9","hash":"ce57336f2b03ed80855d07efc97787d7aec09f74"}
,"/Users/tch432/Documents/Project/SkyProjectGroup5/react-frontend/src/components/MyPieChart.jsx": {"path":"/Users/tch432/Documents/Project/SkyProjectGroup5/react-frontend/src/components/MyPieChart.jsx","statementMap":{"0":{"start":{"line":5,"column":23},"end":{"line":5,"column":100}},"1":{"start":{"line":7,"column":26},"end":{"line":15,"column":1}},"2":{"start":{"line":18,"column":40},"end":{"line":18,"column":67}},"3":{"start":{"line":20,"column":2},"end":{"line":24,"column":9}},"4":{"start":{"line":21,"column":25},"end":{"line":21,"column":64}},"5":{"start":{"line":21,"column":31},"end":{"line":21,"column":64}},"6":{"start":{"line":22,"column":4},"end":{"line":22,"column":52}},"7":{"start":{"line":23,"column":4},"end":{"line":23,"column":68}},"8":{"start":{"line":23,"column":17},"end":{"line":23,"column":67}},"9":{"start":{"line":26,"column":22},"end":{"line":26,"column":50}},"10":{"start":{"line":27,"column":17},"end":{"line":27,"column":46}},"11":{"start":{"line":29,"column":15},"end":{"line":37,"column":3}},"12":{"start":{"line":40,"column":17},"end":{"line":40,"column":64}},"13":{"start":{"line":42,"column":2},"end":{"line":61,"column":4}},"14":{"start":{"line":54,"column":12},"end":{"line":54,"column":79}}},"fnMap":{"0":{"name":"MyPieChart","decl":{"start":{"line":17,"column":9},"end":{"line":17,"column":19}},"loc":{"start":{"line":17,"column":135},"end":{"line":62,"column":1}},"line":17},"1":{"name":"(anonymous_1)","decl":{"start":{"line":20,"column":12},"end":{"line":20,"column":13}},"loc":{"start":{"line":20,"column":18},"end":{"line":24,"column":3}},"line":20},"2":{"name":"(anonymous_2)","decl":{"start":{"line":21,"column":25},"end":{"line":21,"column":26}},"loc":{"start":{"line":21,"column":31},"end":{"line":21,"column":64}},"line":21},"3":{"name":"(anonymous_3)","decl":{"start":{"line":23,"column":11},"end":{"line":23,"column":12}},"loc":{"start":{"line":23,"column":17},"end":{"line":23,"column":67}},"line":23},"4":{"name":"(anonymous_4)","decl":{"start":{"line":53,"column":20},"end":{"line":53,"column":21}},"loc":{"start":{"line":54,"column":12},"end":{"line":54,"column":79}},"line":54}},"branchMap":{"0":{"loc":{"start":{"line":26,"column":22},"end":{"line":26,"column":50}},"type":"cond-expr","locations":[{"start":{"line":26,"column":42},"end":{"line":26,"column":44}},{"start":{"line":26,"column":47},"end":{"line":26,"column":50}}],"line":26},"1":{"loc":{"start":{"line":27,"column":17},"end":{"line":27,"column":46}},"type":"cond-expr","locations":[{"start":{"line":27,"column":37},"end":{"line":27,"column":40}},{"start":{"line":27,"column":43},"end":{"line":27,"column":46}}],"line":27},"2":{"loc":{"start":{"line":40,"column":17},"end":{"line":40,"column":64}},"type":"cond-expr","locations":[{"start":{"line":40,"column":30},"end":{"line":40,"column":47}},{"start":{"line":40,"column":50},"end":{"line":40,"column":64}}],"line":40}},"s":{"0":2,"1":2,"2":1,"3":1,"4":1,"5":0,"6":1,"7":1,"8":1,"9":1,"10":1,"11":1,"12":1,"13":1,"14":5},"f":{"0":1,"1":1,"2":0,"3":1,"4":5},"b":{"0":[0,1],"1":[0,1],"2":[0,1]},"_coverageSchema":"1a1c01bbd47fc00a2c39e90264f33305004495a9","hash":"8d368acb4fc019ba929e0e69b6ab7df851b2de0b"}
,"/Users/tch432/Documents/Project/SkyProjectGroup5/react-frontend/src/components/Navbar.jsx": {"path":"/Users/tch432/Documents/Project/SkyProjectGroup5/react-frontend/src/components/Navbar.jsx","statementMap":{"0":{"start":{"line":9,"column":15},"end":{"line":190,"column":1}},"1":{"start":{"line":10,"column":34},"end":{"line":10,"column":49}},"2":{"start":{"line":11,"column":36},"end":{"line":11,"column":48}},"3":{"start":{"line":12,"column":42},"end":{"line":12,"column":54}},"4":{"start":{"line":13,"column":33},"end":{"line":13,"column":45}},"5":{"start":{"line":14,"column":29},"end":{"line":14,"column":41}},"6":{"start":{"line":15,"column":35},"end":{"line":15,"column":47}},"7":{"start":{"line":16,"column":38},"end":{"line":16,"column":53}},"8":{"start":{"line":18,"column":19},"end":{"line":18,"column":32}},"9":{"start":{"line":19,"column":17},"end":{"line":19,"column":46}},"10":{"start":{"line":22,"column":24},"end":{"line":30,"column":3}},"11":{"start":{"line":23,"column":4},"end":{"line":29,"column":9}},"12":{"start":{"line":25,"column":8},"end":{"line":25,"column":44}},"13":{"start":{"line":28,"column":8},"end":{"line":28,"column":58}},"14":{"start":{"line":32,"column":28},"end":{"line":40,"column":3}},"15":{"start":{"line":33,"column":4},"end":{"line":39,"column":5}},"16":{"start":{"line":34,"column":23},"end":{"line":34,"column":98}},"17":{"start":{"line":35,"column":6},"end":{"line":35,"column":68}},"18":{"start":{"line":35,"column":52},"end":{"line":35,"column":65}},"19":{"start":{"line":36,"column":6},"end":{"line":36,"column":67}},"20":{"start":{"line":36,"column":49},"end":{"line":36,"column":64}},"21":{"start":{"line":38,"column":6},"end":{"line":38,"column":65}},"22":{"start":{"line":42,"column":30},"end":{"line":50,"column":3}},"23":{"start":{"line":43,"column":4},"end":{"line":49,"column":5}},"24":{"start":{"line":44,"column":23},"end":{"line":44,"column":98}},"25":{"start":{"line":45,"column":6},"end":{"line":45,"column":65}},"26":{"start":{"line":45,"column":49},"end":{"line":45,"column":62}},"27":{"start":{"line":46,"column":6},"end":{"line":46,"column":64}},"28":{"start":{"line":46,"column":46},"end":{"line":46,"column":61}},"29":{"start":{"line":48,"column":6},"end":{"line":48,"column":62}},"30":{"start":{"line":52,"column":29},"end":{"line":66,"column":3}},"31":{"start":{"line":53,"column":4},"end":{"line":65,"column":5}},"32":{"start":{"line":54,"column":6},"end":{"line":54,"column":36}},"33":{"start":{"line":55,"column":6},"end":{"line":59,"column":8}},"34":{"start":{"line":60,"column":6},"end":{"line":60,"column":34}},"35":{"start":{"line":62,"column":6},"end":{"line":62,"column":59}},"36":{"start":{"line":64,"column":6},"end":{"line":64,"column":60}},"37":{"start":{"line":68,"column":24},"end":{"line":76,"column":1}},"38":{"start":{"line":69,"column":2},"end":{"line":75,"column":3}},"39":{"start":{"line":70,"column":4},"end":{"line":70,"column":34}},"40":{"start":{"line":71,"column":4},"end":{"line":71,"column":78}},"41":{"start":{"line":72,"column":4},"end":{"line":72,"column":18}},"42":{"start":{"line":74,"column":4},"end":{"line":74,"column":47}},"43":{"start":{"line":78,"column":1},"end":{"line":81,"column":18}},"44":{"start":{"line":79,"column":2},"end":{"line":79,"column":22}},"45":{"start":{"line":80,"column":2},"end":{"line":80,"column":24}},"46":{"start":{"line":83,"column":2},"end":{"line":85,"column":9}},"47":{"start":{"line":84,"column":4},"end":{"line":84,"column":20}},"48":{"start":{"line":87,"column":20},"end":{"line":91,"column":3}},"49":{"start":{"line":88,"column":35},"end":{"line":88,"column":53}},"50":{"start":{"line":89,"column":41},"end":{"line":89,"column":63}},"51":{"start":{"line":90,"column":42},"end":{"line":90,"column":60}},"52":{"start":{"line":93,"column":20},"end":{"line":96,"column":3}},"53":{"start":{"line":94,"column":38},"end":{"line":94,"column":58}},"54":{"start":{"line":98,"column":2},"end":{"line":189,"column":4}},"55":{"start":{"line":105,"column":12},"end":{"line":112,"column":21}},"56":{"start":{"line":121,"column":25},"end":{"line":121,"column":44}},"57":{"start":{"line":130,"column":12},"end":{"line":137,"column":21}},"58":{"start":{"line":143,"column":25},"end":{"line":143,"column":47}},"59":{"start":{"line":157,"column":14},"end":{"line":167,"column":23}},"60":{"start":{"line":162,"column":18},"end":{"line":162,"column":33}},"61":{"start":{"line":163,"column":18},"end":{"line":163,"column":37}},"62":{"start":{"line":178,"column":10},"end":{"line":178,"column":31}},"63":{"start":{"line":180,"column":10},"end":{"line":180,"column":64}}},"fnMap":{"0":{"name":"(anonymous_0)","decl":{"start":{"line":9,"column":15},"end":{"line":9,"column":16}},"loc":{"start":{"line":9,"column":21},"end":{"line":190,"column":1}},"line":9},"1":{"name":"(anonymous_1)","decl":{"start":{"line":22,"column":24},"end":{"line":22,"column":25}},"loc":{"start":{"line":22,"column":36},"end":{"line":30,"column":3}},"line":22},"2":{"name":"(anonymous_2)","decl":{"start":{"line":24,"column":12},"end":{"line":24,"column":13}},"loc":{"start":{"line":24,"column":24},"end":{"line":26,"column":7}},"line":24},"3":{"name":"(anonymous_3)","decl":{"start":{"line":27,"column":13},"end":{"line":27,"column":14}},"loc":{"start":{"line":27,"column":22},"end":{"line":29,"column":7}},"line":27},"4":{"name":"(anonymous_4)","decl":{"start":{"line":32,"column":28},"end":{"line":32,"column":29}},"loc":{"start":{"line":32,"column":40},"end":{"line":40,"column":3}},"line":32},"5":{"name":"(anonymous_5)","decl":{"start":{"line":35,"column":40},"end":{"line":35,"column":41}},"loc":{"start":{"line":35,"column":52},"end":{"line":35,"column":65}},"line":35},"6":{"name":"(anonymous_6)","decl":{"start":{"line":36,"column":37},"end":{"line":36,"column":38}},"loc":{"start":{"line":36,"column":49},"end":{"line":36,"column":64}},"line":36},"7":{"name":"(anonymous_7)","decl":{"start":{"line":42,"column":30},"end":{"line":42,"column":31}},"loc":{"start":{"line":42,"column":42},"end":{"line":50,"column":3}},"line":42},"8":{"name":"(anonymous_8)","decl":{"start":{"line":45,"column":37},"end":{"line":45,"column":38}},"loc":{"start":{"line":45,"column":49},"end":{"line":45,"column":62}},"line":45},"9":{"name":"(anonymous_9)","decl":{"start":{"line":46,"column":34},"end":{"line":46,"column":35}},"loc":{"start":{"line":46,"column":46},"end":{"line":46,"column":61}},"line":46},"10":{"name":"(anonymous_10)","decl":{"start":{"line":52,"column":29},"end":{"line":52,"column":30}},"loc":{"start":{"line":52,"column":49},"end":{"line":66,"column":3}},"line":52},"11":{"name":"(anonymous_11)","decl":{"start":{"line":68,"column":24},"end":{"line":68,"column":25}},"loc":{"start":{"line":68,"column":36},"end":{"line":76,"column":1}},"line":68},"12":{"name":"(anonymous_12)","decl":{"start":{"line":78,"column":11},"end":{"line":78,"column":12}},"loc":{"start":{"line":78,"column":17},"end":{"line":81,"column":2}},"line":78},"13":{"name":"(anonymous_13)","decl":{"start":{"line":83,"column":12},"end":{"line":83,"column":13}},"loc":{"start":{"line":83,"column":18},"end":{"line":85,"column":3}},"line":83},"14":{"name":"(anonymous_14)","decl":{"start":{"line":88,"column":29},"end":{"line":88,"column":30}},"loc":{"start":{"line":88,"column":35},"end":{"line":88,"column":53}},"line":88},"15":{"name":"(anonymous_15)","decl":{"start":{"line":89,"column":35},"end":{"line":89,"column":36}},"loc":{"start":{"line":89,"column":41},"end":{"line":89,"column":63}},"line":89},"16":{"name":"(anonymous_16)","decl":{"start":{"line":90,"column":36},"end":{"line":90,"column":37}},"loc":{"start":{"line":90,"column":42},"end":{"line":90,"column":60}},"line":90},"17":{"name":"(anonymous_17)","decl":{"start":{"line":94,"column":32},"end":{"line":94,"column":33}},"loc":{"start":{"line":94,"column":38},"end":{"line":94,"column":58}},"line":94},"18":{"name":"(anonymous_18)","decl":{"start":{"line":104,"column":25},"end":{"line":104,"column":26}},"loc":{"start":{"line":105,"column":12},"end":{"line":112,"column":21}},"line":105},"19":{"name":"(anonymous_19)","decl":{"start":{"line":121,"column":19},"end":{"line":121,"column":20}},"loc":{"start":{"line":121,"column":25},"end":{"line":121,"column":44}},"line":121},"20":{"name":"(anonymous_20)","decl":{"start":{"line":129,"column":25},"end":{"line":129,"column":26}},"loc":{"start":{"line":130,"column":12},"end":{"line":137,"column":21}},"line":130},"21":{"name":"(anonymous_21)","decl":{"start":{"line":143,"column":19},"end":{"line":143,"column":20}},"loc":{"start":{"line":143,"column":25},"end":{"line":143,"column":47}},"line":143},"22":{"name":"(anonymous_22)","decl":{"start":{"line":156,"column":46},"end":{"line":156,"column":47}},"loc":{"start":{"line":157,"column":14},"end":{"line":167,"column":23}},"line":157},"23":{"name":"(anonymous_23)","decl":{"start":{"line":161,"column":25},"end":{"line":161,"column":26}},"loc":{"start":{"line":161,"column":31},"end":{"line":164,"column":17}},"line":161},"24":{"name":"(anonymous_24)","decl":{"start":{"line":176,"column":17},"end":{"line":176,"column":18}},"loc":{"start":{"line":176,"column":23},"end":{"line":181,"column":9}},"line":176}},"branchMap":{"0":{"loc":{"start":{"line":146,"column":11},"end":{"line":150,"column":11}},"type":"cond-expr","locations":[{"start":{"line":147,"column":12},"end":{"line":147,"column":57}},{"start":{"line":149,"column":12},"end":{"line":149,"column":47}}],"line":146},"1":{"loc":{"start":{"line":154,"column":9},"end":{"line":170,"column":9}},"type":"binary-expr","locations":[{"start":{"line":154,"column":9},"end":{"line":154,"column":17}},{"start":{"line":155,"column":10},"end":{"line":169,"column":16}}],"line":154}},"s":{"0":6,"1":23,"2":23,"3":23,"4":23,"5":23,"6":23,"7":23,"8":23,"9":23,"10":23,"11":9,"12":9,"13":0,"14":23,"15":11,"16":11,"17":11,"18":9,"19":8,"20":9,"21":3,"22":23,"23":12,"24":12,"25":12,"26":8,"27":8,"28":8,"29":4,"30":23,"31":1,"32":1,"33":1,"34":1,"35":1,"36":0,"37":23,"38":4,"39":4,"40":4,"41":2,"42":2,"43":23,"44":11,"45":11,"46":23,"47":9,"48":23,"49":1,"50":0,"51":0,"52":23,"53":0,"54":23,"55":69,"56":2,"57":46,"58":2,"59":15,"60":2,"61":2,"62":0,"63":0},"f":{"0":23,"1":9,"2":9,"3":0,"4":11,"5":9,"6":9,"7":12,"8":8,"9":8,"10":1,"11":4,"12":11,"13":9,"14":1,"15":0,"16":0,"17":0,"18":69,"19":2,"20":46,"21":2,"22":15,"23":2,"24":0},"b":{"0":[3,20],"1":[23,3]},"_coverageSchema":"1a1c01bbd47fc00a2c39e90264f33305004495a9","hash":"23fe1fa69ff0b36583a5e6461a6bbfb20f3efec3"}
,"/Users/tch432/Documents/Project/SkyProjectGroup5/react-frontend/src/components/PointsBarChart.jsx": {"path":"/Users/tch432/Documents/Project/SkyProjectGroup5/react-frontend/src/components/PointsBarChart.jsx","statementMap":{"0":{"start":{"line":15,"column":23},"end":{"line":25,"column":1}},"1":{"start":{"line":16,"column":28},"end":{"line":16,"column":55}},"2":{"start":{"line":18,"column":2},"end":{"line":22,"column":9}},"3":{"start":{"line":19,"column":25},"end":{"line":19,"column":58}},"4":{"start":{"line":19,"column":31},"end":{"line":19,"column":58}},"5":{"start":{"line":20,"column":4},"end":{"line":20,"column":52}},"6":{"start":{"line":21,"column":4},"end":{"line":21,"column":68}},"7":{"start":{"line":21,"column":17},"end":{"line":21,"column":67}},"8":{"start":{"line":24,"column":2},"end":{"line":24,"column":15}},"9":{"start":{"line":27,"column":23},"end":{"line":204,"column":1}},"10":{"start":{"line":28,"column":22},"end":{"line":28,"column":38}},"11":{"start":{"line":29,"column":22},"end":{"line":29,"column":32}},"12":{"start":{"line":31,"column":17},"end":{"line":31,"column":46}},"13":{"start":{"line":35,"column":22},"end":{"line":35,"column":78}},"14":{"start":{"line":36,"column":24},"end":{"line":36,"column":51}},"15":{"start":{"line":37,"column":24},"end":{"line":37,"column":51}},"16":{"start":{"line":38,"column":25},"end":{"line":38,"column":52}},"17":{"start":{"line":39,"column":18},"end":{"line":39,"column":45}},"18":{"start":{"line":40,"column":26},"end":{"line":40,"column":52}},"19":{"start":{"line":44,"column":24},"end":{"line":49,"column":3}},"20":{"start":{"line":45,"column":24},"end":{"line":45,"column":58}},"21":{"start":{"line":46,"column":17},"end":{"line":46,"column":55}},"22":{"start":{"line":47,"column":17},"end":{"line":47,"column":57}},"23":{"start":{"line":48,"column":4},"end":{"line":48,"column":36}},"24":{"start":{"line":51,"column":27},"end":{"line":71,"column":3}},"25":{"start":{"line":52,"column":27},"end":{"line":52,"column":47}},"26":{"start":{"line":53,"column":22},"end":{"line":53,"column":45}},"27":{"start":{"line":54,"column":30},"end":{"line":54,"column":69}},"28":{"start":{"line":55,"column":24},"end":{"line":57,"column":5}},"29":{"start":{"line":59,"column":22},"end":{"line":59,"column":43}},"30":{"start":{"line":60,"column":4},"end":{"line":60,"column":68}},"31":{"start":{"line":61,"column":20},"end":{"line":61,"column":39}},"32":{"start":{"line":62,"column":4},"end":{"line":62,"column":45}},"33":{"start":{"line":64,"column":23},"end":{"line":68,"column":5}},"34":{"start":{"line":65,"column":18},"end":{"line":65,"column":57}},"35":{"start":{"line":66,"column":20},"end":{"line":66,"column":64}},"36":{"start":{"line":67,"column":6},"end":{"line":67,"column":31}},"37":{"start":{"line":70,"column":4},"end":{"line":70,"column":61}},"38":{"start":{"line":73,"column":23},"end":{"line":79,"column":3}},"39":{"start":{"line":74,"column":19},"end":{"line":77,"column":5}},"40":{"start":{"line":78,"column":4},"end":{"line":78,"column":30}},"41":{"start":{"line":81,"column":22},"end":{"line":81,"column":48}},"42":{"start":{"line":82,"column":27},"end":{"line":82,"column":60}},"43":{"start":{"line":83,"column":23},"end":{"line":83,"column":45}},"44":{"start":{"line":84,"column":28},"end":{"line":84,"column":52}},"45":{"start":{"line":86,"column":30},"end":{"line":86,"column":45}},"46":{"start":{"line":87,"column":17},"end":{"line":87,"column":52}},"47":{"start":{"line":88,"column":38},"end":{"line":88,"column":65}},"48":{"start":{"line":89,"column":36},"end":{"line":89,"column":62}},"49":{"start":{"line":90,"column":26},"end":{"line":90,"column":38}},"50":{"start":{"line":92,"column":20},"end":{"line":92,"column":37}},"51":{"start":{"line":93,"column":18},"end":{"line":93,"column":51}},"52":{"start":{"line":95,"column":20},"end":{"line":112,"column":3}},"53":{"start":{"line":96,"column":4},"end":{"line":111,"column":5}},"54":{"start":{"line":97,"column":23},"end":{"line":100,"column":8}},"55":{"start":{"line":102,"column":28},"end":{"line":106,"column":7}},"56":{"start":{"line":103,"column":8},"end":{"line":105,"column":68}},"57":{"start":{"line":108,"column":6},"end":{"line":108,"column":29}},"58":{"start":{"line":110,"column":6},"end":{"line":110,"column":58}},"59":{"start":{"line":114,"column":2},"end":{"line":116,"column":56}},"60":{"start":{"line":115,"column":4},"end":{"line":115,"column":16}},"61":{"start":{"line":118,"column":23},"end":{"line":121,"column":3}},"62":{"start":{"line":123,"column":27},"end":{"line":127,"column":3}},"63":{"start":{"line":129,"column":17},"end":{"line":129,"column":62}},"64":{"start":{"line":132,"column":2},"end":{"line":203,"column":4}},"65":{"start":{"line":143,"column":23},"end":{"line":143,"column":41}},"66":{"start":{"line":158,"column":32},"end":{"line":158,"column":71}},"67":{"start":{"line":158,"column":52},"end":{"line":158,"column":70}},"68":{"start":{"line":158,"column":80},"end":{"line":158,"column":120}},"69":{"start":{"line":158,"column":101},"end":{"line":158,"column":119}},"70":{"start":{"line":170,"column":32},"end":{"line":170,"column":86}},"71":{"start":{"line":170,"column":52},"end":{"line":170,"column":85}},"72":{"start":{"line":170,"column":95},"end":{"line":170,"column":151}},"73":{"start":{"line":170,"column":116},"end":{"line":170,"column":150}}},"fnMap":{"0":{"name":"(anonymous_0)","decl":{"start":{"line":15,"column":23},"end":{"line":15,"column":24}},"loc":{"start":{"line":15,"column":29},"end":{"line":25,"column":1}},"line":15},"1":{"name":"(anonymous_1)","decl":{"start":{"line":18,"column":12},"end":{"line":18,"column":13}},"loc":{"start":{"line":18,"column":18},"end":{"line":22,"column":3}},"line":18},"2":{"name":"(anonymous_2)","decl":{"start":{"line":19,"column":25},"end":{"line":19,"column":26}},"loc":{"start":{"line":19,"column":31},"end":{"line":19,"column":58}},"line":19},"3":{"name":"(anonymous_3)","decl":{"start":{"line":21,"column":11},"end":{"line":21,"column":12}},"loc":{"start":{"line":21,"column":17},"end":{"line":21,"column":67}},"line":21},"4":{"name":"(anonymous_4)","decl":{"start":{"line":27,"column":23},"end":{"line":27,"column":24}},"loc":{"start":{"line":27,"column":56},"end":{"line":204,"column":1}},"line":27},"5":{"name":"(anonymous_5)","decl":{"start":{"line":44,"column":24},"end":{"line":44,"column":25}},"loc":{"start":{"line":44,"column":34},"end":{"line":49,"column":3}},"line":44},"6":{"name":"(anonymous_6)","decl":{"start":{"line":51,"column":27},"end":{"line":51,"column":28}},"loc":{"start":{"line":51,"column":49},"end":{"line":71,"column":3}},"line":51},"7":{"name":"(anonymous_7)","decl":{"start":{"line":64,"column":23},"end":{"line":64,"column":24}},"loc":{"start":{"line":64,"column":33},"end":{"line":68,"column":5}},"line":64},"8":{"name":"(anonymous_8)","decl":{"start":{"line":73,"column":23},"end":{"line":73,"column":24}},"loc":{"start":{"line":73,"column":39},"end":{"line":79,"column":3}},"line":73},"9":{"name":"(anonymous_9)","decl":{"start":{"line":95,"column":20},"end":{"line":95,"column":21}},"loc":{"start":{"line":95,"column":32},"end":{"line":112,"column":3}},"line":95},"10":{"name":"(anonymous_10)","decl":{"start":{"line":102,"column":46},"end":{"line":102,"column":47}},"loc":{"start":{"line":103,"column":8},"end":{"line":105,"column":68}},"line":103},"11":{"name":"(anonymous_11)","decl":{"start":{"line":114,"column":12},"end":{"line":114,"column":13}},"loc":{"start":{"line":114,"column":18},"end":{"line":116,"column":3}},"line":114},"12":{"name":"(anonymous_12)","decl":{"start":{"line":143,"column":17},"end":{"line":143,"column":18}},"loc":{"start":{"line":143,"column":23},"end":{"line":143,"column":41}},"line":143},"13":{"name":"(anonymous_13)","decl":{"start":{"line":158,"column":26},"end":{"line":158,"column":27}},"loc":{"start":{"line":158,"column":32},"end":{"line":158,"column":71}},"line":158},"14":{"name":"(anonymous_14)","decl":{"start":{"line":158,"column":45},"end":{"line":158,"column":46}},"loc":{"start":{"line":158,"column":52},"end":{"line":158,"column":70}},"line":158},"15":{"name":"(anonymous_15)","decl":{"start":{"line":158,"column":74},"end":{"line":158,"column":75}},"loc":{"start":{"line":158,"column":80},"end":{"line":158,"column":120}},"line":158},"16":{"name":"(anonymous_16)","decl":{"start":{"line":158,"column":94},"end":{"line":158,"column":95}},"loc":{"start":{"line":158,"column":101},"end":{"line":158,"column":119}},"line":158},"17":{"name":"(anonymous_17)","decl":{"start":{"line":170,"column":26},"end":{"line":170,"column":27}},"loc":{"start":{"line":170,"column":32},"end":{"line":170,"column":86}},"line":170},"18":{"name":"(anonymous_18)","decl":{"start":{"line":170,"column":45},"end":{"line":170,"column":46}},"loc":{"start":{"line":170,"column":52},"end":{"line":170,"column":85}},"line":170},"19":{"name":"(anonymous_19)","decl":{"start":{"line":170,"column":89},"end":{"line":170,"column":90}},"loc":{"start":{"line":170,"column":95},"end":{"line":170,"column":151}},"line":170},"20":{"name":"(anonymous_20)","decl":{"start":{"line":170,"column":109},"end":{"line":170,"column":110}},"loc":{"start":{"line":170,"column":116},"end":{"line":170,"column":150}},"line":170}},"branchMap":{"0":{"loc":{"start":{"line":35,"column":22},"end":{"line":35,"column":78}},"type":"cond-expr","locations":[{"start":{"line":35,"column":42},"end":{"line":35,"column":45}},{"start":{"line":35,"column":48},"end":{"line":35,"column":78}}],"line":35},"1":{"loc":{"start":{"line":35,"column":48},"end":{"line":35,"column":78}},"type":"cond-expr","locations":[{"start":{"line":35,"column":69},"end":{"line":35,"column":72}},{"start":{"line":35,"column":75},"end":{"line":35,"column":78}}],"line":35},"2":{"loc":{"start":{"line":36,"column":24},"end":{"line":36,"column":51}},"type":"cond-expr","locations":[{"start":{"line":36,"column":44},"end":{"line":36,"column":46}},{"start":{"line":36,"column":49},"end":{"line":36,"column":51}}],"line":36},"3":{"loc":{"start":{"line":37,"column":24},"end":{"line":37,"column":51}},"type":"cond-expr","locations":[{"start":{"line":37,"column":44},"end":{"line":37,"column":46}},{"start":{"line":37,"column":49},"end":{"line":37,"column":51}}],"line":37},"4":{"loc":{"start":{"line":38,"column":25},"end":{"line":38,"column":52}},"type":"cond-expr","locations":[{"start":{"line":38,"column":45},"end":{"line":38,"column":47}},{"start":{"line":38,"column":50},"end":{"line":38,"column":52}}],"line":38},"5":{"loc":{"start":{"line":39,"column":18},"end":{"line":39,"column":45}},"type":"cond-expr","locations":[{"start":{"line":39,"column":38},"end":{"line":39,"column":40}},{"start":{"line":39,"column":43},"end":{"line":39,"column":45}}],"line":39},"6":{"loc":{"start":{"line":40,"column":26},"end":{"line":40,"column":52}},"type":"cond-expr","locations":[{"start":{"line":40,"column":46},"end":{"line":40,"column":47}},{"start":{"line":40,"column":50},"end":{"line":40,"column":52}}],"line":40},"7":{"loc":{"start":{"line":54,"column":30},"end":{"line":54,"column":69}},"type":"cond-expr","locations":[{"start":{"line":54,"column":48},"end":{"line":54,"column":49}},{"start":{"line":54,"column":52},"end":{"line":54,"column":69}}],"line":54},"8":{"loc":{"start":{"line":84,"column":28},"end":{"line":84,"column":52}},"type":"cond-expr","locations":[{"start":{"line":84,"column":47},"end":{"line":84,"column":48}},{"start":{"line":84,"column":51},"end":{"line":84,"column":52}}],"line":84},"9":{"loc":{"start":{"line":98,"column":26},"end":{"line":98,"column":51}},"type":"cond-expr","locations":[{"start":{"line":98,"column":35},"end":{"line":98,"column":41}},{"start":{"line":98,"column":44},"end":{"line":98,"column":51}}],"line":98},"10":{"loc":{"start":{"line":103,"column":8},"end":{"line":105,"column":68}},"type":"cond-expr","locations":[{"start":{"line":104,"column":12},"end":{"line":104,"column":73}},{"start":{"line":105,"column":12},"end":{"line":105,"column":68}}],"line":103},"11":{"loc":{"start":{"line":129,"column":17},"end":{"line":129,"column":62}},"type":"cond-expr","locations":[{"start":{"line":129,"column":31},"end":{"line":129,"column":47}},{"start":{"line":129,"column":50},"end":{"line":129,"column":62}}],"line":129},"12":{"loc":{"start":{"line":139,"column":23},"end":{"line":139,"column":187}},"type":"cond-expr","locations":[{"start":{"line":139,"column":32},"end":{"line":139,"column":115}},{"start":{"line":139,"column":118},"end":{"line":139,"column":187}}],"line":139},"13":{"loc":{"start":{"line":145,"column":10},"end":{"line":145,"column":50}},"type":"cond-expr","locations":[{"start":{"line":145,"column":19},"end":{"line":145,"column":34}},{"start":{"line":145,"column":37},"end":{"line":145,"column":50}}],"line":145},"14":{"loc":{"start":{"line":150,"column":23},"end":{"line":150,"column":188}},"type":"cond-expr","locations":[{"start":{"line":150,"column":33},"end":{"line":150,"column":116}},{"start":{"line":150,"column":119},"end":{"line":150,"column":188}}],"line":150},"15":{"loc":{"start":{"line":158,"column":17},"end":{"line":158,"column":120}},"type":"cond-expr","locations":[{"start":{"line":158,"column":26},"end":{"line":158,"column":71}},{"start":{"line":158,"column":74},"end":{"line":158,"column":120}}],"line":158},"16":{"loc":{"start":{"line":159,"column":18},"end":{"line":159,"column":61}},"type":"cond-expr","locations":[{"start":{"line":159,"column":27},"end":{"line":159,"column":42}},{"start":{"line":159,"column":45},"end":{"line":159,"column":61}}],"line":159},"17":{"loc":{"start":{"line":166,"column":16},"end":{"line":166,"column":63}},"type":"cond-expr","locations":[{"start":{"line":166,"column":25},"end":{"line":166,"column":58}},{"start":{"line":166,"column":61},"end":{"line":166,"column":63}}],"line":166},"18":{"loc":{"start":{"line":170,"column":17},"end":{"line":170,"column":151}},"type":"cond-expr","locations":[{"start":{"line":170,"column":26},"end":{"line":170,"column":86}},{"start":{"line":170,"column":89},"end":{"line":170,"column":151}}],"line":170},"19":{"loc":{"start":{"line":171,"column":18},"end":{"line":171,"column":92}},"type":"cond-expr","locations":[{"start":{"line":171,"column":27},"end":{"line":171,"column":57}},{"start":{"line":171,"column":60},"end":{"line":171,"column":92}}],"line":171}},"s":{"0":2,"1":4,"2":4,"3":2,"4":0,"5":2,"6":2,"7":2,"8":4,"9":2,"10":4,"11":4,"12":4,"13":4,"14":4,"15":4,"16":4,"17":4,"18":4,"19":4,"20":4,"21":4,"22":4,"23":4,"24":4,"25":1,"26":1,"27":1,"28":1,"29":1,"30":1,"31":1,"32":1,"33":1,"34":2,"35":2,"36":2,"37":1,"38":4,"39":3,"40":3,"41":4,"42":4,"43":4,"44":4,"45":4,"46":4,"47":4,"48":4,"49":4,"50":4,"51":4,"52":4,"53":4,"54":4,"55":4,"56":4,"57":3,"58":1,"59":4,"60":4,"61":4,"62":4,"63":4,"64":4,"65":2,"66":0,"67":0,"68":0,"69":0,"70":0,"71":0,"72":0,"73":0},"f":{"0":4,"1":2,"2":0,"3":2,"4":4,"5":4,"6":1,"7":2,"8":3,"9":4,"10":4,"11":4,"12":2,"13":0,"14":0,"15":0,"16":0,"17":0,"18":0,"19":0,"20":0},"b":{"0":[0,4],"1":[0,4],"2":[0,4],"3":[0,4],"4":[0,4],"5":[0,4],"6":[0,4],"7":[0,1],"8":[0,4],"9":[2,2],"10":[1,3],"11":[0,4],"12":[2,2],"13":[2,2],"14":[2,2],"15":[2,2],"16":[2,2],"17":[2,2],"18":[2,2],"19":[2,2]},"_coverageSchema":"1a1c01bbd47fc00a2c39e90264f33305004495a9","hash":"c04fcbd9569950aeff76868a25aee784ab5e2c0b"}
,"/Users/tch432/Documents/Project/SkyProjectGroup5/react-frontend/src/components/PopUp.jsx": {"path":"/Users/tch432/Documents/Project/SkyProjectGroup5/react-frontend/src/components/PopUp.jsx","statementMap":{"0":{"start":{"line":8,"column":18},"end":{"line":237,"column":1}},"1":{"start":{"line":9,"column":34},"end":{"line":9,"column":46}},"2":{"start":{"line":10,"column":56},"end":{"line":10,"column":68}},"3":{"start":{"line":11,"column":58},"end":{"line":11,"column":73}},"4":{"start":{"line":13,"column":19},"end":{"line":13,"column":48}},"5":{"start":{"line":15,"column":4},"end":{"line":27,"column":28}},"6":{"start":{"line":16,"column":34},"end":{"line":23,"column":7}},"7":{"start":{"line":17,"column":8},"end":{"line":22,"column":9}},"8":{"start":{"line":18,"column":27},"end":{"line":18,"column":107}},"9":{"start":{"line":19,"column":10},"end":{"line":19,"column":42}},"10":{"start":{"line":21,"column":10},"end":{"line":21,"column":66}},"11":{"start":{"line":24,"column":6},"end":{"line":26,"column":7}},"12":{"start":{"line":25,"column":8},"end":{"line":25,"column":30}},"13":{"start":{"line":29,"column":4},"end":{"line":29,"column":32}},"14":{"start":{"line":29,"column":18},"end":{"line":29,"column":30}},"15":{"start":{"line":31,"column":22},"end":{"line":36,"column":5}},"16":{"start":{"line":32,"column":8},"end":{"line":35,"column":12}},"17":{"start":{"line":32,"column":30},"end":{"line":35,"column":9}},"18":{"start":{"line":38,"column":22},"end":{"line":43,"column":5}},"19":{"start":{"line":39,"column":8},"end":{"line":42,"column":12}},"20":{"start":{"line":39,"column":30},"end":{"line":42,"column":9}},"21":{"start":{"line":45,"column":23},"end":{"line":53,"column":3}},"22":{"start":{"line":46,"column":4},"end":{"line":52,"column":5}},"23":{"start":{"line":47,"column":6},"end":{"line":47,"column":36}},"24":{"start":{"line":48,"column":23},"end":{"line":48,"column":120}},"25":{"start":{"line":49,"column":6},"end":{"line":49,"column":53}},"26":{"start":{"line":51,"column":6},"end":{"line":51,"column":54}},"27":{"start":{"line":55,"column":31},"end":{"line":58,"column":3}},"28":{"start":{"line":56,"column":4},"end":{"line":56,"column":47}},"29":{"start":{"line":57,"column":4},"end":{"line":57,"column":34}},"30":{"start":{"line":60,"column":31},"end":{"line":66,"column":3}},"31":{"start":{"line":61,"column":4},"end":{"line":65,"column":6}},"32":{"start":{"line":62,"column":6},"end":{"line":64,"column":29}},"33":{"start":{"line":63,"column":29},"end":{"line":63,"column":43}},"34":{"start":{"line":68,"column":2},"end":{"line":236,"column":4}},"35":{"start":{"line":84,"column":24},"end":{"line":84,"column":43}},"36":{"start":{"line":105,"column":37},"end":{"line":105,"column":74}},"37":{"start":{"line":106,"column":33},"end":{"line":106,"column":49}},"38":{"start":{"line":107,"column":18},"end":{"line":134,"column":20}},"39":{"start":{"line":110,"column":37},"end":{"line":110,"column":67}},"40":{"start":{"line":157,"column":45},"end":{"line":157,"column":63}},"41":{"start":{"line":158,"column":22},"end":{"line":189,"column":24}},"42":{"start":{"line":167,"column":32},"end":{"line":170,"column":33}},"43":{"start":{"line":168,"column":34},"end":{"line":168,"column":54}},"44":{"start":{"line":169,"column":34},"end":{"line":169,"column":60}},"45":{"start":{"line":180,"column":32},"end":{"line":180,"column":52}},"46":{"start":{"line":181,"column":32},"end":{"line":181,"column":58}},"47":{"start":{"line":201,"column":33},"end":{"line":201,"column":62}},"48":{"start":{"line":213,"column":20},"end":{"line":215,"column":21}},"49":{"start":{"line":214,"column":22},"end":{"line":214,"column":60}},"50":{"start":{"line":216,"column":20},"end":{"line":216,"column":49}}},"fnMap":{"0":{"name":"(anonymous_0)","decl":{"start":{"line":8,"column":18},"end":{"line":8,"column":19}},"loc":{"start":{"line":8,"column":105},"end":{"line":237,"column":1}},"line":8},"1":{"name":"(anonymous_1)","decl":{"start":{"line":15,"column":14},"end":{"line":15,"column":15}},"loc":{"start":{"line":15,"column":20},"end":{"line":27,"column":5}},"line":15},"2":{"name":"(anonymous_2)","decl":{"start":{"line":16,"column":34},"end":{"line":16,"column":35}},"loc":{"start":{"line":16,"column":46},"end":{"line":23,"column":7}},"line":16},"3":{"name":"(anonymous_3)","decl":{"start":{"line":31,"column":22},"end":{"line":31,"column":23}},"loc":{"start":{"line":31,"column":36},"end":{"line":36,"column":5}},"line":31},"4":{"name":"(anonymous_4)","decl":{"start":{"line":32,"column":19},"end":{"line":32,"column":20}},"loc":{"start":{"line":32,"column":30},"end":{"line":35,"column":9}},"line":32},"5":{"name":"(anonymous_5)","decl":{"start":{"line":38,"column":22},"end":{"line":38,"column":23}},"loc":{"start":{"line":38,"column":36},"end":{"line":43,"column":5}},"line":38},"6":{"name":"(anonymous_6)","decl":{"start":{"line":39,"column":19},"end":{"line":39,"column":20}},"loc":{"start":{"line":39,"column":30},"end":{"line":42,"column":9}},"line":39},"7":{"name":"(anonymous_7)","decl":{"start":{"line":45,"column":23},"end":{"line":45,"column":24}},"loc":{"start":{"line":45,"column":55},"end":{"line":53,"column":3}},"line":45},"8":{"name":"(anonymous_8)","decl":{"start":{"line":55,"column":31},"end":{"line":55,"column":32}},"loc":{"start":{"line":55,"column":43},"end":{"line":58,"column":3}},"line":55},"9":{"name":"(anonymous_9)","decl":{"start":{"line":60,"column":31},"end":{"line":60,"column":32}},"loc":{"start":{"line":60,"column":45},"end":{"line":66,"column":3}},"line":60},"10":{"name":"(anonymous_10)","decl":{"start":{"line":61,"column":26},"end":{"line":61,"column":27}},"loc":{"start":{"line":62,"column":6},"end":{"line":64,"column":29}},"line":62},"11":{"name":"(anonymous_11)","decl":{"start":{"line":63,"column":22},"end":{"line":63,"column":23}},"loc":{"start":{"line":63,"column":29},"end":{"line":63,"column":43}},"line":63},"12":{"name":"(anonymous_12)","decl":{"start":{"line":84,"column":17},"end":{"line":84,"column":18}},"loc":{"start":{"line":84,"column":24},"end":{"line":84,"column":43}},"line":84},"13":{"name":"(anonymous_13)","decl":{"start":{"line":104,"column":34},"end":{"line":104,"column":35}},"loc":{"start":{"line":104,"column":55},"end":{"line":135,"column":17}},"line":104},"14":{"name":"(anonymous_14)","decl":{"start":{"line":110,"column":31},"end":{"line":110,"column":32}},"loc":{"start":{"line":110,"column":37},"end":{"line":110,"column":67}},"line":110},"15":{"name":"(anonymous_15)","decl":{"start":{"line":156,"column":34},"end":{"line":156,"column":35}},"loc":{"start":{"line":156,"column":55},"end":{"line":190,"column":21}},"line":156},"16":{"name":"(anonymous_16)","decl":{"start":{"line":166,"column":39},"end":{"line":166,"column":40}},"loc":{"start":{"line":166,"column":45},"end":{"line":171,"column":31}},"line":166},"17":{"name":"(anonymous_17)","decl":{"start":{"line":179,"column":39},"end":{"line":179,"column":40}},"loc":{"start":{"line":179,"column":45},"end":{"line":182,"column":31}},"line":179},"18":{"name":"(anonymous_18)","decl":{"start":{"line":201,"column":27},"end":{"line":201,"column":28}},"loc":{"start":{"line":201,"column":33},"end":{"line":201,"column":62}},"line":201},"19":{"name":"(anonymous_19)","decl":{"start":{"line":212,"column":27},"end":{"line":212,"column":28}},"loc":{"start":{"line":212,"column":33},"end":{"line":217,"column":19}},"line":212}},"branchMap":{"0":{"loc":{"start":{"line":19,"column":21},"end":{"line":19,"column":40}},"type":"binary-expr","locations":[{"start":{"line":19,"column":21},"end":{"line":19,"column":34}},{"start":{"line":19,"column":38},"end":{"line":19,"column":40}}],"line":19},"1":{"loc":{"start":{"line":24,"column":6},"end":{"line":26,"column":7}},"type":"if","locations":[{"start":{"line":24,"column":6},"end":{"line":26,"column":7}},{"start":{},"end":{}}],"line":24},"2":{"loc":{"start":{"line":29,"column":4},"end":{"line":29,"column":32}},"type":"if","locations":[{"start":{"line":29,"column":4},"end":{"line":29,"column":32}},{"start":{},"end":{}}],"line":29},"3":{"loc":{"start":{"line":62,"column":6},"end":{"line":64,"column":29}},"type":"cond-expr","locations":[{"start":{"line":63,"column":10},"end":{"line":63,"column":44}},{"start":{"line":64,"column":10},"end":{"line":64,"column":29}}],"line":62},"4":{"loc":{"start":{"line":76,"column":12},"end":{"line":82,"column":48}},"type":"cond-expr","locations":[{"start":{"line":77,"column":16},"end":{"line":77,"column":49}},{"start":{"line":78,"column":16},"end":{"line":82,"column":48}}],"line":76},"5":{"loc":{"start":{"line":78,"column":16},"end":{"line":82,"column":48}},"type":"cond-expr","locations":[{"start":{"line":79,"column":16},"end":{"line":79,"column":49}},{"start":{"line":80,"column":16},"end":{"line":82,"column":48}}],"line":78},"6":{"loc":{"start":{"line":80,"column":16},"end":{"line":82,"column":48}},"type":"cond-expr","locations":[{"start":{"line":81,"column":16},"end":{"line":81,"column":49}},{"start":{"line":82,"column":16},"end":{"line":82,"column":48}}],"line":80},"7":{"loc":{"start":{"line":88,"column":13},"end":{"line":88,"column":81}},"type":"cond-expr","locations":[{"start":{"line":88,"column":35},"end":{"line":88,"column":57}},{"start":{"line":88,"column":60},"end":{"line":88,"column":81}}],"line":88},"8":{"loc":{"start":{"line":91,"column":13},"end":{"line":194,"column":13}},"type":"cond-expr","locations":[{"start":{"line":92,"column":14},"end":{"line":136,"column":20}},{"start":{"line":138,"column":14},"end":{"line":193,"column":21}}],"line":91},"9":{"loc":{"start":{"line":95,"column":20},"end":{"line":101,"column":37}},"type":"cond-expr","locations":[{"start":{"line":96,"column":24},"end":{"line":96,"column":37}},{"start":{"line":97,"column":24},"end":{"line":101,"column":37}}],"line":95},"10":{"loc":{"start":{"line":97,"column":24},"end":{"line":101,"column":37}},"type":"cond-expr","locations":[{"start":{"line":98,"column":24},"end":{"line":98,"column":37}},{"start":{"line":99,"column":24},"end":{"line":101,"column":37}}],"line":97},"11":{"loc":{"start":{"line":99,"column":24},"end":{"line":101,"column":37}},"type":"cond-expr","locations":[{"start":{"line":100,"column":24},"end":{"line":100,"column":37}},{"start":{"line":101,"column":24},"end":{"line":101,"column":37}}],"line":99},"12":{"loc":{"start":{"line":113,"column":26},"end":{"line":115,"column":58}},"type":"cond-expr","locations":[{"start":{"line":114,"column":30},"end":{"line":114,"column":118}},{"start":{"line":115,"column":30},"end":{"line":115,"column":58}}],"line":113},"13":{"loc":{"start":{"line":121,"column":25},"end":{"line":131,"column":25}},"type":"binary-expr","locations":[{"start":{"line":121,"column":25},"end":{"line":121,"column":35}},{"start":{"line":122,"column":26},"end":{"line":130,"column":32}}],"line":121},"14":{"loc":{"start":{"line":145,"column":24},"end":{"line":145,"column":69}},"type":"cond-expr","locations":[{"start":{"line":145,"column":48},"end":{"line":145,"column":64}},{"start":{"line":145,"column":67},"end":{"line":145,"column":69}}],"line":145},"15":{"loc":{"start":{"line":146,"column":24},"end":{"line":146,"column":69}},"type":"cond-expr","locations":[{"start":{"line":146,"column":48},"end":{"line":146,"column":64}},{"start":{"line":146,"column":67},"end":{"line":146,"column":69}}],"line":146},"16":{"loc":{"start":{"line":147,"column":24},"end":{"line":147,"column":68}},"type":"cond-expr","locations":[{"start":{"line":147,"column":47},"end":{"line":147,"column":63}},{"start":{"line":147,"column":66},"end":{"line":147,"column":68}}],"line":147},"17":{"loc":{"start":{"line":148,"column":24},"end":{"line":148,"column":68}},"type":"cond-expr","locations":[{"start":{"line":148,"column":47},"end":{"line":148,"column":63}},{"start":{"line":148,"column":66},"end":{"line":148,"column":68}}],"line":148},"18":{"loc":{"start":{"line":151,"column":19},"end":{"line":191,"column":19}},"type":"cond-expr","locations":[{"start":{"line":152,"column":20},"end":{"line":154,"column":24}},{"start":{"line":156,"column":20},"end":{"line":190,"column":22}}],"line":151},"19":{"loc":{"start":{"line":157,"column":45},"end":{"line":157,"column":63}},"type":"binary-expr","locations":[{"start":{"line":157,"column":45},"end":{"line":157,"column":58}},{"start":{"line":157,"column":62},"end":{"line":157,"column":63}}],"line":157},"20":{"loc":{"start":{"line":167,"column":32},"end":{"line":170,"column":33}},"type":"if","locations":[{"start":{"line":167,"column":32},"end":{"line":170,"column":33}},{"start":{},"end":{}}],"line":167},"21":{"loc":{"start":{"line":167,"column":37},"end":{"line":167,"column":59}},"type":"binary-expr","locations":[{"start":{"line":167,"column":37},"end":{"line":167,"column":54}},{"start":{"line":167,"column":58},"end":{"line":167,"column":59}}],"line":167},"22":{"loc":{"start":{"line":176,"column":71},"end":{"line":176,"column":93}},"type":"binary-expr","locations":[{"start":{"line":176,"column":71},"end":{"line":176,"column":88}},{"start":{"line":176,"column":92},"end":{"line":176,"column":93}}],"line":176},"23":{"loc":{"start":{"line":197,"column":13},"end":{"line":231,"column":13}},"type":"cond-expr","locations":[{"start":{"line":198,"column":14},"end":{"line":208,"column":20}},{"start":{"line":210,"column":14},"end":{"line":230,"column":20}}],"line":197},"24":{"loc":{"start":{"line":213,"column":20},"end":{"line":215,"column":21}},"type":"if","locations":[{"start":{"line":213,"column":20},"end":{"line":215,"column":21}},{"start":{},"end":{}}],"line":213}},"s":{"0":8,"1":55,"2":55,"3":55,"4":55,"5":55,"6":31,"7":9,"8":9,"9":9,"10":0,"11":31,"12":9,"13":55,"14":29,"15":26,"16":6,"17":6,"18":26,"19":0,"20":0,"21":26,"22":6,"23":6,"24":6,"25":5,"26":1,"27":26,"28":2,"29":2,"30":26,"31":1,"32":1,"33":0,"34":26,"35":14,"36":6,"37":6,"38":6,"39":1,"40":36,"41":36,"42":1,"43":0,"44":0,"45":6,"46":6,"47":0,"48":2,"49":2,"50":2},"f":{"0":55,"1":31,"2":9,"3":6,"4":6,"5":0,"6":0,"7":6,"8":2,"9":1,"10":1,"11":0,"12":14,"13":6,"14":1,"15":36,"16":1,"17":6,"18":0,"19":2},"b":{"0":[9,0],"1":[9,22],"2":[29,26],"3":[0,1],"4":[3,23],"5":[0,23],"6":[0,23],"7":[3,23],"8":[3,23],"9":[0,3],"10":[0,3],"11":[0,3],"12":[2,4],"13":[6,2],"14":[0,23],"15":[0,23],"16":[0,23],"17":[0,23],"18":[2,21],"19":[36,30],"20":[0,1],"21":[1,1],"22":[36,33],"23":[3,23],"24":[2,0]},"_coverageSchema":"1a1c01bbd47fc00a2c39e90264f33305004495a9","hash":"779dc08aa17a27ec457f322c7e9f9a32374db522"}
,"/Users/tch432/Documents/Project/SkyProjectGroup5/react-frontend/src/components/ProgressBar.jsx": {"path":"/Users/tch432/Documents/Project/SkyProjectGroup5/react-frontend/src/components/ProgressBar.jsx","statementMap":{"0":{"start":{"line":3,"column":20},"end":{"line":77,"column":1}},"1":{"start":{"line":4,"column":25},"end":{"line":4,"column":67}},"2":{"start":{"line":6,"column":48},"end":{"line":6,"column":59}},"3":{"start":{"line":7,"column":44},"end":{"line":7,"column":55}},"4":{"start":{"line":8,"column":54},"end":{"line":8,"column":65}},"5":{"start":{"line":10,"column":2},"end":{"line":19,"column":23}},"6":{"start":{"line":12,"column":18},"end":{"line":16,"column":11}},"7":{"start":{"line":13,"column":6},"end":{"line":13,"column":41}},"8":{"start":{"line":14,"column":6},"end":{"line":14,"column":28}},"9":{"start":{"line":15,"column":6},"end":{"line":15,"column":33}},"10":{"start":{"line":18,"column":4},"end":{"line":18,"column":37}},"11":{"start":{"line":18,"column":17},"end":{"line":18,"column":36}},"12":{"start":{"line":21,"column":15},"end":{"line":21,"column":61}},"13":{"start":{"line":22,"column":18},"end":{"line":22,"column":26}},"14":{"start":{"line":24,"column":2},"end":{"line":76,"column":4}}},"fnMap":{"0":{"name":"(anonymous_0)","decl":{"start":{"line":3,"column":20},"end":{"line":3,"column":21}},"loc":{"start":{"line":3,"column":48},"end":{"line":77,"column":1}},"line":3},"1":{"name":"(anonymous_1)","decl":{"start":{"line":10,"column":12},"end":{"line":10,"column":13}},"loc":{"start":{"line":10,"column":18},"end":{"line":19,"column":3}},"line":10},"2":{"name":"(anonymous_2)","decl":{"start":{"line":12,"column":29},"end":{"line":12,"column":30}},"loc":{"start":{"line":12,"column":35},"end":{"line":16,"column":5}},"line":12},"3":{"name":"(anonymous_3)","decl":{"start":{"line":18,"column":11},"end":{"line":18,"column":12}},"loc":{"start":{"line":18,"column":17},"end":{"line":18,"column":36}},"line":18}},"branchMap":{"0":{"loc":{"start":{"line":57,"column":17},"end":{"line":57,"column":42}},"type":"cond-expr","locations":[{"start":{"line":57,"column":27},"end":{"line":57,"column":34}},{"start":{"line":57,"column":37},"end":{"line":57,"column":42}}],"line":57},"1":{"loc":{"start":{"line":69,"column":17},"end":{"line":69,"column":41}},"type":"cond-expr","locations":[{"start":{"line":69,"column":27},"end":{"line":69,"column":33}},{"start":{"line":69,"column":36},"end":{"line":69,"column":41}}],"line":69}},"s":{"0":4,"1":24,"2":24,"3":24,"4":24,"5":24,"6":21,"7":1,"8":1,"9":1,"10":21,"11":21,"12":24,"13":24,"14":24},"f":{"0":24,"1":21,"2":1,"3":21},"b":{"0":[23,1],"1":[23,1]},"_coverageSchema":"1a1c01bbd47fc00a2c39e90264f33305004495a9","hash":"e876f861466e9035fe9d730d15e7c78f098f858c"}
,"/Users/tch432/Documents/Project/SkyProjectGroup5/react-frontend/src/components/Questions.jsx": {"path":"/Users/tch432/Documents/Project/SkyProjectGroup5/react-frontend/src/components/Questions.jsx","statementMap":{"0":{"start":{"line":5,"column":18},"end":{"line":189,"column":1}},"1":{"start":{"line":6,"column":48},"end":{"line":6,"column":59}},"2":{"start":{"line":7,"column":46},"end":{"line":7,"column":57}},"3":{"start":{"line":8,"column":38},"end":{"line":8,"column":49}},"4":{"start":{"line":9,"column":34},"end":{"line":9,"column":45}},"5":{"start":{"line":10,"column":28},"end":{"line":10,"column":39}},"6":{"start":{"line":11,"column":42},"end":{"line":11,"column":53}},"7":{"start":{"line":12,"column":46},"end":{"line":12,"column":57}},"8":{"start":{"line":13,"column":32},"end":{"line":13,"column":43}},"9":{"start":{"line":14,"column":34},"end":{"line":14,"column":45}},"10":{"start":{"line":15,"column":36},"end":{"line":15,"column":47}},"11":{"start":{"line":19,"column":23},"end":{"line":19,"column":24}},"12":{"start":{"line":21,"column":1},"end":{"line":34,"column":23}},"13":{"start":{"line":22,"column":4},"end":{"line":33,"column":5}},"14":{"start":{"line":23,"column":6},"end":{"line":23,"column":62}},"15":{"start":{"line":24,"column":6},"end":{"line":24,"column":60}},"16":{"start":{"line":25,"column":6},"end":{"line":25,"column":52}},"17":{"start":{"line":26,"column":6},"end":{"line":26,"column":48}},"18":{"start":{"line":27,"column":6},"end":{"line":27,"column":42}},"19":{"start":{"line":28,"column":6},"end":{"line":28,"column":56}},"20":{"start":{"line":29,"column":3},"end":{"line":29,"column":57}},"21":{"start":{"line":30,"column":3},"end":{"line":30,"column":43}},"22":{"start":{"line":31,"column":3},"end":{"line":31,"column":45}},"23":{"start":{"line":32,"column":3},"end":{"line":32,"column":47}},"24":{"start":{"line":37,"column":2},"end":{"line":64,"column":4}},"25":{"start":{"line":38,"column":4},"end":{"line":51,"column":5}},"26":{"start":{"line":39,"column":6},"end":{"line":50,"column":9}},"27":{"start":{"
[...]
,"/Users/tch432/Documents/Project/SkyProjectGroup5/react-frontend/src/screens/SignUp.jsx": {"path":"/Users/tch432/Documents/Project/SkyProjectGroup5/react-frontend/src/screens/SignUp.jsx","statementMap":{"0":{"start":{"line":11,"column":15},"end":{"line":276,"column":1}},"1":{"start":{"line":12,"column":34},"end":{"line":12,"column":46}},"2":{"start":{"line":13,"column":26},"end":{"line":13,"column":38}},"3":{"start":{"line":14,"column":28},"end":{"line":14,"column":40}},"4":{"start":{"line":15,"column":34},"end":{"line":15,"column":46}},"5":{"start":{"line":16,"column":48},"end":{"line":16,"column":60}},"6":{"start":{"line":18,"column":44},"end":{"line":18,"column":76}},"7":{"start":{"line":19,"column":38},"end":{"line":19,"column":75}},"8":{"start":{"line":20,"column":58},"end":{"line":20,"column":92}},"9":{"start":{"line":21,"column":46},"end":{"line":21,"column":80}},"10":{"start":{"line":22,"column":44},"end":{"line":22,"column":76}},"11":{"start":{"line":23,"column":38},"end":{"line":23,"column":50}},"12":{"start":{"line":24,"column":48},"end":{"line":24,"column":63}},"13":{"start":{"line":25,"column":62},"end":{"line":25,"column":77}},"14":{"start":{"line":27,"column":17},"end":{"line":27,"column":46}},"15":{"start":{"line":28,"column":19},"end":{"line":28,"column":32}},"16":{"start":{"line":31,"column":20},"end":{"line":31,"column":45}},"17":{"start":{"line":32,"column":24},"end":{"line":32,"column":47}},"18":{"start":{"line":34,"column":21},"end":{"line":34,"column":40}},"19":{"start":{"line":35,"column":24},"end":{"line":35,"column":94}},"20":{"start":{"line":39,"column":23},"end":{"line":134,"column":3}},"21":{"start":{"line":40,"column":4},"end":{"line":40,"column":23}},"22":{"start":{"line":42,"column":4},"end":{"line":47,"column":5}},"23":{"start":{"line":43,"column":18},"end":{"line":43,"column":130}},"24":{"start":{"line":45,"column":6},"end":{"line":45,"column":27}},"25":{"start":{"line":46,"column":6},"end":{"line":46,"column":13}},"26":{"start":{"line":48,"column":4},"end":{"line":53,"column":5}},"27":{"start":{"line":49,"column":18},"end":{"line":49,"column":110}},"28":{"start":{"line":51,"column":6},"end":{"line":51,"column":27}},"29":{"start":{"line":52,"column":6},"end":{"line":52,"column":13}},"30":{"start":{"line":54,"column":4},"end":{"line":61,"column":5}},"31":{"start":{"line":55,"column":18},"end":{"line":55,"column":58}},"32":{"start":{"line":58,"column":6},"end":{"line":58,"column":56}},"33":{"start":{"line":59,"column":6},"end":{"line":59,"column":27}},"34":{"start":{"line":60,"column":6},"end":{"line":60,"column":13}},"35":{"start":{"line":63,"column":4},"end":{"line":72,"column":5}},"36":{"start":{"line":64,"column":18},"end":{"line":64,"column":132}},"37":{"start":{"line":66,"column":6},"end":{"line":66,"column":49}},"38":{"start":{"line":70,"column":6},"end":{"line":70,"column":27}},"39":{"start":{"line":71,"column":6},"end":{"line":71,"column":13}},"40":{"start":{"line":74,"column":4},"end":{"line":83,"column":5}},"41":{"start":{"line":75,"column":18},"end":{"line":75,"column":59}},"42":{"start":{"line":76,"column":6},"end":{"line":76,"column":47}},"43":{"start":{"line":77,"column":6},"end":{"line":77,"column":49}},"44":{"start":{"line":81,"column":6},"end":{"line":81,"column":27}},"45":{"start":{"line":82,"column":6},"end":{"line":82,"column":13}},"46":{"start":{"line":84,"column":26},"end":{"line":90,"column":5}},"47":{"start":{"line":91,"column":4},"end":{"line":91,"column":51}},"48":{"start":{"line":93,"column":4},"end":{"line":93,"column":34}},"49":{"start":{"line":94,"column":4},"end":{"line":133,"column":9}},"50":{"start":{"line":96,"column":8},"end":{"line":96,"column":56}},"51":{"start":{"line":97,"column":8},"end":{"line":100,"column":9}},"52":{"start":{"line":98,"column":10},"end":{"line":98,"column":28}},"53":{"start":{"line":99,"column":10},"end":{"line":99,"column":36}},"54":{"start":{"line":103,"column":8},"end":{"line":131,"column":9}},"55":{"start":{"line":104,"column":10},"end":{"line":130,"column":11}},"56":{"start":{"line":106,"column":12},"end":{"line":106,"column":80}},"57":{"start":{"line":107,"column":12},"end":{"line":107,"column":55}},"58":{"start":{"line":108,"column":12},"end":{"line":108,"column":62}},"59":{"start":{"line":109,"column":12},"end":{"line":109,"column":28}},"60":{"start":{"line":110,"column":12},"end":{"line":110,"column":28}},"61":{"start":{"line":111,"column":12},"end":{"line":111,"column":35}},"62":{"start":{"line":113,"column":17},"end":{"line":130,"column":11}},"63":{"start":{"line":115,"column":12},"end":{"line":115,"column":53}},"64":{"start":{"line":116,"column":12},"end":{"line":116,"column":79}},"65":{"start":{"line":117,"column":12},"end":{"line":117,"column":62}},"66":{"start":{"line":118,"column":12},"end":{"line":118,"column":25}},"67":{"start":{"line":119,"column":12},"end":{"line":119,"column":28}},"68":{"start":{"line":120,"column":12},"end":{"line":120,"column":35}},"69":{"start":{"line":121,"column":12},"end":{"line":121,"column":30}},"70":{"start":{"line":123,"column":17},"end":{"line":130,"column":11}},"71":{"start":{"line":125,"column":12},"end":{"line":125,"column":53}},"72":{"start":{"line":126,"column":12},"end":{"line":126,"column":55}},"73":{"start":{"line":127,"column":12},"end":{"line":127,"column":79}},"74":{"start":{"line":128,"column":12},"end":{"line":128,"column":28}},"75":{"start":{"line":129,"column":12},"end":{"line":129,"column":35}},"76":{"start":{"line":132,"column":8},"end":{"line":132,"column":47}},"77":{"start":{"line":136,"column":2},"end":{"line":275,"column":4}},"78":{"start":{"line":183,"column":37},"end":{"line":183,"column":60}},"79":{"start":{"line":193,"column":35},"end":{"line":193,"column":62}},"80":{"start":{"line":205,"column":35},"end":{"line":205,"column":59}},"81":{"start":{"line":215,"column":42},"end":{"line":215,"column":78}},"82":{"start":{"line":219,"column":35},"end":{"line":219,"column":62}},"83":{"start":{"line":229,"column":42},"end":{"line":229,"column":92}},"84":{"start":{"line":233,"column":35},"end":{"line":233,"column":69}},"85":{"start":{"line":250,"column":22},"end":{"line":250,"column":75}},"86":{"start":{"line":259,"column":35},"end":{"line":259,"column":48}}},"fnMap":{"0":{"name":"(anonymous_0)","decl":{"start":{"line":11,"column":15},"end":{"line":11,"column":16}},"loc":{"start":{"line":11,"column":21},"end":{"line":276,"column":1}},"line":11},"1":{"name":"(anonymous_1)","decl":{"start":{"line":39,"column":23},"end":{"line":39,"column":24}},"loc":{"start":{"line":39,"column":36},"end":{"line":134,"column":3}},"line":39},"2":{"name":"(anonymous_2)","decl":{"start":{"line":95,"column":12},"end":{"line":95,"column":13}},"loc":{"start":{"line":95,"column":26},"end":{"line":101,"column":7}},"line":95},"3":{"name":"(anonymous_3)","decl":{"start":{"line":102,"column":13},"end":{"line":102,"column":14}},"loc":{"start":{"line":102,"column":24},"end":{"line":133,"column":7}},"line":102},"4":{"name":"(anonymous_4)","decl":{"start":{"line":183,"column":28},"end":{"line":183,"column":29}},"loc":{"start":{"line":183,"column":35},"end":{"line":183,"column":61}},"line":183},"5":{"name":"(anonymous_5)","decl":{"start":{"line":193,"column":28},"end":{"line":193,"column":29}},"loc":{"start":{"line":193,"column":35},"end":{"line":193,"column":62}},"line":193},"6":{"name":"(anonymous_6)","decl":{"start":{"line":205,"column":28},"end":{"line":205,"column":29}},"loc":{"start":{"line":205,"column":35},"end":{"line":205,"column":59}},"line":205},"7":{"name":"(anonymous_7)","decl":{"start":{"line":215,"column":36},"end":{"line":215,"column":37}},"loc":{"start":{"line":215,"column":42},"end":{"line":215,"column":78}},"line":215},"8":{"name":"(anonymous_8)","decl":{"start":{"line":219,"column":28},"end":{"line":219,"column":29}},"loc":{"start":{"line":219,"column":35},"end":{"line":219,"column":62}},"line":219},"9":{"name":"(anonymous_9)","decl":{"start":{"line":229,"column":36},"end":{"line":229,"column":37}},"loc":{"start":{"line":229,"column":42},"end":{"line":229,"column":92}},"line":229},"10":{"name":"(anonymous_10)","decl":{"start":{"line":233,"column":28},"end":{"line":233,"column":29}},"loc":{"start":{"line":233,"column":35},"end":{"line":233,"column":69}},"line":233},"11":{"name":"(anonymous_11)","decl":{"start":{"line":249,"column":36},"end":{"line":249,"column":37}},"loc":{"start":{"line":250,"column":22},"end":{"line":250,"column":75}},"line":250},"12":{"name":"(anonymous_12)","decl":{"start":{"line":259,"column":29},"end":{"line":259,"column":30}},"loc":{"start":{"line":259,"column":35},"end":{"line":259,"column":48}},"line":259}},"branchMap":{"0":{"loc":{"start":{"line":42,"column":4},"end":{"line":47,"column":5}},"type":"if","locations":[{"start":{"line":42,"column":4},"end":{"line":47,"column":5}},{"start":{},"end":{}}],"line":42},"1":{"loc":{"start":{"line":48,"column":4},"end":{"line":53,"column":5}},"type":"if","locations":[{"start":{"line":48,"column":4},"end":{"line":53,"column":5}},{"start":{},"end":{}}],"line":48},"2":{"loc":{"start":{"line":54,"column":4},"end":{"line":61,"column":5}},"type":"if","locations":[{"start":{"line":54,"column":4},"end":{"line":61,"column":5}},{"start":{},"end":{}}],"line":54},"3":{"loc":{"start":{"line":63,"column":4},"end":{"line":72,"column":5}},"type":"if","locations":[{"start":{"line":63,"column":4},"end":{"line":72,"column":5}},{"start":{},"end":{}}],"line":63},"4":{"loc":{"start":{"line":74,"column":4},"end":{"line":83,"column":5}},"type":"if","locations":[{"start":{"line":74,"column":4},"end":{"line":83,"column":5}},{"start":{},"end":{}}],"line":74},"5":{"loc":{"start":{"line":97,"column":8},"end":{"line":100,"column":9}},"type":"if","locations":[{"start":{"line":97,"column":8},"end":{"line":100,"column":9}},{"start":{},"end":{}}],"line":97},"6":{"loc":{"start":{"line":103,"column":8},"end":{"line":131,"column":9}},"type":"if","locations":[{"start":{"line":103,"column":8},"end":{"line":131,"column":9}},{"start":{},"end":{}}],"line":103},"7":{"loc":{"start":{"line":104,"column":10},"end":{"line":130,"column":11}},"type":"if","locations":[{"start":{"line":104,"column":10},"end":{"line":130,"column":11}},{"start":{"line":113,"column":17},"end":{"line":130,"column":11}}],"line":104},"8":{"loc":{"start":{"line":113,"column":17},"end":{"line":130,"column":11}},"type":"if","locations":[{"start":{"line":113,"column":17},"end":{"line":130,"column":11}},{"start":{"line":123,"column":17},"end":{"line":130,"column":11}}],"line":113},"9":{"loc":{"start":{"line":123,"column":17},"end":{"line":130,"column":11}},"type":"if","locations":[{"start":{"line":123,"column":17},"end":{"line":130,"column":11}},{"start":{},"end":{}}],"line":123},"10":{"loc":{"start":{"line":190,"column":32},"end":{"line":190,"column":71}},"type":"binary-expr","locations":[{"start":{"line":190,"column":32},"end":{"line":190,"column":45}},{"start":{"line":190,"column":49},"end":{"line":190,"column":71}}],"line":190},"11":{"loc":{"start":{"line":202,"column":32},"end":{"line":202,"column":73}},"type":"binary-expr","locations":[{"start":{"line":202,"column":32},"end":{"line":202,"column":42}},{"start":{"line":202,"column":46},"end":{"line":202,"column":73}}],"line":202},"12":{"loc":{"start":{"line":212,"column":24},"end":{"line":212,"column":61}},"type":"cond-expr","locations":[{"start":{"line":212,"column":42},"end":{"line":212,"column":48}},{"start":{"line":212,"column":51},"end":{"line":212,"column":61}}],"line":212},"13":{"loc":{"start":{"line":226,"column":24},"end":{"line":226,"column":68}},"type":"cond-expr","locations":[{"start":{"line":226,"column":49},"end":{"line":226,"column":55}},{"start":{"line":226,"column":58},"end":{"line":226,"column":68}}],"line":226},"14":{"loc":{"start":{"line":230,"column":32},"end":{"line":230,"column":80}},"type":"binary-expr","locations":[{"start":{"line":230,"column":32},"end":{"line":230,"column":52}},{"start":{"line":230,"column":56},"end":{"line":230,"column":80}}],"line":230},"15":{"loc":{"start":{"line":247,"column":17},"end":{"line":253,"column":17}},"type":"binary-expr","locations":[{"start":{"line":247,"column":17},"end":{"line":247,"column":38}},{"start":{"line":248,"column":18},"end":{"line":252,"column":24}}],"line":247}},"s":{"0":3,"1":79,"2":79,"3":79,"4":79,"5":79,"6":79,"7":79,"8":79,"9":79,"10":79,"11":79,"12":79,"13":79,"14":79,"15":79,"16":79,"17":79,"18":79,"19":79,"20":79,"21":11,"22":11,"23":3,"24":3,"25":3,"26":8,"27":1,"28":1,"29":1,"30":7,"31":1,"32":1,"33":1,"34":1,"35":6,"36":1,"37":1,"38":1,"39":1,"40":5,"41":1,"42":1,"43":1,"44":1,"45":1,"46":4,"47":4,"48":4,"49":4,"50":2,"51":2,"52":2,"53":2,"54":2,"55":2,"56":1,"57":1,"58":1,"59":1,"60":1,"61":1,"62":1,"63":1,"64":1,"65":1,"66":1,"67":1,"68":1,"69":1,"70":0,"71":0,"72":0,"73":0,"74":0,"75":0,"76":2,"77":79,"78":11,"79":11,"80":11,"81":0,"82":11,"83":0,"84":11,"85":7,"86":1},"f":{"0":79,"1":11,"2":2,"3":2,"4":11,"5":11,"6":11,"7":0,"8":11,"9":0,"10":11,"11":7,"12":1},"b":{"0":[3,8],"1":[1,7],"2":[1,6],"3":[1,5],"4":[1,4],"5":[2,0],"6":[2,0],"7":[1,1],"8":[1,0],"9":[0,0],"10":[79,0],"11":[79,0],"12":[0,79],"13":[0,79],"14":[79,0],"15":[79,7]},"_coverageSchema":"1a1c01bbd47fc00a2c39e90264f33305004495a9","hash":"fb285b41c74fb172d7c8a81ebb514ace11bb9892"}
,"/Users/tch432/Documents/Project/SkyProjectGroup5/react-frontend/src/screens/Stats.jsx": {"path":"/Users/tch432/Documents/Project/SkyProjectGroup5/react-frontend/src/screens/Stats.jsx","statementMap":{"0":{"start":{"line":13,"column":14},"end":{"line":190,"column":1}},"1":{"start":{"line":14,"column":38},"end":{"line":14,"column":53}},"2":{"start":{"line":15,"column":26},"end":{"line":15,"column":41}},"3":{"start":{"line":16,"column":34},"end":{"line":16,"column":46}},"4":{"start":{"line":17,"column":36},"end":{"line":17,"column":48}},"5":{"start":{"line":18,"column":54},"end":{"line":18,"column":65}},"6":{"start":{"line":19,"column":44},"end":{"line":19,"column":55}},"7":{"start":{"line":20,"column":50},"end":{"line":20,"column":61}},"8":{"start":{"line":21,"column":46},"end":{"line":21,"column":57}},"9":{"start":{"line":22,"column":32},"end":{"line":22,"column":43}},"10":{"start":{"line":23,"column":34},"end":{"line":23,"column":45}},"11":{"start":{"line":24,"column":36},"end":{"line":24,"column":47}},"12":{"start":{"line":25,"column":52},"end":{"line":25,"column":63}},"13":{"start":{"line":26,"column":54},"end":{"line":26,"column":65}},"14":{"start":{"line":27,"column":48},"end":{"line":27,"column":60}},"15":{"start":{"line":28,"column":50},"end":{"line":28,"column":62}},"16":{"start":{"line":29,"column":42},"end":{"line":29,"column":54}},"17":{"start":{"line":30,"column":44},"end":{"line":30,"column":56}},"18":{"start":{"line":32,"column":17},"end":{"line":32,"column":46}},"19":{"start":{"line":34,"column":20},"end":{"line":56,"column":3}},"20":{"start":{"line":35,"column":4},"end":{"line":55,"column":5}},"21":{"start":{"line":36,"column":23},"end":{"line":36,"column":88}},"22":{"start":{"line":37,"column":19},"end":{"line":37,"column":32}},"23":{"start":{"line":38,"column":6},"end":{"line":38,"column":40}},"24":{"start":{"line":39,"column":6},"end":{"line":39,"column":42}},"25":{"start":{"line":40,"column":6},"end":{"line":40,"column":53}},"26":{"start":{"line":41,"column":6},"end":{"line":41,"column":43}},"27":{"start":{"line":42,"column":6},"end":{"line":42,"column":49}},"28":{"start":{"line":43,"column":6},"end":{"line":43,"column":54}},"29":{"start":{"line":44,"column":6},"end":{"line":44,"column":40}},"30":{"start":{"line":45,"column":6},"end":{"line":45,"column":42}},"31":{"start":{"line":46,"column":6},"end":{"line":46,"column":44}},"32":{"start":{"line":47,"column":6},"end":{"line":47,"column":47}},"33":{"start":{"line":48,"column":6},"end":{"line":48,"column":51}},"34":{"start":{"line":49,"column":6},"end":{"line":49,"column":49}},"35":{"start":{"line":50,"column":6},"end":{"line":50,"column":53}},"36":{"start":{"line":51,"column":6},"end":{"line":51,"column":41}},"37":{"start":{"line":52,"column":6},"end":{"line":52,"column":43}},"38":{"start":{"line":54,"column":6},"end":{"line":54,"column":62}},"39":{"start":{"line":58,"column":2},"end":{"line":60,"column":9}},"40":{"start":{"line":59,"column":4},"end":{"line":59,"column":16}},"41":{"start":{"line":63,"column":2},"end":{"line":69,"column":9}},"42":{"start":{"line":64,"column":18},"end":{"line":67,"column":6}},"43":{"start":{"line":65,"column":6},"end":{"line":65,"column":35}},"44":{"start":{"line":65,"column":28},"end":{"line":65,"column":33}},"45":{"start":{"line":66,"column":6},"end":{"line":66,"column":18}},"46":{"start":{"line":68,"column":4},"end":{"line":68,"column":17}},"47":{"start":{"line":72,"column":2},"end":{"line":189,"column":4}}},"fnMap":{"0":{"name":"(anonymous_0)","decl":{"start":{"line":13,"column":14},"end":{"line":13,"column":15}},"loc":{"start":{"line":13,"column":34},"end":{"line":190,"column":1}},"line":13},"1":{"name":"(anonymous_1)","decl":{"start":{"line":34,"column":20},"end":{"line":34,"column":21}},"loc":{"start":{"line":34,"column":32},"end":{"line":56,"column":3}},"line":34},"2":{"name":"(anonymous_2)","decl":{"start":{"line":58,"column":12},"end":{"line":58,"column":13}},"loc":{"start":{"line":58,"column":18},"end":{"line":60,"column":3}},"line":58},"3":{"name":"(anonymous_3)","decl":{"start":{"line":63,"column":12},"end":{"line":63,"column":13}},"loc":{"start":{"line":63,"column":18},"end":{"line":69,"column":3}},"line":63},"4":{"name":"(anonymous_4)","decl":{"start":{"line":64,"column":36},"end":{"line":64,"column":37}},"loc":{"start":{"line":64,"column":42},"end":{"line":67,"column":5}},"line":64},"5":{"name":"(anonymous_5)","decl":{"start":{"line":65,"column":20},"end":{"line":65,"column":21}},"loc":{"start":{"line":65,"column":28},"end":{"line":65,"column":33}},"line":65}},"branchMap":{},"s":{"0":2,"1":2,"2":2,"3":2,"4":2,"5":2,"6":2,"7":2,"8":2,"9":2,"10":2,"11":2,"12":2,"13":2,"14":2,"15":2,"16":2,"17":2,"18":2,"19":2,"20":1,"21":1,"22":1,"23":1,"24":1,"25":1,"26":1,"27":1,"28":1,"29":1,"30":1,"31":1,"32":1,"33":1,"34":1,"35":1,"36":1,"37":1,"38":0,"39":2,"40":1,"41":2,"42":1,"43":0,"44":0,"45":0,"46":1,"47":2},"f":{"0":2,"1":1,"2":1,"3":1,"4":0,"5":0},"b":{},"_coverageSchema":"1a1c01bbd47fc00a2c39e90264f33305004495a9","hash":"7de34ebc44bfa3e57c3e9a2d3edf0d6544deb474"}
}
