{"/Users/hta391/Documents/SkyLearning/SkyProjectGroup5/react-frontend/src/App.js": {"path":"/Users/hta391/Documents/SkyLearning/SkyProjectGroup5/react-frontend/src/App.js","statementMap":{"0":{"start":{"line":12,"column":2},"end":{"line":24,"column":4}}},"fnMap":{"0":{"name":"App","decl":{"start":{"line":11,"column":9},"end":{"line":11,"column":12}},"loc":{"start":{"line":11,"column":15},"end":{"line":25,"column":1}},"line":11}},"branchMap":{},"s":{"0":0},"f":{"0":0},"b":{}}
,"/Users/hta391/Documents/SkyLearning/SkyProjectGroup5/react-frontend/src/index.js": {"path":"/Users/hta391/Documents/SkyLearning/SkyProjectGroup5/react-frontend/src/index.js","statementMap":{"0":{"start":{"line":7,"column":13},"end":{"line":7,"column":65}},"1":{"start":{"line":8,"column":0},"end":{"line":12,"column":2}}},"fnMap":{},"branchMap":{},"s":{"0":0,"1":0},"f":{},"b":{}}
,"/Users/hta391/Documents/SkyLearning/SkyProjectGroup5/react-frontend/src/components/Avatar.jsx": {"path":"/Users/hta391/Documents/SkyLearning/SkyProjectGroup5/react-frontend/src/components/Avatar.jsx","statementMap":{"0":{"start":{"line":5,"column":15},"end":{"line":14,"column":1}},"1":{"start":{"line":6,"column":2},"end":{"line":13,"column":4}},"2":{"start":{"line":15,"column":0},"end":{"line":15,"column":54}},"3":{"start":{"line":17,"column":23},"end":{"line":26,"column":1}},"4":{"start":{"line":18,"column":2},"end":{"line":25,"column":4}},"5":{"start":{"line":27,"column":0},"end":{"line":27,"column":66}}},"fnMap":{"0":{"name":"(anonymous_0)","decl":{"start":{"line":5,"column":15},"end":{"line":5,"column":16}},"loc":{"start":{"line":6,"column":2},"end":{"line":13,"column":4}},"line":6},"1":{"name":"(anonymous_1)","decl":{"start":{"line":17,"column":23},"end":{"line":17,"column":24}},"loc":{"start":{"line":18,"column":2},"end":{"line":25,"column":4}},"line":18}},"branchMap":{},"s":{"0":3,"1":22,"2":3,"3":3,"4":21,"5":3},"f":{"0":22,"1":21},"b":{},"_coverageSchema":"1a1c01bbd47fc00a2c39e90264f33305004495a9","hash":"1f99a180ca6192ca758a527bb1c3cf0db30abd39"}
,"/Users/hta391/Documents/SkyLearning/SkyProjectGroup5/react-frontend/src/components/Button.jsx": {"path":"/Users/hta391/Documents/SkyLearning/SkyProjectGroup5/react-frontend/src/components/Button.jsx","statementMap":{"0":{"start":{"line":6,"column":23},"end":{"line":32,"column":1}},"1":{"start":{"line":34,"column":15},"end":{"line":43,"column":1}},"2":{"start":{"line":35,"column":17},"end":{"line":35,"column":42}},"3":{"start":{"line":36,"column":4},"end":{"line":42,"column":6}},"4":{"start":{"line":45,"column":0},"end":{"line":45,"column":30}}},"fnMap":{"0":{"name":"(anonymous_0)","decl":{"start":{"line":34,"column":15},"end":{"line":34,"column":16}},"loc":{"start":{"line":34,"column":81},"end":{"line":43,"column":1}},"line":34}},"branchMap":{"0":{"loc":{"start":{"line":34,"column":44},"end":{"line":34,"column":59}},"type":"default-arg","locations":[{"start":{"line":34,"column":54},"end":{"line":34,"column":59}}],"line":34},"1":{"loc":{"start":{"line":35,"column":17},"end":{"line":35,"column":42}},"type":"cond-expr","locations":[{"start":{"line":35,"column":27},"end":{"line":35,"column":31}},{"start":{"line":35,"column":34},"end":{"line":35,"column":42}}],"line":35}},"s":{"0":3,"1":3,"2":34,"3":34,"4":3},"f":{"0":34},"b":{"0":[34],"1":[0,34]},"_coverageSchema":"1a1c01bbd47fc00a2c39e90264f33305004495a9","hash":"9653f0587bf45e4952638e8ce58d6bbaa0d821b5"}
,"/Users/hta391/Documents/SkyLearning/SkyProjectGroup5/react-frontend/src/components/CalendarHeatMap.jsx": {"path":"/Users/hta391/Documents/SkyLearning/SkyProjectGroup5/react-frontend/src/components/CalendarHeatMap.jsx","statementMap":{"0":{"start":{"line":6,"column":19},"end":{"line":11,"column":1}},"1":{"start":{"line":7,"column":15},"end":{"line":7,"column":33}},"2":{"start":{"line":8,"column":16},"end":{"line":8,"column":60}},"3":{"start":{"line":9,"column":14},"end":{"line":9,"column":53}},"4":{"start":{"line":10,"column":2},"end":{"line":10,"column":35}},"5":{"start":{"line":13,"column":22},"end":{"line":23,"column":1}},"6":{"start":{"line":14,"column":15},"end":{"line":14,"column":39}},"7":{"start":{"line":15,"column":16},"end":{"line":15,"column":37}},"8":{"start":{"line":16,"column":22},"end":{"line":16,"column":60}},"9":{"start":{"line":17,"column":21},"end":{"line":17,"column":23}},"10":{"start":{"line":18,"column":2},"end":{"line":21,"column":3}},"11":{"start":{"line":18,"column":15},"end":{"line":18,"column":16}},"12":{"start":{"line":19,"column":14},"end":{"line":19,"column":38}},"13":{"start":{"line":20,"column":4},"end":{"line":20,"column":35}},"14":{"start":{"line":22,"column":2},"end":{"line":22,"column":20}},"15":{"start":{"line":25,"column":28},"end":{"line":158,"column":1}},"16":{"start":{"line":26,"column":42},"end":{"line":26,"column":54}},"17":{"start":{"line":27,"column":42},"end":{"line":29,"column":3}},"18":{"start":{"line":31,"column":17},"end":{"line":31,"column":46}},"19":{"start":{"line":34,"column":16},"end":{"line":34,"column":26}},"20":{"start":{"line":35,"column":19},"end":{"line":35,"column":39}},"21":{"start":{"line":37,"column":24},"end":{"line":64,"column":34}},"22":{"start":{"line":38,"column":4},"end":{"line":63,"column":7}},"23":{"start":{"line":39,"column":23},"end":{"line":39,"column":50}},"24":{"start":{"line":40,"column":24},"end":{"line":40,"column":35}},"25":{"start":{"line":41,"column":22},"end":{"line":41,"column":51}},"26":{"start":{"line":43,"column":23},"end":{"line":49,"column":7}},"27":{"start":{"line":52,"column":21},"end":{"line":52,"column":47}},"28":{"start":{"line":53,"column":21},"end":{"line":58,"column":9}},"29":{"start":{"line":53,"column":52},"end":{"line":58,"column":7}},"30":{"start":{"line":60,"column":4},"end":{"line":60,"column":28}},"31":{"start":{"line":62,"column":8},"end":{"line":62,"column":63}},"32":{"start":{"line":66,"column":2},"end":{"line":68,"column":48}},"33":{"start":{"line":67,"column":6},"end":{"line":67,"column":22}},"34":{"start":{"line":70,"column":21},"end":{"line":77,"column":3}},"35":{"start":{"line":71,"column":4},"end":{"line":76,"column":7}},"36":{"start":{"line":72,"column":16},"end":{"line":72,"column":30}},"37":{"start":{"line":73,"column":6},"end":{"line":73,"column":35}},"38":{"start":{"line":74,"column":6},"end":{"line":74,"column":36}},"39":{"start":{"line":74,"column":24},"end":{"line":74,"column":36}},"40":{"start":{"line":75,"column":6},"end":{"line":75,"column":15}},"41":{"start":{"line":79,"column":21},"end":{"line":89,"column":3}},"42":{"start":{"line":80,"column":4},"end":{"line":88,"column":7}},"43":{"start":{"line":81,"column":16},"end":{"line":81,"column":30}},"44":{"start":{"line":82,"column":6},"end":{"line":82,"column":35}},"45":{"start":{"line":84,"column":8},"end":{"line":85,"column":84}},"46":{"start":{"line":86,"column":6},"end":{"line":86,"column":33}},"47":{"start":{"line":86,"column":21},"end":{"line":86,"column":33}},"48":{"start":{"line":87,"column":6},"end":{"line":87,"column":15}},"49":{"start":{"line":91,"column":25},"end":{"line":91,"column":59}},"50":{"start":{"line":93,"column":4},"end":{"line":94,"column":48}},"51":{"start":{"line":96,"column":1},"end":{"line":156,"column":2}},"52":{"start":{"line":138,"column":12},"end":{"line":138,"column":66}},"53":{"start":{"line":138,"column":45},"end":{"line":138,"column":66}},"54":{"start":{"line":139,"column":26},"end":{"line":139,"column":50}},"55":{"start":{"line":140,"column":26},"end":{"line":140,"column":49}},"56":{"start":{"line":141,"column":12},"end":{"line":141,"column":58}},"57":{"start":{"line":141,"column":34},"end":{"line":141,"column":58}},"58":{"start":{"line":142,"column":12},"end":{"line":142,"column":56}},"59":{"start":{"line":142,"column":33},"end":{"line":142,"column":56}},"60":{"start":{"line":143,"column":12},"end":{"line":143,"column":27}},"61":{"start":{"line":145,"column":40},"end":{"line":149,"column":11}}},"fnMap":{"0":{"name":"(anonymous_0)","decl":{"start":{"line":6,"column":19},"end":{"line":6,"column":20}},"loc":{"start":{"line":6,"column":29},"end":{"line":11,"column":1}},"line":6},"1":{"name":"(anonymous_1)","decl":{"start":{"line":13,"column":22},"end":{"line":13,"column":23}},"loc":{"start":{"line":13,"column":38},"end":{"line":23,"column":1}},"line":13},"2":{"name":"(anonymous_2)","decl":{"start":{"line":25,"column":28},"end":{"line":25,"column":29}},"loc":{"start":{"line":25,"column":48},"end":{"line":158,"column":1}},"line":25},"3":{"name":"(anonymous_3)","decl":{"start":{"line":37,"column":36},"end":{"line":37,"column":37}},"loc":{"start":{"line":37,"column":48},"end":{"line":64,"column":5}},"line":37},"4":{"name":"(anonymous_4)","decl":{"start":{"line":53,"column":34},"end":{"line":53,"column":35}},"loc":{"start":{"line":53,"column":52},"end":{"line":58,"column":7}},"line":53},"5":{"name":"(anonymous_5)","decl":{"start":{"line":66,"column":12},"end":{"line":66,"column":13}},"loc":{"start":{"line":66,"column":18},"end":{"line":68,"column":3}},"line":66},"6":{"name":"(anonymous_6)","decl":{"start":{"line":70,"column":21},"end":{"line":70,"column":22}},"loc":{"start":{"line":70,"column":27},"end":{"line":77,"column":3}},"line":70},"7":{"name":"(anonymous_7)","decl":{"start":{"line":71,"column":20},"end":{"line":71,"column":21}},"loc":{"start":{"line":71,"column":30},"end":{"line":76,"column":5}},"line":71},"8":{"name":"(anonymous_8)","decl":{"start":{"line":79,"column":21},"end":{"line":79,"column":22}},"loc":{"start":{"line":79,"column":27},"end":{"line":89,"column":3}},"line":79},"9":{"name":"(anonymous_9)","decl":{"start":{"line":80,"column":20},"end":{"line":80,"column":21}},"loc":{"start":{"line":80,"column":30},"end":{"line":88,"column":5}},"line":80},"10":{"name":"(anonymous_10)","decl":{"start":{"line":137,"column":25},"end":{"line":137,"column":26}},"loc":{"start":{"line":137,"column":36},"end":{"line":144,"column":11}},"line":137},"11":{"name":"(anonymous_11)","decl":{"start":{"line":145,"column":28},"end":{"line":145,"column":29}},"loc":{"start":{"line":145,"column":40},"end":{"line":149,"column":11}},"line":145}},"branchMap":{"0":{"loc":{"start":{"line":52,"column":21},"end":{"line":52,"column":47}},"type":"binary-expr","locations":[{"start":{"line":52,"column":21},"end":{"line":52,"column":41}},{"start":{"line":52,"column":45},"end":{"line":52,"column":47}}],"line":52},"1":{"loc":{"start":{"line":55,"column":15},"end":{"line":55,"column":32}},"type":"binary-expr","locations":[{"start":{"line":55,"column":15},"end":{"line":55,"column":27}},{"start":{"line":55,"column":31},"end":{"line":55,"column":32}}],"line":55},"2":{"loc":{"start":{"line":74,"column":6},"end":{"line":74,"column":36}},"type":"if","locations":[{"start":{"line":74,"column":6},"end":{"line":74,"column":36}},{"start":{},"end":{}}],"line":74},"3":{"loc":{"start":{"line":84,"column":8},"end":{"line":85,"column":84}},"type":"binary-expr","locations":[{"start":{"line":84,"column":8},"end":{"line":84,"column":45}},{"start":{"line":85,"column":9},"end":{"line":85,"column":48}},{"start":{"line":85,"column":52},"end":{"line":85,"column":83}}],"line":84},"4":{"loc":{"start":{"line":86,"column":6},"end":{"line":86,"column":33}},"type":"if","locations":[{"start":{"line":86,"column":6},"end":{"line":86,"column":33}},{"start":{},"end":{}}],"line":86},"5":{"loc":{"start":{"line":93,"column":4},"end":{"line":94,"column":48}},"type":"binary-expr","locations":[{"start":{"line":93,"column":4},"end":{"line":93,"column":54}},{"start":{"line":94,"column":4},"end":{"line":94,"column":48}}],"line":93},"6":{"loc":{"start":{"line":138,"column":12},"end":{"line":138,"column":66}},"type":"if","locations":[{"start":{"line":138,"column":12},"end":{"line":138,"column":66}},{"start":{},"end":{}}],"line":138},"7":{"loc":{"start":{"line":138,"column":16},"end":{"line":138,"column":43}},"type":"binary-expr","locations":[{"start":{"line":138,"column":16},"end":{"line":138,"column":22}},{"start":{"line":138,"column":26},"end":{"line":138,"column":43}}],"line":138},"8":{"loc":{"start":{"line":141,"column":12},"end":{"line":141,"column":58}},"type":"if","locations":[{"start":{"line":141,"column":12},"end":{"line":141,"column":58}},{"start":{},"end":{}}],"line":141},"9":{"loc":{"start":{"line":142,"column":12},"end":{"line":142,"column":56}},"type":"if","locations":[{"start":{"line":142,"column":12},"end":{"line":142,"column":56}},{"start":{},"end":{}}],"line":142},"10":{"loc":{"start":{"line":146,"column":24},"end":{"line":148,"column":25}},"type":"cond-expr","locations":[{"start":{"line":147,"column":16},"end":{"line":147,"column":58}},{"start":{"line":148,"column":16},"end":{"line":148,"column":25}}],"line":146}},"s":{"0":1,"1":30,"2":30,"3":30,"4":30,"5":1,"6":1,"7":1,"8":1,"9":1,"10":1,"11":1,"12":30,"13":30,"14":1,"15":1,"16":1,"17":1,"18":1,"19":1,"20":1,"21":1,"22":1,"23":1,"24":1,"25":1,"26":1,"27":1,"28":1,"29":30,"30":1,"31":0,"32":1,"33":1,"34":1,"35":0,"36":0,"37":0,"38":0,"39":0,"40":0,"41":1,"42":0,"43":0,"44":0,"45":0,"46":0,"47":0,"48":0,"49":1,"50":1,"51":1,"52":0,"53":0,"54":0,"55":0,"56":0,"57":0,"58":0,"59":0,"60":0,"61":0},"f":{"0":30,"1":1,"2":1,"3":1,"4":30,"5":1,"6":0,"7":0,"8":0,"9":0,"10":0,"11":0},"b":{"0":[1,0],"1":[30,30],"2":[0,0],"3":[0,0,0],"4":[0,0],"5":[1,1],"6":[0,0],"7":[0,0],"8":[0,0],"9":[0,0],"10":[0,0]},"_coverageSchema":"1a1c01bbd47fc00a2c39e90264f33305004495a9","hash":"d76f9a842238984daeefa09481a18a8515be852f"}
,"/Users/hta391/Documents/SkyLearning/SkyProjectGroup5/react-frontend/src/components/Card.jsx": {"path":"/Users/hta391/Documents/SkyLearning/SkyProjectGroup5/react-frontend/src/components/Card.jsx","statementMap":{"0":{"start":{"line":4,"column":13},"end":{"line":13,"column":1}},"1":{"start":{"line":5,"column":2},"end":{"line":12,"column":4}},"2":{"start":{"line":14,"column":0},"end":{"line":14,"column":26}},"3":{"start":{"line":16,"column":20},"end":{"line":22,"column":1}},"4":{"start":{"line":17,"column":2},"end":{"line":21,"column":4}},"5":{"start":{"line":23,"column":0},"end":{"line":23,"column":40}}},"fnMap":{"0":{"name":"(anonymous_0)","decl":{"start":{"line":4,"column":13},"end":{"line":4,"column":14}},"loc":{"start":{"line":5,"column":2},"end":{"line":12,"column":4}},"line":5},"1":{"name":"(anonymous_1)","decl":{"start":{"line":16,"column":20},"end":{"line":16,"column":21}},"loc":{"start":{"line":17,"column":2},"end":{"line":21,"column":4}},"line":17}},"branchMap":{},"s":{"0":9,"1":151,"2":9,"3":9,"4":131,"5":9},"f":{"0":151,"1":131},"b":{},"_coverageSchema":"1a1c01bbd47fc00a2c39e90264f33305004495a9","hash":"4c5202b488503245f72af8be88a77c714ffb3c2a"}
,"/Users/hta391/Documents/SkyLearning/SkyProjectGroup5/react-frontend/src/components/FAQCard.jsx": {"path":"/Users/hta391/Documents/SkyLearning/SkyProjectGroup5/react-frontend/src/components/FAQCard.jsx","statementMap":{"0":{"start":{"line":3,"column":16},"end":{"line":39,"column":1}},"1":{"start":{"line":4,"column":26},"end":{"line":4,"column":41}},"2":{"start":{"line":5,"column":13},"end":{"line":5,"column":20}},"3":{"start":{"line":7,"column":2},"end":{"line":38,"column":4}},"4":{"start":{"line":12,"column":21},"end":{"line":12,"column":39}},"5":{"start":{"line":12,"column":36},"end":{"line":12,"column":38}}},"fnMap":{"0":{"name":"(anonymous_0)","decl":{"start":{"line":3,"column":16},"end":{"line":3,"column":17}},"loc":{"start":{"line":3,"column":42},"end":{"line":39,"column":1}},"line":3},"1":{"name":"(anonymous_1)","decl":{"start":{"line":12,"column":15},"end":{"line":12,"column":16}},"loc":{"start":{"line":12,"column":21},"end":{"line":12,"column":39}},"line":12},"2":{"name":"(anonymous_2)","decl":{"start":{"line":12,"column":29},"end":{"line":12,"column":30}},"loc":{"start":{"line":12,"column":36},"end":{"line":12,"column":38}},"line":12}},"branchMap":{"0":{"loc":{"start":{"line":23,"column":72},"end":{"line":23,"column":88}},"type":"cond-expr","locations":[{"start":{"line":23,"column":79},"end":{"line":23,"column":82}},{"start":{"line":23,"column":85},"end":{"line":23,"column":88}}],"line":23},"1":{"loc":{"start":{"line":32,"column":10},"end":{"line":32,"column":61}},"type":"cond-expr","locations":[{"start":{"line":32,"column":17},"end":{"line":32,"column":39}},{"start":{"line":32,"column":42},"end":{"line":32,"column":61}}],"line":32}},"s":{"0":1,"1":2,"2":2,"3":2,"4":1,"5":1},"f":{"0":2,"1":1,"2":1},"b":{"0":[1,1],"1":[1,1]},"_coverageSchema":"1a1c01bbd47fc00a2c39e90264f33305004495a9","hash":"5810ed7cca9d21fa8822fb3f969b593eea8770e4"}
,"/Users/hta391/Documents/SkyLearning/SkyProjectGroup5/react-frontend/src/components/FooterBanner.jsx": {"path":"/Users/hta391/Documents/SkyLearning/SkyProjectGroup5/react-frontend/src/components/FooterBanner.jsx","statementMap":{"0":{"start":{"line":5,"column":21},"end":{"line":69,"column":1}},"1":{"start":{"line":7,"column":22},"end":{"line":16,"column":3}},"2":{"start":{"line":18,"column":2},"end":{"line":68,"column":4}},"3":{"start":{"line":51,"column":16},"end":{"line":59,"column":20}}},"fnMap":{"0":{"name":"(anonymous_0)","decl":{"start":{"line":5,"column":21},"end":{"line":5,"column":22}},"loc":{"start":{"line":5,"column":40},"end":{"line":69,"column":1}},"line":5},"1":{"name":"(anonymous_1)","decl":{"start":{"line":50,"column":31},"end":{"line":50,"column":32}},"loc":{"start":{"line":51,"column":16},"end":{"line":59,"column":20}},"line":51}},"branchMap":{"0":{"loc":{"start":{"line":54,"column":26},"end":{"line":54,"column":74}},"type":"cond-expr","locations":[{"start":{"line":54,"column":56},"end":{"line":54,"column":64}},{"start":{"line":54,"column":67},"end":{"line":54,"column":74}}],"line":54},"1":{"loc":{"start":{"line":55,"column":23},"end":{"line":55,"column":79}},"type":"cond-expr","locations":[{"start":{"line":55,"column":53},"end":{"line":55,"column":74}},{"start":{"line":55,"column":77},"end":{"line":55,"column":79}}],"line":55}},"s":{"0":1,"1":1,"2":1,"3":8},"f":{"0":1,"1":8},"b":{"0":[8,0],"1":[8,0]},"_coverageSchema":"1a1c01bbd47fc00a2c39e90264f33305004495a9","hash":"1665327d0c4ab934f78fef6bc2073e1b41646604"}
,"/Users/hta391/Documents/SkyLearning/SkyProjectGroup5/react-frontend/src/components/GradientAccent.jsx": {"path":"/Users/hta391/Documents/SkyLearning/SkyProjectGroup5/react-frontend/src/components/GradientAccent.jsx","statementMap":{"0":{"start":{"line":4,"column":23},"end":{"line":13,"column":1}},"1":{"start":{"line":5,"column":2},"end":{"line":12,"column":4}}},"fnMap":{"0":{"name":"(anonymous_0)","decl":{"start":{"line":4,"column":23},"end":{"line":4,"column":24}},"loc":{"start":{"line":4,"column":42},"end":{"line":13,"column":1}},"line":4}},"branchMap":{},"s":{"0":1,"1":2},"f":{"0":2},"b":{},"_coverageSchema":"1a1c01bbd47fc00a2c39e90264f33305004495a9","hash":"99a11f0b88197727c0d3662115188de38996e5f8"}
,"/Users/hta391/Documents/SkyLearning/SkyProjectGroup5/react-frontend/src/components/HeaderBanner.jsx": {"path":"/Users/hta391/Documents/SkyLearning/SkyProjectGroup5/react-frontend/src/components/HeaderBanner.jsx","statementMap":{"0":{"start":{"line":6,"column":21},"end":{"line":39,"column":1}},"1":{"start":{"line":7,"column":22},"end":{"line":7,"column":79}},"2":{"start":{"line":9,"column":2},"end":{"line":38,"column":4}}},"fnMap":{"0":{"name":"(anonymous_0)","decl":{"start":{"line":6,"column":21},"end":{"line":6,"column":22}},"loc":{"start":{"line":6,"column":96},"end":{"line":39,"column":1}},"line":6}},"branchMap":{"0":{"loc":{"start":{"line":6,"column":36},"end":{"line":6,"column":48}},"type":"default-arg","locations":[{"start":{"line":6,"column":44},"end":{"line":6,"column":48}}],"line":6},"1":{"loc":{"start":{"line":6,"column":50},"end":{"line":6,"column":70}},"type":"default-arg","locations":[{"start":{"line":6,"column":62},"end":{"line":6,"column":70}}],"line":6},"2":{"loc":{"start":{"line":6,"column":72},"end":{"line":6,"column":89}},"type":"default-arg","locations":[{"start":{"line":6,"column":85},"end":{"line":6,"column":89}}],"line":6},"3":{"loc":{"start":{"line":7,"column":22},"end":{"line":7,"column":79}},"type":"cond-expr","locations":[{"start":{"line":7,"column":45},"end":{"line":7,"column":60}},{"start":{"line":7,"column":63},"end":{"line":7,"column":79}}],"line":7},"4":{"loc":{"start":{"line":14,"column":5},"end":{"line":28,"column":5}},"type":"cond-expr","locations":[{"start":{"line":15,"column":6},"end":{"line":21,"column":13}},{"start":{"line":23,"column":6},"end":{"line":27,"column":8}}],"line":14},"5":{"loc":{"start":{"line":30,"column":5},"end":{"line":34,"column":5}},"type":"binary-expr","locations":[{"start":{"line":30,"column":5},"end":{"line":30,"column":25}},{"start":{"line":30,"column":29},"end":{"line":30,"column":35}},{"start":{"line":31,"column":6},"end":{"line":33,"column":12}}],"line":30}},"s":{"0":1,"1":1,"2":1},"f":{"0":1},"b":{"0":[0],"1":[0],"2":[1],"3":[1,0],"4":[1,0],"5":[1,1,1]},"_coverageSchema":"1a1c01bbd47fc00a2c39e90264f33305004495a9","hash":"e2bc29ad626260e2371a7c415ee00ae1fb1baf55"}
,"/Users/hta391/Documents/SkyLearning/SkyProjectGroup5/react-frontend/src/components/Input.jsx": {"path":"/Users/hta391/Documents/SkyLearning/SkyProjectGroup5/react-frontend/src/components/Input.jsx","statementMap":{"0":{"start":{"line":4,"column":14},"end":{"line":81,"column":1}},"1":{"start":{"line":5,"column":38},"end":{"line":5,"column":53}},"2":{"start":{"line":6,"column":48},"end":{"line":6,"column":63}},"3":{"start":{"line":7,"column":21},"end":{"line":7,"column":66}},"4":{"start":{"line":8,"column":28},"end":{"line":8,"column":82}},"5":{"start":{"line":11,"column":22},"end":{"line":11,"column":31}},"6":{"start":{"line":12,"column":21},"end":{"line":12,"column":30}},"7":{"start":{"line":14,"column":4},"end":{"line":20,"column":5}},"8":{"start":{"line":15,"column":6},"end":{"line":15,"column":30}},"9":{"start":{"line":16,"column":6},"end":{"line":16,"column":29}},"10":{"start":{"line":17,"column":11},"end":{"line":20,"column":5}},"11":{"start":{"line":18,"column":6},"end":{"line":18,"column":30}},"12":{"start":{"line":19,"column":6},"end":{"line":19,"column":29}},"13":{"start":{"line":22,"column":4},"end":{"line":80,"column":6}},"14":{"start":{"line":55,"column":14},"end":{"line":55,"column":33}},"15":{"start":{"line":56,"column":14},"end":{"line":56,"column":38}},"16":{"start":{"line":57,"column":14},"end":{"line":57,"column":33}},"17":{"start":{"line":60,"column":14},"end":{"line":60,"column":34}},"18":{"start":{"line":61,"column":14},"end":{"line":61,"column":32}},"19":{"start":{"line":82,"column":0},"end":{"line":82,"column":28}}},"fnMap":{"0":{"name":"(anonymous_0)","decl":{"start":{"line":4,"column":14},"end":{"line":4,"column":15}},"loc":{"start":{"line":4,"column":86},"end":{"line":81,"column":1}},"line":4},"1":{"name":"(anonymous_1)","decl":{"start":{"line":54,"column":21},"end":{"line":54,"column":22}},"loc":{"start":{"line":54,"column":28},"end":{"line":58,"column":13}},"line":54},"2":{"name":"(anonymous_2)","decl":{"start":{"line":59,"column":20},"end":{"line":59,"column":21}},"loc":{"start":{"line":59,"column":27},"end":{"line":62,"column":13}},"line":59}},"branchMap":{"0":{"loc":{"start":{"line":7,"column":21},"end":{"line":7,"column":66}},"type":"binary-expr","locations":[{"start":{"line":7,"column":21},"end":{"line":7,"column":32}},{"start":{"line":7,"column":36},"end":{"line":7,"column":66}}],"line":7},"1":{"loc":{"start":{"line":8,"column":28},"end":{"line":8,"column":82}},"type":"binary-expr","locations":[{"start":{"line":8,"column":28},"end":{"line":8,"column":37}},{"start":{"line":8,"column":41},"end":{"line":8,"column":55}},{"start":{"line":8,"column":59},"end":{"line":8,"column":69}},{"start":{"line":8,"column":73},"end":{"line":8,"column":82}}],"line":8},"2":{"loc":{"start":{"line":14,"column":4},"end":{"line":20,"column":5}},"type":"if","locations":[{"start":{"line":14,"column":4},"end":{"line":20,"column":5}},{"start":{"line":17,"column":11},"end":{"line":20,"column":5}}],"line":14},"3":{"loc":{"start":{"line":17,"column":11},"end":{"line":20,"column":5}},"type":"if","locations":[{"start":{"line":17,"column":11},"end":{"line":20,"column":5}},{"start":{},"end":{}}],"line":17},"4":{"loc":{"start":{"line":17,"column":15},"end":{"line":17,"column":42}},"type":"binary-expr","locations":[{"start":{"line":17,"column":15},"end":{"line":17,"column":29}},{"start":{"line":17,"column":33},"end":{"line":17,"column":42}}],"line":17},"5":{"loc":{"start":{"line":25,"column":11},"end":{"line":38,"column":11}},"type":"binary-expr","locations":[{"start":{"line":25,"column":11},"end":{"line":25,"column":16}},{"start":{"line":26,"column":12},"end":{"line":37,"column":20}}],"line":25},"6":{"loc":{"start":{"line":31,"column":18},"end":{"line":31,"column":124}},"type":"cond-expr","locations":[{"start":{"line":31,"column":63},"end":{"line":31,"column":83}},{"start":{"line":31,"column":86},"end":{"line":31,"column":124}}],"line":31},"7":{"loc":{"start":{"line":31,"column":18},"end":{"line":31,"column":60}},"type":"binary-expr","locations":[{"start":{"line":31,"column":18},"end":{"line":31,"column":27}},{"start":{"line":31,"column":31},"end":{"line":31,"column":42}},{"start":{"line":31,"column":46},"end":{"line":31,"column":60}}],"line":31},"8":{"loc":{"start":{"line":49,"column":27},"end":{"line":49,"column":52}},"type":"cond-expr","locations":[{"start":{"line":49,"column":39},"end":{"line":49,"column":44}},{"start":{"line":49,"column":47},"end":{"line":49,"column":52}}],"line":49},"9":{"loc":{"start":{"line":69,"column":14},"end":{"line":71,"column":52}},"type":"cond-expr","locations":[{"start":{"line":70,"column":18},"end":{"line":70,"column":53}},{"start":{"line":71,"column":18},"end":{"line":71,"column":52}}],"line":69}},"s":{"0":1,"1":1,"2":1,"3":1,"4":1,"5":1,"6":1,"7":1,"8":0,"9":0,"10":1,"11":0,"12":0,"13":1,"14":0,"15":0,"16":0,"17":0,"18":0,"19":1},"f":{"0":1,"1":0,"2":0},"b":{"0":[1,0],"1":[1,0,0,0],"2":[0,1],"3":[0,1],"4":[1,0],"5":[1,1],"6":[0,1],"7":[1,1,1],"8":[0,1],"9":[0,1]},"_coverageSchema":"1a1c01bbd47fc00a2c39e90264f33305004495a9","hash":"8da7c29eaf160b083a71ba28a5b6a136aa101ed0"}
,"/Users/hta391/Documents/SkyLearning/SkyProjectGroup5/react-frontend/src/components/MultipleRadioQuestion.jsx": {"path":"/Users/hta391/Documents/SkyLearning/SkyProjectGroup5/react-frontend/src/components/MultipleRadioQuestion.jsx","statementMap":{"0":{"start":{"line":4,"column":28},"end":{"line":43,"column":1}},"1":{"start":{"line":5,"column":23},"end":{"line":13,"column":3}},"2":{"start":{"line":6,"column":4},"end":{"line":12,"column":5}},"3":{"start":{"line":8,"column":6},"end":{"line":8,"column":53}},"4":{"start":{"line":8,"column":39},"end":{"line":8,"column":50}},"5":{"start":{"line":11,"column":6},"end":{"line":11,"column":38}},"6":{"start":{"line":15,"column":2},"end":{"line":42,"column":4}},"7":{"start":{"line":23,"column":12},"end":{"line":37,"column":20}},"8":{"start":{"line":31,"column":32},"end":{"line":31,"column":58}}},"fnMap":{"0":{"name":"(anonymous_0)","decl":{"start":{"line":4,"column":28},"end":{"line":4,"column":29}},"loc":{"start":{"line":4,"column":81},"end":{"line":43,"column":1}},"line":4},"1":{"name":"(anonymous_1)","decl":{"start":{"line":5,"column":23},"end":{"line":5,"column":24}},"loc":{"start":{"line":5,"column":34},"end":{"line":13,"column":3}},"line":5},"2":{"name":"(anonymous_2)","decl":{"start":{"line":8,"column":32},"end":{"line":8,"column":33}},"loc":{"start":{"line":8,"column":39},"end":{"line":8,"column":50}},"line":8},"3":{"name":"(anonymous_3)","decl":{"start":{"line":22,"column":23},"end":{"line":22,"column":24}},"loc":{"start":{"line":23,"column":12},"end":{"line":37,"column":20}},"line":23},"4":{"name":"(anonymous_4)","decl":{"start":{"line":31,"column":26},"end":{"line":31,"column":27}},"loc":{"start":{"line":31,"column":32},"end":{"line":31,"column":58}},"line":31}},"branchMap":{"0":{"loc":{"start":{"line":4,"column":40},"end":{"line":4,"column":52}},"type":"default-arg","locations":[{"start":{"line":4,"column":50},"end":{"line":4,"column":52}}],"line":4},"1":{"loc":{"start":{"line":6,"column":4},"end":{"line":12,"column":5}},"type":"if","locations":[{"start":{"line":6,"column":4},"end":{"line":12,"column":5}},{"start":{"line":9,"column":11},"end":{"line":12,"column":5}}],"line":6}},"s":{"0":1,"1":1,"2":1,"3":0,"4":0,"5":1,"6":1,"7":2,"8":1},"f":{"0":1,"1":1,"2":0,"3":2,"4":1},"b":{"0":[0],"1":[0,1]},"_coverageSchema":"1a1c01bbd47fc00a2c39e90264f33305004495a9","hash":"b8dcc65c5e1eb23ae4fff6233a0b6822b9a56c01"}
,"/Users/hta391/Documents/SkyLearning/SkyProjectGroup5/react-frontend/src/components/MyPieChart.jsx": {"path":"/Users/hta391/Documents/SkyLearning/SkyProjectGroup5/react-frontend/src/components/MyPieChart.jsx","statementMap":{"0":{"start":{"line":4,"column":15},"end":{"line":4,"column":48}},"1":{"start":{"line":7,"column":40},"end":{"line":7,"column":67}},"2":{"start":{"line":9,"column":2},"end":{"line":13,"column":9}},"3":{"start":{"line":10,"column":25},"end":{"line":10,"column":64}},"4":{"start":{"line":10,"column":31},"end":{"line":10,"column":64}},"5":{"start":{"line":11,"column":4},"end":{"line":11,"column":52}},"6":{"start":{"line":12,"column":4},"end":{"line":12,"column":68}},"7":{"start":{"line":12,"column":17},"end":{"line":12,"column":67}},"8":{"start":{"line":16,"column":22},"end":{"line":16,"column":50}},"9":{"start":{"line":17,"column":17},"end":{"line":17,"column":46}},"10":{"start":{"line":19,"column":15},"end":{"line":23,"column":3}},"11":{"start":{"line":25,"column":2},"end":{"line":44,"column":4}},"12":{"start":{"line":37,"column":12},"end":{"line":37,"column":79}}},"fnMap":{"0":{"name":"MyPieChart","decl":{"start":{"line":6,"column":9},"end":{"line":6,"column":19}},"loc":{"start":{"line":6,"column":77},"end":{"line":45,"column":1}},"line":6},"1":{"name":"(anonymous_1)","decl":{"start":{"line":9,"column":12},"end":{"line":9,"column":13}},"loc":{"start":{"line":9,"column":18},"end":{"line":13,"column":3}},"line":9},"2":{"name":"(anonymous_2)","decl":{"start":{"line":10,"column":25},"end":{"line":10,"column":26}},"loc":{"start":{"line":10,"column":31},"end":{"line":10,"column":64}},"line":10},"3":{"name":"(anonymous_3)","decl":{"start":{"line":12,"column":11},"end":{"line":12,"column":12}},"loc":{"start":{"line":12,"column":17},"end":{"line":12,"column":67}},"line":12},"4":{"name":"(anonymous_4)","decl":{"start":{"line":36,"column":20},"end":{"line":36,"column":21}},"loc":{"start":{"line":37,"column":12},"end":{"line":37,"column":79}},"line":37}},"branchMap":{"0":{"loc":{"start":{"line":16,"column":22},"end":{"line":16,"column":50}},"type":"cond-expr","locations":[{"start":{"line":16,"column":42},"end":{"line":16,"column":44}},{"start":{"line":16,"column":47},"end":{"line":16,"column":50}}],"line":16},"1":{"loc":{"start":{"line":17,"column":17},"end":{"line":17,"column":46}},"type":"cond-expr","locations":[{"start":{"line":17,"column":37},"end":{"line":17,"column":40}},{"start":{"line":17,"column":43},"end":{"line":17,"column":46}}],"line":17}},"s":{"0":1,"1":1,"2":1,"3":1,"4":0,"5":1,"6":1,"7":1,"8":1,"9":1,"10":1,"11":1,"12":3},"f":{"0":1,"1":1,"2":0,"3":1,"4":3},"b":{"0":[0,1],"1":[0,1]},"_coverageSchema":"1a1c01bbd47fc00a2c39e90264f33305004495a9","hash":"a0d79c71ba4fcc540daa146e6e8beb5ba6e80626"}
,"/Users/hta391/Documents/SkyLearning/SkyProjectGroup5/react-frontend/src/components/Navbar.jsx": {"path":"/Users/hta391/Documents/SkyLearning/SkyProjectGroup5/react-frontend/src/components/Navbar.jsx","statementMap":{"0":{"start":{"line":8,"column":15},"end":{"line":187,"column":1}},"1":{"start":{"line":9,"column":34},"end":{"line":9,"column":49}},"2":{"start":{"line":10,"column":36},"end":{"line":10,"column":48}},"3":{"start":{"line":11,"column":42},"end":{"line":11,"column":54}},"4":{"start":{"line":12,"column":33},"end":{"line":12,"column":45}},"5":{"start":{"line":13,"column":29},"end":{"line":13,"column":41}},"6":{"start":{"line":14,"column":35},"end":{"line":14,"column":47}},"7":{"start":{"line":15,"column":38},"end":{"line":15,"column":53}},"8":{"start":{"line":17,"column":19},"end":{"line":17,"column":32}},"9":{"start":{"line":18,"column":17},"end":{"line":18,"column":46}},"10":{"start":{"line":21,"column":24},"end":{"line":29,"column":3}},"11":{"start":{"line":22,"column":4},"end":{"line":28,"column":9}},"12":{"start":{"line":24,"column":8},"end":{"line":24,"column":44}},"13":{"start":{"line":27,"column":8},"end":{"line":27,"column":58}},"14":{"start":{"line":31,"column":28},"end":{"line":39,"column":3}},"15":{"start":{"line":32,"column":4},"end":{"line":38,"column":5}},"16":{"start":{"line":33,"column":23},"end":{"line":33,"column":98}},"17":{"start":{"line":34,"column":6},"end":{"line":34,"column":68}},"18":{"start":{"line":34,"column":52},"end":{"line":34,"column":65}},"19":{"start":{"line":35,"column":6},"end":{"line":35,"column":67}},"20":{"start":{"line":35,"column":49},"end":{"line":35,"column":64}},"21":{"start":{"line":37,"column":6},"end":{"line":37,"column":65}},"22":{"start":{"line":41,"column":30},"end":{"line":49,"column":3}},"23":{"start":{"line":42,"column":4},"end":{"line":48,"column":5}},"24":{"start":{"line":43,"column":23},"end":{"line":43,"column":98}},"25":{"start":{"line":44,"column":6},"end":{"line":44,"column":65}},"26":{"start":{"line":44,"column":49},"end":{"line":44,"column":62}},"27":{"start":{"line":45,"column":6},"end":{"line":45,"column":64}},"28":{"start":{"line":45,"column":46},"end":{"line":45,"column":61}},"29":{"start":{"line":47,"column":6},"end":{"line":47,"column":62}},"30":{"start":{"line":51,"column":29},"end":{"line":64,"column":3}},"31":{"start":{"line":52,"column":4},"end":{"line":63,"column":5}},"32":{"start":{"line":53,"column":6},"end":{"line":57,"column":8}},"33":{"start":{"line":58,"column":6},"end":{"line":58,"column":34}},"34":{"start":{"line":60,"column":6},"end":{"line":60,"column":59}},"35":{"start":{"line":62,"column":6},"end":{"line":62,"column":60}},"36":{"start":{"line":66,"column":24},"end":{"line":73,"column":1}},"37":{"start":{"line":67,"column":2},"end":{"line":72,"column":3}},"38":{"start":{"line":68,"column":4},"end":{"line":68,"column":78}},"39":{"start":{"line":69,"column":4},"end":{"line":69,"column":18}},"40":{"start":{"line":71,"column":4},"end":{"line":71,"column":47}},"41":{"start":{"line":75,"column":1},"end":{"line":78,"column":18}},"42":{"start":{"line":76,"column":2},"end":{"line":76,"column":22}},"43":{"start":{"line":77,"column":2},"end":{"line":77,"column":24}},"44":{"start":{"line":80,"column":2},"end":{"line":82,"column":9}},"45":{"start":{"line":81,"column":4},"end":{"line":81,"column":20}},"46":{"start":{"line":84,"column":20},"end":{"line":88,"column":3}},"47":{"start":{"line":85,"column":35},"end":{"line":85,"column":53}},"48":{"start":{"line":86,"column":41},"end":{"line":86,"column":63}},"49":{"start":{"line":87,"column":42},"end":{"line":87,"column":60}},"50":{"start":{"line":90,"column":20},"end":{"line":93,"column":3}},"51":{"start":{"line":91,"column":38},"end":{"line":91,"column":58}},"52":{"start":{"line":95,"column":2},"end":{"line":186,"column":4}},"53":{"start":{"line":102,"column":12},"end":{"line":109,"column":21}},"54":{"start":{"line":118,"column":27},"end":{"line":118,"column":46}},"55":{"start":{"line":127,"column":12},"end":{"line":134,"column":21}},"56":{"start":{"line":140,"column":25},"end":{"line":140,"column":47}},"57":{"start":{"line":154,"column":14},"end":{"line":164,"column":23}},"58":{"start":{"line":159,"column":18},"end":{"line":159,"column":33}},"59":{"start":{"line":160,"column":18},"end":{"line":160,"column":37}},"60":{"start":{"line":175,"column":10},"end":{"line":175,"column":31}},"61":{"start":{"line":177,"column":10},"end":{"line":177,"column":64}}},"fnMap":{"0":{"name":"(anonymous_0)","decl":{"start":{"line":8,"column":15},"end":{"line":8,"column":16}},"loc":{"start":{"line":8,"column":21},"end":{"line":187,"column":1}},"line":8},"1":{"name":"(anonymous_1)","decl":{"start":{"line":21,"column":24},"end":{"line":21,"column":25}},"loc":{"start":{"line":21,"column":36},"end":{"line":29,"column":3}},"line":21},"2":{"name":"(anonymous_2)","decl":{"start":{"line":23,"column":12},"end":{"line":23,"column":13}},"loc":{"start":{"line":23,"column":24},"end":{"line":25,"column":7}},"line":23},"3":{"name":"(anonymous_3)","decl":{"start":{"line":26,"column":13},"end":{"line":26,"column":14}},"loc":{"start":{"line":26,"column":22},"end":{"line":28,"column":7}},"line":26},"4":{"name":"(anonymous_4)","decl":{"start":{"line":31,"column":28},"end":{"line":31,"column":29}},"loc":{"start":{"line":31,"column":40},"end":{"line":39,"column":3}},"line":31},"5":{"name":"(anonymous_5)","decl":{"start":{"line":34,"column":40},"end":{"line":34,"column":41}},"loc":{"start":{"line":34,"column":52},"end":{"line":34,"column":65}},"line":34},"6":{"name":"(anonymous_6)","decl":{"start":{"line":35,"column":37},"end":{"line":35,"column":38}},"loc":{"start":{"line":35,"column":49},"end":{"line":35,"column":64}},"line":35},"7":{"name":"(anonymous_7)","decl":{"start":{"line":41,"column":30},"end":{"line":41,"column":31}},"loc":{"start":{"line":41,"column":42},"end":{"line":49,"column":3}},"line":41},"8":{"name":"(anonymous_8)","decl":{"start":{"line":44,"column":37},"end":{"line":44,"column":38}},"loc":{"start":{"line":44,"column":49},"end":{"line":44,"column":62}},"line":44},"9":{"name":"(anonymous_9)","decl":{"start":{"line":45,"column":34},"end":{"line":45,"column":35}},"loc":{"start":{"line":45,"column":46},"end":{"line":45,"column":61}},"line":45},"10":{"name":"(anonymous_10)","decl":{"start":{"line":51,"column":29},"end":{"line":51,"column":30}},"loc":{"start":{"line":51,"column":49},"end":{"line":64,"column":3}},"line":51},"11":{"name":"(anonymous_11)","decl":{"start":{"line":66,"column":24},"end":{"line":66,"column":25}},"loc":{"start":{"line":66,"column":36},"end":{"line":73,"column":1}},"line":66},"12":{"name":"(anonymous_12)","decl":{"start":{"line":75,"column":11},"end":{"line":75,"column":12}},"loc":{"start":{"line":75,"column":17},"end":{"line":78,"column":2}},"line":75},"13":{"name":"(anonymous_13)","decl":{"start":{"line":80,"column":12},"end":{"line":80,"column":13}},"loc":{"start":{"line":80,"column":18},"end":{"line":82,"column":3}},"line":80},"14":{"name":"(anonymous_14)","decl":{"start":{"line":85,"column":29},"end":{"line":85,"column":30}},"loc":{"start":{"line":85,"column":35},"end":{"line":85,"column":53}},"line":85},"15":{"name":"(anonymous_15)","decl":{"start":{"line":86,"column":35},"end":{"line":86,"column":36}},"loc":{"start":{"line":86,"column":41},"end":{"line":86,"column":63}},"line":86},"16":{"name":"(anonymous_16)","decl":{"start":{"line":87,"column":36},"end":{"line":87,"column":37}},"loc":{"start":{"line":87,"column":42},"end":{"line":87,"column":60}},"line":87},"17":{"name":"(anonymous_17)","decl":{"start":{"line":91,"column":32},"end":{"line":91,"column":33}},"loc":{"start":{"line":91,"column":38},"end":{"line":91,"column":58}},"line":91},"18":{"name":"(anonymous_18)","decl":{"start":{"line":101,"column":25},"end":{"line":101,"column":26}},"loc":{"start":{"line":102,"column":12},"end":{"line":109,"column":21}},"line":102},"19":{"name":"(anonymous_19)","decl":{"start":{"line":118,"column":21},"end":{"line":118,"column":22}},"loc":{"start":{"line":118,"column":27},"end":{"line":118,"column":46}},"line":118},"20":{"name":"(anonymous_20)","decl":{"start":{"line":126,"column":25},"end":{"line":126,"column":26}},"loc":{"start":{"line":127,"column":12},"end":{"line":134,"column":21}},"line":127},"21":{"name":"(anonymous_21)","decl":{"start":{"line":140,"column":19},"end":{"line":140,"column":20}},"loc":{"start":{"line":140,"column":25},"end":{"line":140,"column":47}},"line":140},"22":{"name":"(anonymous_22)","decl":{"start":{"line":153,"column":46},"end":{"line":153,"column":47}},"loc":{"start":{"line":154,"column":14},"end":{"line":164,"column":23}},"line":154},"23":{"name":"(anonymous_23)","decl":{"start":{"line":158,"column":25},"end":{"line":158,"column":26}},"loc":{"start":{"line":158,"column":31},"end":{"line":161,"column":17}},"line":158},"24":{"name":"(anonymous_24)","decl":{"start":{"line":173,"column":17},"end":{"line":173,"column":18}},"loc":{"start":{"line":173,"column":23},"end":{"line":178,"column":9}},"line":173}},"branchMap":{"0":{"loc":{"start":{"line":143,"column":11},"end":{"line":147,"column":11}},"type":"cond-expr","locations":[{"start":{"line":144,"column":12},"end":{"line":144,"column":57}},{"start":{"line":146,"column":12},"end":{"line":146,"column":47}}],"line":143},"1":{"loc":{"start":{"line":151,"column":9},"end":{"line":167,"column":9}},"type":"binary-expr","locations":[{"start":{"line":151,"column":9},"end":{"line":151,"column":17}},{"start":{"line":152,"column":10},"end":{"line":166,"column":16}}],"line":151}},"s":{"0":2,"1":5,"2":5,"3":5,"4":5,"5":5,"6":5,"7":5,"8":5,"9":5,"10":5,"11":3,"12":3,"13":0,"14":5,"15":3,"16":3,"17":3,"18":4,"19":3,"20":4,"21":0,"22":5,"23":3,"24":3,"25":3,"26":3,"27":3,"28":3,"29":0,"30":5,"31":0,"32":0,"33":0,"34":0,"35":0,"36":5,"37":2,"38":2,"39":1,"40":1,"41":5,"42":3,"43":3,"44":5,"45":3,"46":5,"47":0,"48":0,"49":0,"50":5,"51":0,"52":5,"53":15,"54":0,"55":10,"56":0,"57":0,"58":0,"59":0,"60":0,"61":0},"f":{"0":5,"1":3,"2":3,"3":0,"4":3,"5":4,"6":4,"7":3,"8":3,"9":3,"10":0,"11":2,"12":3,"13":3,"14":0,"15":0,"16":0,"17":0,"18":15,"19":0,"20":10,"21":0,"22":0,"23":0,"24":0},"b":{"0":[0,5],"1":[5,0]},"_coverageSchema":"1a1c01bbd47fc00a2c39e90264f33305004495a9","hash":"b0e9aeb4cbc26a173ef3e3f2a5e256b574279537"}
,"/Users/hta391/Documents/SkyLearning/SkyProjectGroup5/react-frontend/src/components/PointsBarChart.jsx": {"path":"/Users/hta391/Documents/SkyLearning/SkyProjectGroup5/react-frontend/src/components/PointsBarChart.jsx","statementMap":{"0":{"start":{"line":15,"column":23},"end":{"line":25,"column":1}},"1":{"start":{"line":16,"column":28},"end":{"line":16,"column":55}},"2":{"start":{"line":18,"column":2},"end":{"line":22,"column":9}},"3":{"start":{"line":19,"column":25},"end":{"line":19,"column":58}},"4":{"start":{"line":19,"column":31},"end":{"line":19,"column":58}},"5":{"start":{"line":20,"column":4},"end":{"line":20,"column":52}},"6":{"start":{"line":21,"column":4},"end":{"line":21,"column":68}},"7":{"start":{"line":21,"column":17},"end":{"line":21,"column":67}},"8":{"start":{"line":24,"column":2},"end":{"line":24,"column":15}},"9":{"start":{"line":27,"column":23},"end":{"line":191,"column":1}},"10":{"start":{"line":28,"column":22},"end":{"line":28,"column":38}},"11":{"start":{"line":29,"column":22},"end":{"line":29,"column":32}},"12":{"start":{"line":31,"column":17},"end":{"line":31,"column":46}},"13":{"start":{"line":35,"column":22},"end":{"line":35,"column":78}},"14":{"start":{"line":36,"column":24},"end":{"line":36,"column":51}},"15":{"start":{"line":37,"column":24},"end":{"line":37,"column":51}},"16":{"start":{"line":38,"column":25},"end":{"line":38,"column":52}},"17":{"start":{"line":39,"column":18},"end":{"line":39,"column":45}},"18":{"start":{"line":40,"column":26},"end":{"line":40,"column":52}},"19":{"start":{"line":44,"column":24},"end":{"line":49,"column":3}},"20":{"start":{"line":45,"column":24},"end":{"line":45,"column":58}},"21":{"start":{"line":46,"column":17},"end":{"line":46,"column":55}},"22":{"start":{"line":47,"column":17},"end":{"line":47,"column":57}},"23":{"start":{"line":48,"column":4},"end":{"line":48,"column":36}},"24":{"start":{"line":51,"column":27},"end":{"line":71,"column":3}},"25":{"start":{"line":52,"column":27},"end":{"line":52,"column":47}},"26":{"start":{"line":53,"column":22},"end":{"line":53,"column":45}},"27":{"start":{"line":54,"column":30},"end":{"line":54,"column":69}},"28":{"start":{"line":55,"column":24},"end":{"line":57,"column":5}},"29":{"start":{"line":59,"column":22},"end":{"line":59,"column":43}},"30":{"start":{"line":60,"column":4},"end":{"line":60,"column":68}},"31":{"start":{"line":61,"column":20},"end":{"line":61,"column":39}},"32":{"start":{"line":62,"column":4},"end":{"line":62,"column":45}},"33":{"start":{"line":64,"column":23},"end":{"line":68,"column":5}},"34":{"start":{"line":65,"column":18},"end":{"line":65,"column":57}},"35":{"start":{"line":66,"column":20},"end":{"line":66,"column":64}},"36":{"start":{"line":67,"column":6},"end":{"line":67,"column":31}},"37":{"start":{"line":70,"column":4},"end":{"line":70,"column":61}},"38":{"start":{"line":73,"column":23},"end":{"line":79,"column":3}},"39":{"start":{"line":74,"column":19},"end":{"line":77,"column":5}},"40":{"start":{"line":78,"column":4},"end":{"line":78,"column":30}},"41":{"start":{"line":81,"column":22},"end":{"line":81,"column":48}},"42":{"start":{"line":82,"column":27},"end":{"line":82,"column":60}},"43":{"start":{"line":83,"column":23},"end":{"line":83,"column":45}},"44":{"start":{"line":84,"column":28},"end":{"line":84,"column":52}},"45":{"start":{"line":86,"column":30},"end":{"line":86,"column":45}},"46":{"start":{"line":87,"column":17},"end":{"line":87,"column":52}},"47":{"start":{"line":88,"column":38},"end":{"line":88,"column":65}},"48":{"start":{"line":89,"column":36},"end":{"line":89,"column":62}},"49":{"start":{"line":90,"column":26},"end":{"line":90,"column":38}},"50":{"start":{"line":92,"column":20},"end":{"line":92,"column":37}},"51":{"start":{"line":93,"column":18},"end":{"line":93,"column":51}},"52":{"start":{"line":95,"column":20},"end":{"line":112,"column":3}},"53":{"start":{"line":96,"column":4},"end":{"line":111,"column":5}},"54":{"start":{"line":97,"column":23},"end":{"line":100,"column":8}},"55":{"start":{"line":102,"column":28},"end":{"line":106,"column":7}},"56":{"start":{"line":103,"column":8},"end":{"line":105,"column":68}},"57":{"start":{"line":108,"column":6},"end":{"line":108,"column":29}},"58":{"start":{"line":110,"column":6},"end":{"line":110,"column":58}},"59":{"start":{"line":114,"column":2},"end":{"line":116,"column":56}},"60":{"start":{"line":115,"column":4},"end":{"line":115,"column":16}},"61":{"start":{"line":119,"column":2},"end":{"line":190,"column":4}},"62":{"start":{"line":130,"column":23},"end":{"line":130,"column":41}},"63":{"start":{"line":145,"column":32},"end":{"line":145,"column":71}},"64":{"start":{"line":145,"column":52},"end":{"line":145,"column":70}},"65":{"start":{"line":145,"column":80},"end":{"line":145,"column":120}},"66":{"start":{"line":145,"column":101},"end":{"line":145,"column":119}},"67":{"start":{"line":157,"column":32},"end":{"line":157,"column":86}},"68":{"start":{"line":157,"column":52},"end":{"line":157,"column":85}},"69":{"start":{"line":157,"column":95},"end":{"line":157,"column":151}},"70":{"start":{"line":157,"column":116},"end":{"line":157,"column":150}}},"fnMap":{"0":{"name":"(anonymous_0)","decl":{"start":{"line":15,"column":23},"end":{"line":15,"column":24}},"loc":{"start":{"line":15,"column":29},"end":{"line":25,"column":1}},"line":15},"1":{"name":"(anonymous_1)","decl":{"start":{"line":18,"column":12},"end":{"line":18,"column":13}},"loc":{"start":{"line":18,"column":18},"end":{"line":22,"column":3}},"line":18},"2":{"name":"(anonymous_2)","decl":{"start":{"line":19,"column":25},"end":{"line":19,"column":26}},"loc":{"start":{"line":19,"column":31},"end":{"line":19,"column":58}},"line":19},"3":{"name":"(anonymous_3)","decl":{"start":{"line":21,"column":11},"end":{"line":21,"column":12}},"loc":{"start":{"line":21,"column":17},"end":{"line":21,"column":67}},"line":21},"4":{"name":"(anonymous_4)","decl":{"start":{"line":27,"column":23},"end":{"line":27,"column":24}},"loc":{"start":{"line":27,"column":43},"end":{"line":191,"column":1}},"line":27},"5":{"name":"(anonymous_5)","decl":{"start":{"line":44,"column":24},"end":{"line":44,"column":25}},"loc":{"start":{"line":44,"column":34},"end":{"line":49,"column":3}},"line":44},"6":{"name":"(anonymous_6)","decl":{"start":{"line":51,"column":27},"end":{"line":51,"column":28}},"loc":{"start":{"line":51,"column":49},"end":{"line":71,"column":3}},"line":51},"7":{"name":"(anonymous_7)","decl":{"start":{"line":64,"column":23},"end":{"line":64,"column":24}},"loc":{"start":{"line":64,"column":33},"end":{"line":68,"column":5}},"line":64},"8":{"name":"(anonymous_8)","decl":{"start":{"line":73,"column":23},"end":{"line":73,"column":24}},"loc":{"start":{"line":73,"column":39},"end":{"line":79,"column":3}},"line":73},"9":{"name":"(anonymous_9)","decl":{"start":{"line":95,"column":20},"end":{"line":95,"column":21}},"loc":{"start":{"line":95,"column":32},"end":{"line":112,"column":3}},"line":95},"10":{"name":"(anonymous_10)","decl":{"start":{"line":102,"column":46},"end":{"line":102,"column":47}},"loc":{"start":{"line":103,"column":8},"end":{"line":105,"column":68}},"line":103},"11":{"name":"(anonymous_11)","decl":{"start":{"line":114,"column":12},"end":{"line":114,"column":13}},"loc":{"start":{"line":114,"column":18},"end":{"line":116,"column":3}},"line":114},"12":{"name":"(anonymous_12)","decl":{"start":{"line":130,"column":17},"end":{"line":130,"column":18}},"loc":{"start":{"line":130,"column":23},"end":{"line":130,"column":41}},"line":130},"13":{"name":"(anonymous_13)","decl":{"start":{"line":145,"column":26},"end":{"line":145,"column":27}},"loc":{"start":{"line":145,"column":32},"end":{"line":145,"column":71}},"line":145},"14":{"name":"(anonymous_14)","decl":{"start":{"line":145,"column":45},"end":{"line":145,"column":46}},"loc":{"start":{"line":145,"column":52},"end":{"line":145,"column":70}},"line":145},"15":{"name":"(anonymous_15)","decl":{"start":{"line":145,"column":74},"end":{"line":145,"column":75}},"loc":{"start":{"line":145,"column":80},"end":{"line":145,"column":120}},"line":145},"16":{"name":"(anonymous_16)","decl":{"start":{"line":145,"column":94},"end":{"line":145,"column":95}},"loc":{"start":{"line":145,"column":101},"end":{"line":145,"column":119}},"line":145},"17":{"name":"(anonymous_17)","decl":{"start":{"line":157,"column":26},"end":{"line":157,"column":27}},"loc":{"start":{"line":157,"column":32},"end":{"line":157,"column":86}},"line":157},"18":{"name":"(anonymous_18)","decl":{"start":{"line":157,"column":45},"end":{"line":157,"column":46}},"loc":{"start":{"line":157,"column":52},"end":{"line":157,"column":85}},"line":157},"19":{"name":"(anonymous_19)","decl":{"start":{"line":157,"column":89},"end":{"line":157,"column":90}},"loc":{"start":{"line":157,"column":95},"end":{"line":157,"column":151}},"line":157},"20":{"name":"(anonymous_20)","decl":{"start":{"line":157,"column":109},"end":{"line":157,"column":110}},"loc":{"start":{"line":157,"column":116},"end":{"line":157,"column":150}},"line":157}},"branchMap":{"0":{"loc":{"start":{"line":35,"column":22},"end":{"line":35,"column":78}},"type":"cond-expr","locations":[{"start":{"line":35,"column":42},"end":{"line":35,"column":45}},{"start":{"line":35,"column":48},"end":{"line":35,"column":78}}],"line":35},"1":{"loc":{"start":{"line":35,"column":48},"end":{"line":35,"column":78}},"type":"cond-expr","locations":[{"start":{"line":35,"column":69},"end":{"line":35,"column":72}},{"start":{"line":35,"column":75},"end":{"line":35,"column":78}}],"line":35},"2":{"loc":{"start":{"line":36,"column":24},"end":{"line":36,"column":51}},"type":"cond-expr","locations":[{"start":{"line":36,"column":44},"end":{"line":36,"column":46}},{"start":{"line":36,"column":49},"end":{"line":36,"column":51}}],"line":36},"3":{"loc":{"start":{"line":37,"column":24},"end":{"line":37,"column":51}},"type":"cond-expr","locations":[{"start":{"line":37,"column":44},"end":{"line":37,"column":46}},{"start":{"line":37,"column":49},"end":{"line":37,"column":51}}],"line":37},"4":{"loc":{"start":{"line":38,"column":25},"end":{"line":38,"column":52}},"type":"cond-expr","locations":[{"start":{"line":38,"column":45},"end":{"line":38,"column":47}},{"start":{"line":38,"column":50},"end":{"line":38,"column":52}}],"line":38},"5":{"loc":{"start":{"line":39,"column":18},"end":{"line":39,"column":45}},"type":"cond-expr","locations":[{"start":{"line":39,"column":38},"end":{"line":39,"column":40}},{"start":{"line":39,"column":43},"end":{"line":39,"column":45}}],"line":39},"6":{"loc":{"start":{"line":40,"column":26},"end":{"line":40,"column":52}},"type":"cond-expr","locations":[{"start":{"line":40,"column":46},"end":{"line":40,"column":47}},{"start":{"line":40,"column":50},"end":{"line":40,"column":52}}],"line":40},"7":{"loc":{"start":{"line":54,"column":30},"end":{"line":54,"column":69}},"type":"cond-expr","locations":[{"start":{"line":54,"column":48},"end":{"line":54,"column":49}},{"start":{"line":54,"column":52},"end":{"line":54,"column":69}}],"line":54},"8":{"loc":{"start":{"line":84,"column":28},"end":{"line":84,"column":52}},"type":"cond-expr","locations":[{"start":{"line":84,"column":47},"end":{"line":84,"column":48}},{"start":{"line":84,"column":51},"end":{"line":84,"column":52}}],"line":84},"9":{"loc":{"start":{"line":98,"column":26},"end":{"line":98,"column":51}},"type":"cond-expr","locations":[{"start":{"line":98,"column":35},"end":{"line":98,"column":41}},{"start":{"line":98,"column":44},"end":{"line":98,"column":51}}],"line":98},"10":{"loc":{"start":{"line":103,"column":8},"end":{"line":105,"column":68}},"type":"cond-expr","locations":[{"start":{"line":104,"column":12},"end":{"line":104,"column":73}},{"start":{"line":105,"column":12},"end":{"line":105,"column":68}}],"line":103},"11":{"loc":{"start":{"line":126,"column":23},"end":{"line":126,"column":187}},"type":"cond-expr","locations":[{"start":{"line":126,"column":32},"end":{"line":126,"column":115}},{"start":{"line":126,"column":118},"end":{"line":126,"column":187}}],"line":126},"12":{"loc":{"start":{"line":132,"column":10},"end":{"line":132,"column":50}},"type":"cond-expr","locations":[{"start":{"line":132,"column":19},"end":{"line":132,"column":34}},{"start":{"line":132,"column":37},"end":{"line":132,"column":50}}],"line":132},"13":{"loc":{"start":{"line":137,"column":23},"end":{"line":137,"column":188}},"type":"cond-expr","locations":[{"start":{"line":137,"column":33},"end":{"line":137,"column":116}},{"start":{"line":137,"column":119},"end":{"line":137,"column":188}}],"line":137},"14":{"loc":{"start":{"line":145,"column":17},"end":{"line":145,"column":120}},"type":"cond-expr","locations":[{"start":{"line":145,"column":26},"end":{"line":145,"column":71}},{"start":{"line":145,"column":74},"end":{"line":145,"column":120}}],"line":145},"15":{"loc":{"start":{"line":146,"column":18},"end":{"line":146,"column":61}},"type":"cond-expr","locations":[{"start":{"line":146,"column":27},"end":{"line":146,"column":42}},{"start":{"line":146,"column":45},"end":{"line":146,"column":61}}],"line":146},"16":{"loc":{"start":{"line":153,"column":16},"end":{"line":153,"column":63}},"type":"cond-expr","locations":[{"start":{"line":153,"column":25},"end":{"line":153,"column":58}},{"start":{"line":153,"column":61},"end":{"line":153,"column":63}}],"line":153},"17":{"loc":{"start":{"line":157,"column":17},"end":{"line":157,"column":151}},"type":"cond-expr","locations":[{"start":{"line":157,"column":26},"end":{"line":157,"column":86}},{"start":{"line":157,"column":89},"end":{"line":157,"column":151}}],"line":157},"18":{"loc":{"start":{"line":158,"column":18},"end":{"line":158,"column":92}},"type":"cond-expr","locations":[{"start":{"line":158,"column":27},"end":{"line":158,"column":57}},{"start":{"line":158,"column":60},"end":{"line":158,"column":92}}],"line":158}},"s":{"0":1,"1":2,"2":2,"3":1,"4":0,"5":1,"6":1,"7":1,"8":2,"9":1,"10":2,"11":2,"12":2,"13":2,"14":2,"15":2,"16":2,"17":2,"18":2,"19":2,"20":2,"21":2,"22":2,"23":2,"24":2,"25":0,"26":0,"27":0,"28":0,"29":0,"30":0,"31":0,"32":0,"33":0,"34":0,"35":0,"36":0,"37":0,"38":2,"39":2,"40":2,"41":2,"42":2,"43":2,"44":2,"45":2,"46":2,"47":2,"48":2,"49":2,"50":2,"51":2,"52":2,"53":2,"54":2,"55":2,"56":2,"57":1,"58":1,"59":2,"60":2,"61":2,"62":1,"63":0,"64":0,"65":0,"66":0,"67":0,"68":0,"69":0,"70":0},"f":{"0":2,"1":1,"2":0,"3":1,"4":2,"5":2,"6":0,"7":0,"8":2,"9":2,"10":2,"11":2,"12":1,"13":0,"14":0,"15":0,"16":0,"17":0,"18":0,"19":0,"20":0},"b":{"0":[0,2],"1":[0,2],"2":[0,2],"3":[0,2],"4":[0,2],"5":[0,2],"6":[0,2],"7":[0,0],"8":[0,2],"9":[1,1],"10":[0,2],"11":[1,1],"12":[1,1],"13":[1,1],"14":[1,1],"15":[1,1],"16":[1,1],"17":[1,1],"18":[1,1]},"_coverageSchema":"1a1c01bbd47fc00a2c39e90264f33305004495a9","hash":"64cde395059038a13b714e89c5004c1e07b8f938"}
,"/Users/hta391/Documents/SkyLearning/SkyProjectGroup5/react-frontend/src/components/PopUp.jsx": {"path":"/Users/hta391/Documents/SkyLearning/SkyProjectGroup5/react-frontend/src/components/PopUp.jsx","statementMap":{"0":{"start":{"line":7,"column":18},"end":{"line":235,"column":1}},"1":{"start":{"line":8,"column":34},"end":{"line":8,"column":46}},"2":{"start":{"line":9,"column":56},"end":{"line":9,"column":68}},"3":{"start":{"line":10,"column":58},"end":{"line":10,"column":73}},"4":{"start":{"line":12,"column":19},"end":{"line":12,"column":48}},"5":{"start":{"line":14,"column":4},"end":{"line":26,"column":28}},"6":{"start":{"line":15,"column":34},"end":{"line":22,"column":7}},"7":{"start":{"line":16,"column":8},"end":{"line":21,"column":9}},"8":{"start":{"line":17,"column":27},"end":{"line":17,"column":107}},"9":{"start":{"line":18,"column":10},"end":{"line":18,"column":42}},"10":{"start":{"line":20,"column":10},"end":{"line":20,"column":66}},"11":{"start":{"line":23,"column":6},"end":{"line":25,"column":7}},"12":{"start":{"line":24,"column":8},"end":{"line":24,"column":30}},"13":{"start":{"line":28,"column":4},"end":{"line":28,"column":32}},"14":{"start":{"line":28,"column":18},"end":{"line":28,"column":30}},"15":{"start":{"line":30,"column":22},"end":{"line":35,"column":5}},"16":{"start":{"line":31,"column":8},"end":{"line":34,"column":12}},"17":{"start":{"line":31,"column":30},"end":{"line":34,"column":9}},"18":{"start":{"line":37,"column":22},"end":{"line":42,"column":5}},"19":{"start":{"line":38,"column":8},"end":{"line":41,"column":12}},"20":{"start":{"line":38,"column":30},"end":{"line":41,"column":9}},"21":{"start":{"line":44,"column":23},"end":{"line":51,"column":3}},"22":{"start":{"line":45,"column":4},"end":{"line":50,"column":5}},"23":{"start":{"line":46,"column":23},"end":{"line":46,"column":120}},"24":{"start":{"line":47,"column":6},"end":{"line":47,"column":53}},"25":{"start":{"line":49,"column":6},"end":{"line":49,"column":54}},"26":{"start":{"line":53,"column":31},"end":{"line":56,"column":3}},"27":{"start":{"line":54,"column":4},"end":{"line":54,"column":47}},"28":{"start":{"line":55,"column":4},"end":{"line":55,"column":34}},"29":{"start":{"line":58,"column":31},"end":{"line":64,"column":3}},"30":{"start":{"line":59,"column":4},"end":{"line":63,"column":6}},"31":{"start":{"line":60,"column":6},"end":{"line":62,"column":29}},"32":{"start":{"line":61,"column":29},"end":{"line":61,"column":43}},"33":{"start":{"line":66,"column":2},"end":{"line":234,"column":4}},"34":{"start":{"line":82,"column":24},"end":{"line":82,"column":43}},"35":{"start":{"line":103,"column":37},"end":{"line":103,"column":74}},"36":{"start":{"line":104,"column":33},"end":{"line":104,"column":49}},"37":{"start":{"line":105,"column":18},"end":{"line":132,"column":20}},"38":{"start":{"line":108,"column":37},"end":{"line":108,"column":67}},"39":{"start":{"line":155,"column":45},"end":{"line":155,"column":63}},"40":{"start":{"line":156,"column":22},"end":{"line":187,"column":24}},"41":{"start":{"line":165,"column":32},"end":{"line":168,"column":33}},"42":{"start":{"line":166,"column":34},"end":{"line":166,"column":54}},"43":{"start":{"line":167,"column":34},"end":{"line":167,"column":60}},"44":{"start":{"line":178,"column":32},"end":{"line":178,"column":52}},"45":{"start":{"line":179,"column":32},"end":{"line":179,"column":58}},"46":{"start":{"line":199,"column":33},"end":{"line":199,"column":62}},"47":{"start":{"line":211,"column":20},"end":{"line":213,"column":21}},"48":{"start":{"line":212,"column":22},"end":{"line":212,"column":60}},"49":{"start":{"line":214,"column":20},"end":{"line":214,"column":49}}},"fnMap":{"0":{"name":"(anonymous_0)","decl":{"start":{"line":7,"column":18},"end":{"line":7,"column":19}},"loc":{"start":{"line":7,"column":105},"end":{"line":235,"column":1}},"line":7},"1":{"name":"(anonymous_1)","decl":{"start":{"line":14,"column":14},"end":{"line":14,"column":15}},"loc":{"start":{"line":14,"column":20},"end":{"line":26,"column":5}},"line":14},"2":{"name":"(anonymous_2)","decl":{"start":{"line":15,"column":34},"end":{"line":15,"column":35}},"loc":{"start":{"line":15,"column":46},"end":{"line":22,"column":7}},"line":15},"3":{"name":"(anonymous_3)","decl":{"start":{"line":30,"column":22},"end":{"line":30,"column":23}},"loc":{"start":{"line":30,"column":36},"end":{"line":35,"column":5}},"line":30},"4":{"name":"(anonymous_4)","decl":{"start":{"line":31,"column":19},"end":{"line":31,"column":20}},"loc":{"start":{"line":31,"column":30},"end":{"line":34,"column":9}},"line":31},"5":{"name":"(anonymous_5)","decl":{"start":{"line":37,"column":22},"end":{"line":37,"column":23}},"loc":{"start":{"line":37,"column":36},"end":{"line":42,"column":5}},"line":37},"6":{"name":"(anonymous_6)","decl":{"start":{"line":38,"column":19},"end":{"line":38,"column":20}},"loc":{"start":{"line":38,"column":30},"end":{"line":41,"column":9}},"line":38},"7":{"name":"(anonymous_7)","decl":{"start":{"line":44,"column":23},"end":{"line":44,"column":24}},"loc":{"start":{"line":44,"column":55},"end":{"line":51,"column":3}},"line":44},"8":{"name":"(anonymous_8)","decl":{"start":{"line":53,"column":31},"end":{"line":53,"column":32}},"loc":{"start":{"line":53,"column":43},"end":{"line":56,"column":3}},"line":53},"9":{"name":"(anonymous_9)","decl":{"start":{"line":58,"column":31},"end":{"line":58,"column":32}},"loc":{"start":{"line":58,"column":45},"end":{"line":64,"column":3}},"line":58},"10":{"name":"(anonymous_10)","decl":{"start":{"line":59,"column":26},"end":{"line":59,"column":27}},"loc":{"start":{"line":60,"column":6},"end":{"line":62,"column":29}},"line":60},"11":{"name":"(anonymous_11)","decl":{"start":{"line":61,"column":22},"end":{"line":61,"column":23}},"loc":{"start":{"line":61,"column":29},"end":{"line":61,"column":43}},"line":61},"12":{"name":"(anonymous_12)","decl":{"start":{"line":82,"column":17},"end":{"line":82,"column":18}},"loc":{"start":{"line":82,"column":24},"end":{"line":82,"column":43}},"line":82},"13":{"name":"(anonymous_13)","decl":{"start":{"line":102,"column":34},"end":{"line":102,"column":35}},"loc":{"start":{"line":102,"column":55},"end":{"line":133,"column":17}},"line":102},"14":{"name":"(anonymous_14)","decl":{"start":{"line":108,"column":31},"end":{"line":108,"column":32}},"loc":{"start":{"line":108,"column":37},"end":{"line":108,"column":67}},"line":108},"15":{"name":"(anonymous_15)","decl":{"start":{"line":154,"column":34},"end":{"line":154,"column":35}},"loc":{"start":{"line":154,"column":55},"end":{"line":188,"column":21}},"line":154},"16":{"name":"(anonymous_16)","decl":{"start":{"line":164,"column":39},"end":{"line":164,"column":40}},"loc":{"start":{"line":164,"column":45},"end":{"line":169,"column":31}},"line":164},"17":{"name":"(anonymous_17)","decl":{"start":{"line":177,"column":39},"end":{"line":177,"column":40}},"loc":{"start":{"line":177,"column":45},"end":{"line":180,"column":31}},"line":177},"18":{"name":"(anonymous_18)","decl":{"start":{"line":199,"column":27},"end":{"line":199,"column":28}},"loc":{"start":{"line":199,"column":33},"end":{"line":199,"column":62}},"line":199},"19":{"name":"(anonymous_19)","decl":{"start":{"line":210,"column":27},"end":{"line":210,"column":28}},"loc":{"start":{"line":210,"column":33},"end":{"line":215,"column":19}},"line":210}},"branchMap":{"0":{"loc":{"start":{"line":18,"column":21},"end":{"line":18,"column":40}},"type":"binary-expr","locations":[{"start":{"line":18,"column":21},"end":{"line":18,"column":34}},{"start":{"line":18,"column":38},"end":{"line":18,"column":40}}],"line":18},"1":{"loc":{"start":{"line":23,"column":6},"end":{"line":25,"column":7}},"type":"if","locations":[{"start":{"line":23,"column":6},"end":{"line":25,"column":7}},{"start":{},"end":{}}],"line":23},"2":{"loc":{"start":{"line":28,"column":4},"end":{"line":28,"column":32}},"type":"if","locations":[{"start":{"line":28,"column":4},"end":{"line":28,"column":32}},{"start":{},"end":{}}],"line":28},"3":{"loc":{"start":{"line":60,"column":6},"end":{"line":62,"column":29}},"type":"cond-expr","locations":[{"start":{"line":61,"column":10},"end":{"line":61,"column":44}},{"start":{"line":62,"column":10},"end":{"line":62,"column":29}}],"line":60},"4":{"loc":{"start":{"line":74,"column":12},"end":{"line":80,"column":48}},"type":"cond-expr","locations":[{"start":{"line":75,"column":16},"end":{"line":75,"column":49}},{"start":{"line":76,"column":16},"end":{"line":80,"column":48}}],"line":74},"5":{"loc":{"start":{"line":76,"column":16},"end":{"line":80,"column":48}},"type":"cond-expr","locations":[{"start":{"line":77,"column":16},"end":{"line":77,"column":49}},{"start":{"line":78,"column":16},"end":{"line":80,"column":48}}],"line":76},"6":{"loc":{"start":{"line":78,"column":16},"end":{"line":80,"column":48}},"type":"cond-expr","locations":[{"start":{"line":79,"column":16},"end":{"line":79,"column":49}},{"start":{"line":80,"column":16},"end":{"line":80,"column":48}}],"line":78},"7":{"loc":{"start":{"line":86,"column":13},"end":{"line":86,"column":81}},"type":"cond-expr","locations":[{"start":{"line":86,"column":35},"end":{"line":86,"column":57}},{"start":{"line":86,"column":60},"end":{"line":86,"column":81}}],"line":86},"8":{"loc":{"start":{"line":89,"column":13},"end":{"line":192,"column":13}},"type":"cond-expr","locations":[{"start":{"line":90,"column":14},"end":{"line":134,"column":20}},{"start":{"line":136,"column":14},"end":{"line":191,"column":21}}],"line":89},"9":{"loc":{"start":{"line":93,"column":20},"end":{"line":99,"column":37}},"type":"cond-expr","locations":[{"start":{"line":94,"column":24},"end":{"line":94,"column":37}},{"start":{"line":95,"column":24},"end":{"line":99,"column":37}}],"line":93},"10":{"loc":{"start":{"line":95,"column":24},"end":{"line":99,"column":37}},"type":"cond-expr","locations":[{"start":{"line":96,"column":24},"end":{"line":96,"column":37}},{"start":{"line":97,"column":24},"end":{"line":99,"column":37}}],"line":95},"11":{"loc":{"start":{"line":97,"column":24},"end":{"line":99,"column":37}},"type":"cond-expr","locations":[{"start":{"line":98,"column":24},"end":{"line":98,"column":37}},{"start":{"line":99,"column":24},"end":{"line":99,"column":37}}],"line":97},"12":{"loc":{"start":{"line":111,"column":26},"end":{"line":113,"column":58}},"type":"cond-expr","locations":[{"start":{"line":112,"column":30},"end":{"line":112,"column":76}},{"start":{"line":113,"column":30},"end":{"line":113,"column":58}}],"line":111},"13":{"loc":{"start":{"line":119,"column":25},"end":{"line":129,"column":25}},"type":"binary-expr","locations":[{"start":{"line":119,"column":25},"end":{"line":119,"column":35}},{"start":{"line":120,"column":26},"end":{"line":128,"column":32}}],"line":119},"14":{"loc":{"start":{"line":143,"column":24},"end":{"line":143,"column":69}},"type":"cond-expr","locations":[{"start":{"line":143,"column":48},"end":{"line":143,"column":64}},{"start":{"line":143,"column":67},"end":{"line":143,"column":69}}],"line":143},"15":{"loc":{"start":{"line":144,"column":24},"end":{"line":144,"column":69}},"type":"cond-expr","locations":[{"start":{"line":144,"column":48},"end":{"line":144,"column":64}},{"start":{"line":144,"column":67},"end":{"line":144,"column":69}}],"line":144},"16":{"loc":{"start":{"line":145,"column":24},"end":{"line":145,"column":68}},"type":"cond-expr","locations":[{"start":{"line":145,"column":47},"end":{"line":145,"column":63}},{"start":{"line":145,"column":66},"end":{"line":145,"column":68}}],"line":145},"17":{"loc":{"start":{"line":146,"column":24},"end":{"line":146,"column":68}},"type":"cond-expr","locations":[{"start":{"line":146,"column":47},"end":{"line":146,"column":63}},{"start":{"line":146,"column":66},"end":{"line":146,"column":68}}],"line":146},"18":{"loc":{"start":{"line":149,"column":19},"end":{"line":189,"column":19}},"type":"cond-expr","locations":[{"start":{"line":150,"column":20},"end":{"line":152,"column":24}},{"start":{"line":154,"column":20},"end":{"line":188,"column":22}}],"line":149},"19":{"loc":{"start":{"line":155,"column":45},"end":{"line":155,"column":63}},"type":"binary-expr","locations":[{"start":{"line":155,"column":45},"end":{"line":155,"column":58}},{"start":{"line":155,"column":62},"end":{"line":155,"column":63}}],"line":155},"20":{"loc":{"start":{"line":165,"column":32},"end":{"line":168,"column":33}},"type":"if","locations":[{"start":{"line":165,"column":32},"end":{"line":168,"column":33}},{"start":{},"end":{}}],"line":165},"21":{"loc":{"start":{"line":165,"column":37},"end":{"line":165,"column":59}},"type":"binary-expr","locations":[{"start":{"line":165,"column":37},"end":{"line":165,"column":54}},{"start":{"line":165,"column":58},"end":{"line":165,"column":59}}],"line":165},"22":{"loc":{"start":{"line":174,"column":71},"end":{"line":174,"column":93}},"type":"binary-expr","locations":[{"start":{"line":174,"column":71},"end":{"line":174,"column":88}},{"start":{"line":174,"column":92},"end":{"line":174,"column":93}}],"line":174},"23":{"loc":{"start":{"line":195,"column":13},"end":{"line":229,"column":13}},"type":"cond-expr","locations":[{"start":{"line":196,"column":14},"end":{"line":206,"column":20}},{"start":{"line":208,"column":14},"end":{"line":228,"column":20}}],"line":195},"24":{"loc":{"start":{"line":211,"column":20},"end":{"line":213,"column":21}},"type":"if","locations":[{"start":{"line":211,"column":20},"end":{"line":213,"column":21}},{"start":{},"end":{}}],"line":211}},"s":{"0":4,"1":36,"2":36,"3":36,"4":36,"5":36,"6":25,"7":7,"8":7,"9":7,"10":0,"11":25,"12":7,"13":36,"14":18,"15":18,"16":5,"17":5,"18":18,"19":0,"20":0,"21":18,"22":5,"23":5,"24":4,"25":1,"26":18,"27":1,"28":1,"29":18,"30":0,"31":0,"32":0,"33":18,"34":10,"35":2,"36":2,"37":2,"38":0,"39":31,"40":31,"41":1,"42":0,"43":0,"44":5,"45":5,"46":0,"47":1,"48":1,"49":1},"f":{"0":36,"1":25,"2":7,"3":5,"4":5,"5":0,"6":0,"7":5,"8":1,"9":0,"10":0,"11":0,"12":10,"13":2,"14":0,"15":31,"16":1,"17":5,"18":0,"19":1},"b":{"0":[7,0],"1":[7,18],"2":[18,18],"3":[0,0],"4":[1,17],"5":[0,17],"6":[0,17],"7":[1,17],"8":[1,17],"9":[0,1],"10":[0,1],"11":[0,1],"12":[1,1],"13":[2,1],"14":[0,17],"15":[0,17],"16":[0,17],"17":[0,17],"18":[0,17],"19":[31,28],"20":[0,1],"21":[1,1],"22":[31,30],"23":[1,17],"24":[1,0]},"_coverageSchema":"1a1c01bbd47fc00a2c39e90264f33305004495a9","hash":"92e07ae1ae9db7be091a1a8aeae314d136e8ca6c"}
,"/Users/hta391/Documents/SkyLearning/SkyProjectGroup5/react-frontend/src/components/ProgressBar.jsx": {"path":"/Users/hta391/Documents/SkyLearning/SkyProjectGroup5/react-frontend/src/components/ProgressBar.jsx","statementMap":{"0":{"start":{"line":3,"column":20},"end":{"line":77,"column":1}},"1":{"start":{"line":4,"column":25},"end":{"line":4,"column":67}},"2":{"start":{"line":6,"column":48},"end":{"line":6,"column":59}},"3":{"start":{"line":7,"column":44},"end":{"line":7,"column":55}},"4":{"start":{"line":8,"column":54},"end":{"line":8,"column":65}},"5":{"start":{"line":10,"column":2},"end":{"line":19,"column":23}},"6":{"start":{"line":12,"column":18},"end":{"line":16,"column":11}},"7":{"start":{"line":13,"column":6},"end":{"line":13,"column":41}},"8":{"start":{"line":14,"column":6},"end":{"line":14,"column":28}},"9":{"start":{"line":15,"column":6},"end":{"line":15,"column":33}},"10":{"start":{"line":18,"column":4},"end":{"line":18,"column":37}},"11":{"start":{"line":18,"column":17},"end":{"line":18,"column":36}},"12":{"start":{"line":21,"column":15},"end":{"line":21,"column":61}},"13":{"start":{"line":22,"column":18},"end":{"line":22,"column":26}},"14":{"start":{"line":24,"column":2},"end":{"line":76,"column":4}}},"fnMap":{"0":{"name":"(anonymous_0)","decl":{"start":{"line":3,"column":20},"end":{"line":3,"column":21}},"loc":{"start":{"line":3,"column":48},"end":{"line":77,"column":1}},"line":3},"1":{"name":"(anonymous_1)","decl":{"start":{"line":10,"column":12},"end":{"line":10,"column":13}},"loc":{"start":{"line":10,"column":18},"end":{"line":19,"column":3}},"line":10},"2":{"name":"(anonymous_2)","decl":{"start":{"line":12,"column":29},"end":{"line":12,"column":30}},"loc":{"start":{"line":12,"column":35},"end":{"line":16,"column":5}},"line":12},"3":{"name":"(anonymous_3)","decl":{"start":{"line":18,"column":11},"end":{"line":18,"column":12}},"loc":{"start":{"line":18,"column":17},"end":{"line":18,"column":36}},"line":18}},"branchMap":{"0":{"loc":{"start":{"line":57,"column":17},"end":{"line":57,"column":42}},"type":"cond-expr","locations":[{"start":{"line":57,"column":27},"end":{"line":57,"column":34}},{"start":{"line":57,"column":37},"end":{"line":57,"column":42}}],"line":57},"1":{"loc":{"start":{"line":69,"column":17},"end":{"line":69,"column":41}},"type":"cond-expr","locations":[{"start":{"line":69,"column":27},"end":{"line":69,"column":33}},{"start":{"line":69,"column":36},"end":{"line":69,"column":41}}],"line":69}},"s":{"0":2,"1":18,"2":18,"3":18,"4":18,"5":18,"6":18,"7":0,"8":0,"9":0,"10":18,"11":18,"12":18,"13":18,"14":18},"f":{"0":18,"1":18,"2":0,"3":18},"b":{"0":[18,0],"1":[18,0]},"_coverageSchema":"1a1c01bbd47fc00a2c39e90264f33305004495a9","hash":"60acf51fdf8bc279d3e8df27dde3a5e27c4f94ba"}
,"/Users/hta391/Documents/SkyLearning/SkyProjectGroup5/react-frontend/src/components/Questions.jsx": {"path":"/Users/hta391/Documents/SkyLearning/SkyProjectGroup5/react-frontend/src/components/Questions.jsx","statementMap":{"0":{"start":{"line":5,"column":18},"end":{"line":126,"column":1}},"1":{"start":{"line":6,"column":48},"end":{"line":6,"column":59}},"2":{"start":{"line":7,"column":46},"end":{"line":7,"column":57}},"3":{"start":{"line":8,"column":38},"end":{"line":8,"column":49}},"4":{"start":{"line":9,"column":34},"end":{"line":9,"column":45}},"5":{"start":{"line":10,"column":28},"end":{"line":10,"column":39}},"6":{"start":{"line":11,"column":42},"end":{"line":11,"column":53}},"7":{"start":{"line":15,"column":23},"end":{"line":15,"column":24}},"8":{"start":{"line":17,"column":1},"end":{"line":26,"column":23}},"9":{"start":{"line":18,"column":4},"end":{"line":25,"column":5}},"10":{"start":{"line":19,"column":6},"end":{"line":19,"column":62}},"11":{"start":{"line":20,"column":6},"end":{"line":20,"column":60}},"12":{"start":{"line":21,"column":6},"end":{"line":21,"column":52}},"13":{"start":{"line":22,"column":6},"end":{"line":22,"column":48}},"14":{"start":{"line":23,"column":6},"end":{"line":23,"column":42}},"15":{"start":{"line":24,"column":6},"end":{"line":24,"column":56}},"16":{"start":{"line":29,"column":2},"end":{"line":48,"column":4}},"17":{"start":{"line":30,"column":4},"end":{"line":39,"column":5}},"18":{"start":{"line":31,"column":6},"end":{"line":38,"column":9}},"19":{"start":{"line":50,"column":1},"end":{"line":125,"column":3}}},"fnMap":{"0":{"name":"(anonymous_0)","decl":{"start":{"line":5,"column":18},"end":{"line":5,"column":19}},"loc":{"start":{"line":5,"column":74},"end":{"line":126,"column":1}},"line":5},"1":{"name":"(anonymous_1)","decl":{"start":{"line":17,"column":11},"end":{"line":17,"column":12}},"loc":{"start":{"line":17,"column":17},"end":{"line":26,"column":3}},"line":17},"2":{"name":"(anonymous_2)","decl":{"start":{"line":29,"column":12},"end":{"line":29,"column":13}},"loc":{"start":{"line":29,"column":18},"end":{"line":40,"column":3}},"line":29}},"branchMap":{"0":{"loc":{"start":{"line":5,"column":48},"end":{"line":5,"column":67}},"type":"default-arg","locations":[{"start":{"line":5,"column":65},"end":{"line":5,"column":67}}],"line":5},"1":{"loc":{"start":{"line":18,"column":4},"end":{"line":25,"column":5}},"type":"if","locations":[{"start":{"line":18,"column":4},"end":{"line":25,"column":5}},{"start":{},"end":{}}],"line":18},"2":{"loc":{"start":{"line":19,"column":25},"end":{"line":19,"column":60}},"type":"binary-expr","locations":[{"start":{"line":19,"column":25},"end":{"line":19,"column":55}},{"start":{"line":19,"column":59},"end":{"line":19,"column":60}}],"line":19},"3":{"loc":{"start":{"line":20,"column":24},"end":{"line":20,"column":58}},"type":"binary-expr","locations":[{"start":{"line":20,"column":24},"end":{"line":20,"column":53}},{"start":{"line":20,"column":57},"end":{"line":20,"column":58}}],"line":20},"4":{"loc":{"start":{"line":21,"column":20},"end":{"line":21,"column":50}},"type":"binary-expr","locations":[{"start":{"line":21,"column":20},"end":{"line":21,"column":45}},{"start":{"line":21,"column":49},"end":{"line":21,"column":50}}],"line":21},"5":{"loc":{"start":{"line":22,"column":18},"end":{"line":22,"column":46}},"type":"binary-expr","locations":[{"start":{"line":22,"column":18},"end":{"line":22,"column":41}},{"start":{"line":22,"column":45},"end":{"line":22,"column":46}}],"line":22},"6":{"loc":{"start":{"line":23,"column":15},"end":{"line":23,"column":40}},"type":"binary-expr","locations":[{"start":{"line":23,"column":15},"end":{"line":23,"column":35}},{"start":{"line":23,"column":39},"end":{"line":23,"column":40}}],"line":23},"7":{"loc":{"start":{"line":24,"column":22},"end":{"line":24,"column":54}},"type":"binary-expr","locations":[{"start":{"line":24,"column":22},"end":{"line":24,"column":49}},{"start":{"line":24,"column":53},"end":{"line":24,"column":54}}],"line":24},"8":{"loc":{"start":{"line":30,"column":4},"end":{"line":39,"column":5}},"type":"if","locations":[{"start":{"line":30,"column":4},"end":{"line":39,"column":5}},{"start":{},"end":{}}],"line":30},"9":{"loc":{"start":{"line":53,"column":8},"end":{"line":53,"column":88}},"type":"cond-expr","locations":[{"start":{"line":53,"column":20},"end":{"line":53,"column":53}},{"start":{"line":53,"column":56},"end":{"line":53,"column":88}}],"line":53},"10":{"loc":{"start":{"line":69,"column":5},"end":{"line":92,"column":4}},"type":"binary-expr","locations":[{"start":{"line":69,"column":5},"end":{"line":69,"column":26}},{"start":{"line":70,"column":3},"end":{"line":91,"column":6}}],"line":69},"11":{"loc":{"start":{"line":101,"column":5},"end":{"line":115,"column":4}},"type":"binary-expr","locations":[{"start":{"line":101,"column":5},"end":{"line":101,"column":19}},{"start":{"line":102,"column":4},"end":{"line":114,"column":6}}],"line":101}},"s":{"0":1,"1":2,"2":2,"3":2,"4":2,"5":2,"6":2,"7":2,"8":2,"9":1,"10":1,"11":1,"12":1,"13":1,"14":1,"15":1,"16":2,"17":2,"18":2,"19":2},"f":{"0":2,"1":1,"2":2},"b":{"0":[0],"1":[1,0],"2":[1,0],"3":[1,0],"4":[1,0],"5":[1,0],"6":[1,0],"7":[1,0],"8":[2,0],"9":[2,0],"10":[2,1],"11":[2,1]},"_coverageSchema":"1a1c01bbd47fc00a2c39e90264f33305004495a9","hash":"de5c6b7f8ec6c9bef845d28b8ecb66669ceff009"}
,"/Users/hta391/Documents/SkyLearning/SkyProjectGroup5/react-frontend/src/components/RadioGroup.jsx": {"path":"/Users/hta391/Documents/SkyLearning/SkyProjectGroup5/react-frontend/src/components/RadioGroup.jsx","statementMap":{"0":{"start":{"line":6,"column":19},"end":{"line":17,"column":1}},"1":{"start":{"line":7,"column":2},"end":{"line":16,"column":4}},"2":{"start":{"line":18,"column":0},"end":{"line":18,"column":62}},"3":{"start":{"line":20,"column":23},"end":{"line":33,"column":1}},"4":{"start":{"line":21,"column":2},"end":{"line":32,"column":4}},"5":{"start":{"line":34,"column":0},"end":{"line":34,"column":66}}},"fnMap":{"0":{"name":"(anonymous_0)","decl":{"start":{"line":6,"column":19},"end":{"line":6,"column":20}},"loc":{"start":{"line":6,"column":53},"end":{"line":17,"column":1}},"line":6},"1":{"name":"(anonymous_1)","decl":{"start":{"line":20,"column":23},"end":{"line":20,"column":24}},"loc":{"start":{"line":20,"column":57},"end":{"line":33,"column":1}},"line":20}},"branchMap":{},"s":{"0":2,"1":5,"2":2,"3":2,"4":24,"5":2},"f":{"0":5,"1":24},"b":{},"_coverageSchema":"1a1c01bbd47fc00a2c39e90264f33305004495a9","hash":"0649e07ccebb0c30d38bc08e1d525616a618d138"}
[...]
"end":{"line":153,"column":75}},"39":{"start":{"line":171,"column":22},"end":{"line":171,"column":43}}},"fnMap":{"0":{"name":"(anonymous_0)","decl":{"start":{"line":10,"column":15},"end":{"line":10,"column":16}},"loc":{"start":{"line":10,"column":21},"end":{"line":189,"column":1}},"line":10},"1":{"name":"(anonymous_1)","decl":{"start":{"line":24,"column":23},"end":{"line":24,"column":24}},"loc":{"start":{"line":24,"column":36},"end":{"line":63,"column":3}},"line":24},"2":{"name":"(anonymous_2)","decl":{"start":{"line":48,"column":12},"end":{"line":48,"column":13}},"loc":{"start":{"line":48,"column":26},"end":{"line":53,"column":7}},"line":48},"3":{"name":"(anonymous_3)","decl":{"start":{"line":54,"column":13},"end":{"line":54,"column":14}},"loc":{"start":{"line":54,"column":24},"end":{"line":62,"column":7}},"line":54},"4":{"name":"(anonymous_4)","decl":{"start":{"line":65,"column":28},"end":{"line":65,"column":29}},"loc":{"start":{"line":65,"column":34},"end":{"line":67,"column":3}},"line":65},"5":{"name":"(anonymous_5)","decl":{"start":{"line":115,"column":28},"end":{"line":115,"column":29}},"loc":{"start":{"line":115,"column":35},"end":{"line":115,"column":59}},"line":115},"6":{"name":"(anonymous_6)","decl":{"start":{"line":127,"column":28},"end":{"line":127,"column":29}},"loc":{"start":{"line":127,"column":35},"end":{"line":127,"column":62}},"line":127},"7":{"name":"(anonymous_7)","decl":{"start":{"line":152,"column":36},"end":{"line":152,"column":37}},"loc":{"start":{"line":153,"column":22},"end":{"line":153,"column":75}},"line":153},"8":{"name":"(anonymous_8)","decl":{"start":{"line":170,"column":29},"end":{"line":170,"column":30}},"loc":{"start":{"line":170,"column":35},"end":{"line":172,"column":21}},"line":170}},"branchMap":{"0":{"loc":{"start":{"line":34,"column":4},"end":{"line":38,"column":5}},"type":"if","locations":[{"start":{"line":34,"column":4},"end":{"line":38,"column":5}},{"start":{},"end":{}}],"line":34},"1":{"loc":{"start":{"line":40,"column":4},"end":{"line":44,"column":5}},"type":"if","locations":[{"start":{"line":40,"column":4},"end":{"line":44,"column":5}},{"start":{},"end":{}}],"line":40},"2":{"loc":{"start":{"line":50,"column":8},"end":{"line":52,"column":9}},"type":"if","locations":[{"start":{"line":50,"column":8},"end":{"line":52,"column":9}},{"start":{},"end":{}}],"line":50},"3":{"loc":{"start":{"line":55,"column":8},"end":{"line":60,"column":9}},"type":"if","locations":[{"start":{"line":55,"column":8},"end":{"line":60,"column":9}},{"start":{},"end":{}}],"line":55},"4":{"loc":{"start":{"line":133,"column":17},"end":{"line":141,"column":17}},"type":"binary-expr","locations":[{"start":{"line":133,"column":17},"end":{"line":133,"column":29}},{"start":{"line":134,"column":18},"end":{"line":140,"column":25}}],"line":133},"5":{"loc":{"start":{"line":150,"column":17},"end":{"line":156,"column":17}},"type":"binary-expr","locations":[{"start":{"line":150,"column":17},"end":{"line":150,"column":38}},{"start":{"line":151,"column":18},"end":{"line":155,"column":24}}],"line":150}},"s":{"0":1,"1":15,"2":15,"3":15,"4":15,"5":15,"6":15,"7":15,"8":15,"9":15,"10":15,"11":3,"12":3,"13":3,"14":3,"15":3,"16":1,"17":1,"18":1,"19":2,"20":0,"21":0,"22":0,"23":2,"24":1,"25":1,"26":1,"27":1,"28":1,"29":1,"30":1,"31":1,"32":1,"33":15,"34":1,"35":15,"36":3,"37":3,"38":2,"39":1},"f":{"0":15,"1":3,"2":1,"3":1,"4":1,"5":3,"6":3,"7":2,"8":1},"b":{"0":[1,2],"1":[0,2],"2":[1,0],"3":[1,0],"4":[15,0],"5":[15,2]},"_coverageSchema":"1a1c01bbd47fc00a2c39e90264f33305004495a9","hash":"02c1a26ebfe7afbd93380d42e07bd56d70719bac"}
,"/Users/hta391/Documents/SkyLearning/SkyProjectGroup5/react-frontend/src/screens/SignUp.jsx": {"path":"/Users/hta391/Documents/SkyLearning/SkyProjectGroup5/react-frontend/src/screens/SignUp.jsx","statementMap":{"0":{"start":{"line":10,"column":15},"end":{"line":268,"column":1}},"1":{"start":{"line":11,"column":34},"end":{"line":11,"column":46}},"2":{"start":{"line":12,"column":26},"end":{"line":12,"column":38}},"3":{"start":{"line":13,"column":28},"end":{"line":13,"column":40}},"4":{"start":{"line":14,"column":34},"end":{"line":14,"column":46}},"5":{"start":{"line":15,"column":48},"end":{"line":15,"column":60}},"6":{"start":{"line":17,"column":44},"end":{"line":17,"column":76}},"7":{"start":{"line":18,"column":38},"end":{"line":18,"column":75}},"8":{"start":{"line":19,"column":58},"end":{"line":19,"column":92}},"9":{"start":{"line":20,"column":46},"end":{"line":20,"column":80}},"10":{"start":{"line":21,"column":44},"end":{"line":21,"column":76}},"11":{"start":{"line":22,"column":38},"end":{"line":22,"column":50}},"12":{"start":{"line":24,"column":17},"end":{"line":24,"column":46}},"13":{"start":{"line":25,"column":19},"end":{"line":25,"column":32}},"14":{"start":{"line":28,"column":20},"end":{"line":28,"column":45}},"15":{"start":{"line":29,"column":24},"end":{"line":29,"column":47}},"16":{"start":{"line":31,"column":21},"end":{"line":31,"column":40}},"17":{"start":{"line":32,"column":24},"end":{"line":32,"column":94}},"18":{"start":{"line":36,"column":23},"end":{"line":130,"column":3}},"19":{"start":{"line":37,"column":4},"end":{"line":37,"column":23}},"20":{"start":{"line":39,"column":4},"end":{"line":44,"column":5}},"21":{"start":{"line":40,"column":18},"end":{"line":40,"column":130}},"22":{"start":{"line":42,"column":6},"end":{"line":42,"column":27}},"23":{"start":{"line":43,"column":6},"end":{"line":43,"column":13}},"24":{"start":{"line":45,"column":4},"end":{"line":50,"column":5}},"25":{"start":{"line":46,"column":18},"end":{"line":46,"column":110}},"26":{"start":{"line":48,"column":6},"end":{"line":48,"column":27}},"27":{"start":{"line":49,"column":6},"end":{"line":49,"column":13}},"28":{"start":{"line":51,"column":4},"end":{"line":58,"column":5}},"29":{"start":{"line":52,"column":18},"end":{"line":52,"column":58}},"30":{"start":{"line":55,"column":6},"end":{"line":55,"column":56}},"31":{"start":{"line":56,"column":6},"end":{"line":56,"column":27}},"32":{"start":{"line":57,"column":6},"end":{"line":57,"column":13}},"33":{"start":{"line":60,"column":4},"end":{"line":69,"column":5}},"34":{"start":{"line":61,"column":18},"end":{"line":61,"column":132}},"35":{"start":{"line":63,"column":6},"end":{"line":63,"column":49}},"36":{"start":{"line":67,"column":6},"end":{"line":67,"column":27}},"37":{"start":{"line":68,"column":6},"end":{"line":68,"column":13}},"38":{"start":{"line":71,"column":4},"end":{"line":80,"column":5}},"39":{"start":{"line":72,"column":18},"end":{"line":72,"column":59}},"40":{"start":{"line":73,"column":6},"end":{"line":73,"column":47}},"41":{"start":{"line":74,"column":6},"end":{"line":74,"column":49}},"42":{"start":{"line":78,"column":6},"end":{"line":78,"column":27}},"43":{"start":{"line":79,"column":6},"end":{"line":79,"column":13}},"44":{"start":{"line":81,"column":26},"end":{"line":87,"column":5}},"45":{"start":{"line":88,"column":4},"end":{"line":88,"column":51}},"46":{"start":{"line":90,"column":4},"end":{"line":129,"column":9}},"47":{"start":{"line":92,"column":8},"end":{"line":92,"column":56}},"48":{"start":{"line":93,"column":8},"end":{"line":96,"column":9}},"49":{"start":{"line":94,"column":10},"end":{"line":94,"column":28}},"50":{"start":{"line":95,"column":10},"end":{"line":95,"column":36}},"51":{"start":{"line":99,"column":8},"end":{"line":127,"column":9}},"52":{"start":{"line":100,"column":10},"end":{"line":126,"column":11}},"53":{"start":{"line":102,"column":12},"end":{"line":102,"column":80}},"54":{"start":{"line":103,"column":12},"end":{"line":103,"column":55}},"55":{"start":{"line":104,"column":12},"end":{"line":104,"column":62}},"56":{"start":{"line":105,"column":12},"end":{"line":105,"column":28}},"57":{"start":{"line":106,"column":12},"end":{"line":106,"column":28}},"58":{"start":{"line":107,"column":12},"end":{"line":107,"column":35}},"59":{"start":{"line":109,"column":17},"end":{"line":126,"column":11}},"60":{"start":{"line":111,"column":12},"end":{"line":111,"column":53}},"61":{"start":{"line":112,"column":12},"end":{"line":112,"column":79}},"62":{"start":{"line":113,"column":12},"end":{"line":113,"column":62}},"63":{"start":{"line":114,"column":12},"end":{"line":114,"column":25}},"64":{"start":{"line":115,"column":12},"end":{"line":115,"column":28}},"65":{"start":{"line":116,"column":12},"end":{"line":116,"column":35}},"66":{"start":{"line":117,"column":12},"end":{"line":117,"column":30}},"67":{"start":{"line":119,"column":17},"end":{"line":126,"column":11}},"68":{"start":{"line":121,"column":12},"end":{"line":121,"column":53}},"69":{"start":{"line":122,"column":12},"end":{"line":122,"column":55}},"70":{"start":{"line":123,"column":12},"end":{"line":123,"column":79}},"71":{"start":{"line":124,"column":12},"end":{"line":124,"column":28}},"72":{"start":{"line":125,"column":12},"end":{"line":125,"column":35}},"73":{"start":{"line":128,"column":8},"end":{"line":128,"column":47}},"74":{"start":{"line":132,"column":2},"end":{"line":267,"column":4}},"75":{"start":{"line":179,"column":37},"end":{"line":179,"column":60}},"76":{"start":{"line":189,"column":35},"end":{"line":189,"column":62}},"77":{"start":{"line":201,"column":35},"end":{"line":201,"column":59}},"78":{"start":{"line":213,"column":35},"end":{"line":213,"column":62}},"79":{"start":{"line":225,"column":35},"end":{"line":225,"column":69}},"80":{"start":{"line":242,"column":22},"end":{"line":242,"column":75}},"81":{"start":{"line":251,"column":35},"end":{"line":251,"column":48}}},"fnMap":{"0":{"name":"(anonymous_0)","decl":{"start":{"line":10,"column":15},"end":{"line":10,"column":16}},"loc":{"start":{"line":10,"column":21},"end":{"line":268,"column":1}},"line":10},"1":{"name":"(anonymous_1)","decl":{"start":{"line":36,"column":23},"end":{"line":36,"column":24}},"loc":{"start":{"line":36,"column":36},"end":{"line":130,"column":3}},"line":36},"2":{"name":"(anonymous_2)","decl":{"start":{"line":91,"column":12},"end":{"line":91,"column":13}},"loc":{"start":{"line":91,"column":26},"end":{"line":97,"column":7}},"line":91},"3":{"name":"(anonymous_3)","decl":{"start":{"line":98,"column":13},"end":{"line":98,"column":14}},"loc":{"start":{"line":98,"column":24},"end":{"line":129,"column":7}},"line":98},"4":{"name":"(anonymous_4)","decl":{"start":{"line":179,"column":28},"end":{"line":179,"column":29}},"loc":{"start":{"line":179,"column":35},"end":{"line":179,"column":61}},"line":179},"5":{"name":"(anonymous_5)","decl":{"start":{"line":189,"column":28},"end":{"line":189,"column":29}},"loc":{"start":{"line":189,"column":35},"end":{"line":189,"column":62}},"line":189},"6":{"name":"(anonymous_6)","decl":{"start":{"line":201,"column":28},"end":{"line":201,"column":29}},"loc":{"start":{"line":201,"column":35},"end":{"line":201,"column":59}},"line":201},"7":{"name":"(anonymous_7)","decl":{"start":{"line":213,"column":28},"end":{"line":213,"column":29}},"loc":{"start":{"line":213,"column":35},"end":{"line":213,"column":62}},"line":213},"8":{"name":"(anonymous_8)","decl":{"start":{"line":225,"column":28},"end":{"line":225,"column":29}},"loc":{"start":{"line":225,"column":35},"end":{"line":225,"column":69}},"line":225},"9":{"name":"(anonymous_9)","decl":{"start":{"line":241,"column":36},"end":{"line":241,"column":37}},"loc":{"start":{"line":242,"column":22},"end":{"line":242,"column":75}},"line":242},"10":{"name":"(anonymous_10)","decl":{"start":{"line":251,"column":29},"end":{"line":251,"column":30}},"loc":{"start":{"line":251,"column":35},"end":{"line":251,"column":48}},"line":251}},"branchMap":{"0":{"loc":{"start":{"line":39,"column":4},"end":{"line":44,"column":5}},"type":"if","locations":[{"start":{"line":39,"column":4},"end":{"line":44,"column":5}},{"start":{},"end":{}}],"line":39},"1":{"loc":{"start":{"line":45,"column":4},"end":{"line":50,"column":5}},"type":"if","locations":[{"start":{"line":45,"column":4},"end":{"line":50,"column":5}},{"start":{},"end":{}}],"line":45},"2":{"loc":{"start":{"line":51,"column":4},"end":{"line":58,"column":5}},"type":"if","locations":[{"start":{"line":51,"column":4},"end":{"line":58,"column":5}},{"start":{},"end":{}}],"line":51},"3":{"loc":{"start":{"line":60,"column":4},"end":{"line":69,"column":5}},"type":"if","locations":[{"start":{"line":60,"column":4},"end":{"line":69,"column":5}},{"start":{},"end":{}}],"line":60},"4":{"loc":{"start":{"line":71,"column":4},"end":{"line":80,"column":5}},"type":"if","locations":[{"start":{"line":71,"column":4},"end":{"line":80,"column":5}},{"start":{},"end":{}}],"line":71},"5":{"loc":{"start":{"line":93,"column":8},"end":{"line":96,"column":9}},"type":"if","locations":[{"start":{"line":93,"column":8},"end":{"line":96,"column":9}},{"start":{},"end":{}}],"line":93},"6":{"loc":{"start":{"line":99,"column":8},"end":{"line":127,"column":9}},"type":"if","locations":[{"start":{"line":99,"column":8},"end":{"line":127,"column":9}},{"start":{},"end":{}}],"line":99},"7":{"loc":{"start":{"line":100,"column":10},"end":{"line":126,"column":11}},"type":"if","locations":[{"start":{"line":100,"column":10},"end":{"line":126,"column":11}},{"start":{"line":109,"column":17},"end":{"line":126,"column":11}}],"line":100},"8":{"loc":{"start":{"line":109,"column":17},"end":{"line":126,"column":11}},"type":"if","locations":[{"start":{"line":109,"column":17},"end":{"line":126,"column":11}},{"start":{"line":119,"column":17},"end":{"line":126,"column":11}}],"line":109},"9":{"loc":{"start":{"line":119,"column":17},"end":{"line":126,"column":11}},"type":"if","locations":[{"start":{"line":119,"column":17},"end":{"line":126,"column":11}},{"start":{},"end":{}}],"line":119},"10":{"loc":{"start":{"line":186,"column":32},"end":{"line":186,"column":71}},"type":"binary-expr","locations":[{"start":{"line":186,"column":32},"end":{"line":186,"column":45}},{"start":{"line":186,"column":49},"end":{"line":186,"column":71}}],"line":186},"11":{"loc":{"start":{"line":198,"column":32},"end":{"line":198,"column":73}},"type":"binary-expr","locations":[{"start":{"line":198,"column":32},"end":{"line":198,"column":42}},{"start":{"line":198,"column":46},"end":{"line":198,"column":73}}],"line":198},"12":{"loc":{"start":{"line":222,"column":32},"end":{"line":222,"column":80}},"type":"binary-expr","locations":[{"start":{"line":222,"column":32},"end":{"line":222,"column":52}},{"start":{"line":222,"column":56},"end":{"line":222,"column":80}}],"line":222},"13":{"loc":{"start":{"line":239,"column":17},"end":{"line":245,"column":17}},"type":"binary-expr","locations":[{"start":{"line":239,"column":17},"end":{"line":239,"column":38}},{"start":{"line":240,"column":18},"end":{"line":244,"column":24}}],"line":239}},"s":{"0":1,"1":37,"2":37,"3":37,"4":37,"5":37,"6":37,"7":37,"8":37,"9":37,"10":37,"11":37,"12":37,"13":37,"14":37,"15":37,"16":37,"17":37,"18":37,"19":5,"20":5,"21":1,"22":1,"23":1,"24":4,"25":0,"26":0,"27":0,"28":4,"29":0,"30":0,"31":0,"32":0,"33":4,"34":0,"35":0,"36":0,"37":0,"38":4,"39":1,"40":1,"41":1,"42":1,"43":1,"44":3,"45":3,"46":3,"47":1,"48":1,"49":1,"50":1,"51":2,"52":2,"53":1,"54":1,"55":1,"56":1,"57":1,"58":1,"59":1,"60":1,"61":1,"62":1,"63":1,"64":1,"65":1,"66":1,"67":0,"68":0,"69":0,"70":0,"71":0,"72":0,"73":2,"74":37,"75":5,"76":5,"77":5,"78":5,"79":5,"80":2,"81":1},"f":{"0":37,"1":5,"2":1,"3":2,"4":5,"5":5,"6":5,"7":5,"8":5,"9":2,"10":1},"b":{"0":[1,4],"1":[0,4],"2":[0,4],"3":[0,4],"4":[1,3],"5":[1,0],"6":[2,0],"7":[1,1],"8":[1,0],"9":[0,0],"10":[37,0],"11":[37,0],"12":[37,0],"13":[37,2]},"_coverageSchema":"1a1c01bbd47fc00a2c39e90264f33305004495a9","hash":"1ce87a6a2e93d5c09a08680ba3a341ae586e7ea6"}
,"/Users/hta391/Documents/SkyLearning/SkyProjectGroup5/react-frontend/src/screens/Stats.jsx": {"path":"/Users/hta391/Documents/SkyLearning/SkyProjectGroup5/react-frontend/src/screens/Stats.jsx","statementMap":{"0":{"start":{"line":13,"column":14},"end":{"line":176,"column":1}},"1":{"start":{"line":14,"column":38},"end":{"line":14,"column":53}},"2":{"start":{"line":15,"column":26},"end":{"line":15,"column":41}},"3":{"start":{"line":16,"column":34},"end":{"line":16,"column":46}},"4":{"start":{"line":17,"column":36},"end":{"line":17,"column":48}},"5":{"start":{"line":18,"column":54},"end":{"line":18,"column":65}},"6":{"start":{"line":19,"column":44},"end":{"line":19,"column":55}},"7":{"start":{"line":20,"column":50},"end":{"line":20,"column":61}},"8":{"start":{"line":21,"column":52},"end":{"line":21,"column":63}},"9":{"start":{"line":22,"column":54},"end":{"line":22,"column":65}},"10":{"start":{"line":23,"column":48},"end":{"line":23,"column":60}},"11":{"start":{"line":24,"column":50},"end":{"line":24,"column":62}},"12":{"start":{"line":25,"column":42},"end":{"line":25,"column":54}},"13":{"start":{"line":26,"column":44},"end":{"line":26,"column":56}},"14":{"start":{"line":28,"column":17},"end":{"line":28,"column":46}},"15":{"start":{"line":30,"column":20},"end":{"line":48,"column":3}},"16":{"start":{"line":31,"column":4},"end":{"line":47,"column":5}},"17":{"start":{"line":32,"column":23},"end":{"line":32,"column":88}},"18":{"start":{"line":33,"column":19},"end":{"line":33,"column":32}},"19":{"start":{"line":34,"column":6},"end":{"line":34,"column":40}},"20":{"start":{"line":35,"column":6},"end":{"line":35,"column":42}},"21":{"start":{"line":36,"column":6},"end":{"line":36,"column":53}},"22":{"start":{"line":37,"column":6},"end":{"line":37,"column":43}},"23":{"start":{"line":38,"column":6},"end":{"line":38,"column":49}},"24":{"start":{"line":39,"column":6},"end":{"line":39,"column":47}},"25":{"start":{"line":40,"column":6},"end":{"line":40,"column":51}},"26":{"start":{"line":41,"column":6},"end":{"line":41,"column":49}},"27":{"start":{"line":42,"column":6},"end":{"line":42,"column":53}},"28":{"start":{"line":43,"column":6},"end":{"line":43,"column":41}},"29":{"start":{"line":44,"column":6},"end":{"line":44,"column":43}},"30":{"start":{"line":46,"column":6},"end":{"line":46,"column":62}},"31":{"start":{"line":50,"column":2},"end":{"line":52,"column":9}},"32":{"start":{"line":51,"column":4},"end":{"line":51,"column":16}},"33":{"start":{"line":55,"column":2},"end":{"line":61,"column":9}},"34":{"start":{"line":56,"column":18},"end":{"line":59,"column":6}},"35":{"start":{"line":57,"column":6},"end":{"line":57,"column":35}},"36":{"start":{"line":57,"column":28},"end":{"line":57,"column":33}},"37":{"start":{"line":58,"column":6},"end":{"line":58,"column":18}},"38":{"start":{"line":60,"column":4},"end":{"line":60,"column":17}},"39":{"start":{"line":64,"column":2},"end":{"line":175,"column":4}}},"fnMap":{"0":{"name":"(anonymous_0)","decl":{"start":{"line":13,"column":14},"end":{"line":13,"column":15}},"loc":{"start":{"line":13,"column":20},"end":{"line":176,"column":1}},"line":13},"1":{"name":"(anonymous_1)","decl":{"start":{"line":30,"column":20},"end":{"line":30,"column":21}},"loc":{"start":{"line":30,"column":32},"end":{"line":48,"column":3}},"line":30},"2":{"name":"(anonymous_2)","decl":{"start":{"line":50,"column":12},"end":{"line":50,"column":13}},"loc":{"start":{"line":50,"column":18},"end":{"line":52,"column":3}},"line":50},"3":{"name":"(anonymous_3)","decl":{"start":{"line":55,"column":12},"end":{"line":55,"column":13}},"loc":{"start":{"line":55,"column":18},"end":{"line":61,"column":3}},"line":55},"4":{"name":"(anonymous_4)","decl":{"start":{"line":56,"column":36},"end":{"line":56,"column":37}},"loc":{"start":{"line":56,"column":42},"end":{"line":59,"column":5}},"line":56},"5":{"name":"(anonymous_5)","decl":{"start":{"line":57,"column":20},"end":{"line":57,"column":21}},"loc":{"start":{"line":57,"column":28},"end":{"line":57,"column":33}},"line":57}},"branchMap":{},"s":{"0":1,"1":2,"2":2,"3":2,"4":2,"5":2,"6":2,"7":2,"8":2,"9":2,"10":2,"11":2,"12":2,"13":2,"14":2,"15":2,"16":1,"17":1,"18":1,"19":1,"20":1,"21":1,"22":1,"23":1,"24":1,"25":1,"26":1,"27":1,"28":1,"29":1,"30":0,"31":2,"32":1,"33":2,"34":1,"35":0,"36":0,"37":0,"38":1,"39":2},"f":{"0":2,"1":1,"2":1,"3":1,"4":0,"5":0},"b":{},"_coverageSchema":"1a1c01bbd47fc00a2c39e90264f33305004495a9","hash":"706bd3f1a91d380390c2b8c5a6d8326e6dca4b5a"}
}
