TN:
SF:src/App.js
FN:11,App
FNF:1
FNH:0
FNDA:0,App
DA:12,0
LF:1
LH:0
BRF:0
BRH:0
end_of_record
TN:
SF:src/index.js
FNF:0
FNH:0
DA:7,0
DA:8,0
LF:2
LH:0
BRF:0
BRH:0
end_of_record
TN:
SF:src/components/Avatar.jsx
FN:5,(anonymous_0)
FN:17,(anonymous_1)
FNF:2
FNH:2
FNDA:22,(anonymous_0)
FNDA:21,(anonymous_1)
DA:5,3
DA:6,22
DA:15,3
DA:17,3
DA:18,21
DA:27,3
LF:6
LH:6
BRF:0
BRH:0
end_of_record
TN:
SF:src/components/Button.jsx
FN:34,(anonymous_0)
FNF:1
FNH:1
FNDA:34,(anonymous_0)
DA:6,3
DA:34,3
DA:35,34
DA:36,34
DA:45,3
LF:5
LH:5
BRDA:34,0,0,34
BRDA:35,1,0,0
BRDA:35,1,1,34
BRF:3
BRH:2
end_of_record
TN:
SF:src/components/CalendarHeatMap.jsx
FN:6,(anonymous_0)
FN:13,(anonymous_1)
FN:25,(anonymous_2)
FN:37,(anonymous_3)
FN:53,(anonymous_4)
FN:66,(anonymous_5)
FN:70,(anonymous_6)
FN:71,(anonymous_7)
FN:79,(anonymous_8)
FN:80,(anonymous_9)
FN:137,(anonymous_10)
FN:145,(anonymous_11)
FNF:12
FNH:12
FNDA:121,(anonymous_0)
FNDA:4,(anonymous_1)
FNDA:4,(anonymous_2)
FNDA:4,(anonymous_3)
FNDA:60,(anonymous_4)
FNDA:4,(anonymous_5)
FNDA:1,(anonymous_6)
FNDA:1,(anonymous_7)
FNDA:1,(anonymous_8)
FNDA:1,(anonymous_9)
FNDA:120,(anonymous_10)
FNDA:120,(anonymous_11)
DA:6,2
DA:7,121
DA:8,121
DA:9,121
DA:10,121
DA:13,2
DA:14,4
DA:15,4
DA:16,4
DA:17,4
DA:18,4
DA:19,121
DA:20,121
DA:22,4
DA:25,2
DA:26,4
DA:27,4
DA:31,4
DA:34,4
DA:35,4
DA:37,4
DA:38,4
DA:39,4
DA:40,4
DA:41,4
DA:43,4
DA:52,4
DA:53,60
DA:60,2
DA:62,2
DA:66,4
DA:67,4
DA:70,4
DA:71,1
DA:72,1
DA:73,1
DA:74,1
DA:75,1
DA:79,4
DA:80,1
DA:81,1
DA:82,1
DA:84,1
DA:86,1
DA:87,1
DA:91,4
DA:93,4
DA:96,4
DA:138,120
DA:139,2
DA:140,2
DA:141,2
DA:142,2
DA:143,2
DA:145,120
LF:55
LH:55
BRDA:52,0,0,4
BRDA:52,0,1,0
BRDA:55,1,0,60
BRDA:55,1,1,59
BRDA:74,2,0,0
BRDA:74,2,1,1
BRDA:84,3,0,1
BRDA:84,3,1,1
BRDA:84,3,2,1
BRDA:86,4,0,0
BRDA:86,4,1,1
BRDA:93,5,0,4
BRDA:93,5,1,4
BRDA:138,6,0,118
BRDA:138,6,1,2
BRDA:138,7,0,120
BRDA:138,7,1,60
BRDA:141,8,0,2
BRDA:141,8,1,0
BRDA:142,9,0,0
BRDA:142,9,1,2
BRDA:146,10,0,60
BRDA:146,10,1,60
BRF:23
BRH:18
end_of_record
TN:
SF:src/components/Card.jsx
FN:4,(anonymous_0)
FN:16,(anonymous_1)
FNF:2
FNH:2
FNDA:152,(anonymous_0)
FNDA:132,(anonymous_1)
DA:4,10
DA:5,152
DA:14,10
DA:16,10
DA:17,132
DA:23,10
LF:6
LH:6
BRF:0
BRH:0
end_of_record
TN:
SF:src/components/FAQCard.jsx
FN:3,(anonymous_0)
FN:12,(anonymous_1)
FN:12,(anonymous_2)
FNF:3
FNH:3
FNDA:2,(anonymous_0)
FNDA:1,(anonymous_1)
FNDA:1,(anonymous_2)
DA:3,1
DA:4,2
DA:5,2
DA:7,2
DA:12,1
LF:5
LH:5
BRDA:23,0,0,1
BRDA:23,0,1,1
BRDA:32,1,0,1
BRDA:32,1,1,1
BRF:4
BRH:4
end_of_record
TN:
SF:src/components/FooterBanner.jsx
FN:5,(anonymous_0)
FN:50,(anonymous_1)
FNF:2
FNH:2
FNDA:1,(anonymous_0)
FNDA:8,(anonymous_1)
DA:5,1
DA:7,1
DA:18,1
DA:51,8
LF:4
LH:4
BRDA:54,0,0,8
BRDA:54,0,1,0
BRDA:55,1,0,8
BRDA:55,1,1,0
BRF:4
BRH:2
end_of_record
TN:
SF:src/components/GradientAccent.jsx
FN:4,(anonymous_0)
FNF:1
FNH:1
FNDA:2,(anonymous_0)
DA:4,1
DA:5,2
LF:2
LH:2
BRF:0
BRH:0
end_of_record
TN:
SF:src/components/HeaderBanner.jsx
FN:6,(anonymous_0)
FNF:1
FNH:1
FNDA:1,(anonymous_0)
DA:6,1
DA:7,1
DA:9,1
LF:3
LH:3
BRDA:6,0,0,0
BRDA:6,1,0,0
BRDA:6,2,0,1
BRDA:7,3,0,1
BRDA:7,3,1,0
BRDA:14,4,0,1
BRDA:14,4,1,0
BRDA:30,5,0,1
BRDA:30,5,1,1
BRDA:30,5,2,1
BRF:10
BRH:6
end_of_record
TN:
SF:src/components/Input.jsx
FN:4,(anonymous_0)
FN:54,(anonymous_1)
FN:59,(anonymous_2)
FNF:3
FNH:3
FNDA:4,(anonymous_0)
FNDA:1,(anonymous_1)
FNDA:1,(anonymous_2)
DA:4,2
DA:5,4
DA:6,4
DA:7,4
DA:8,4
DA:11,4
DA:12,4
DA:14,4
DA:15,1
DA:16,1
DA:17,3
DA:18,1
DA:19,1
DA:22,4
DA:55,1
DA:56,1
DA:57,1
DA:60,1
DA:61,1
DA:82,2
LF:20
LH:20
BRDA:7,0,0,4
BRDA:7,0,1,0
BRDA:8,1,0,4
BRDA:8,1,1,0
BRDA:8,1,2,0
BRDA:8,1,3,0
BRDA:14,2,0,1
BRDA:14,2,1,3
BRDA:17,3,0,1
BRDA:17,3,1,2
BRDA:17,4,0,3
BRDA:17,4,1,1
BRDA:25,5,0,4
BRDA:25,5,1,4
BRDA:31,6,0,2
BRDA:31,6,1,2
BRDA:31,7,0,4
BRDA:31,7,1,3
BRDA:31,7,2,3
BRDA:49,8,0,1
BRDA:49,8,1,3
BRDA:69,9,0,0
BRDA:69,9,1,4
BRF:23
BRH:18
end_of_record
TN:
SF:src/components/MultipleRadioQuestion.jsx
FN:4,(anonymous_0)
FN:5,(anonymous_1)
FN:8,(anonymous_2)
FN:22,(anonymous_3)
FN:31,(anonymous_4)
FNF:5
FNH:4
FNDA:2,(anonymous_0)
FNDA:2,(anonymous_1)
FNDA:0,(anonymous_2)
FNDA:4,(anonymous_3)
FNDA:2,(anonymous_4)
DA:4,2
DA:5,2
DA:6,2
DA:8,0
DA:11,2
DA:15,2
DA:23,4
DA:31,2
LF:8
LH:7
BRDA:4,0,0,0
BRDA:6,1,0,0
BRDA:6,1,1,2
BRF:3
BRH:1
end_of_record
TN:
SF:src/components/MyPieChart.jsx
FN:6,MyPieChart
FN:9,(anonymous_1)
FN:10,(anonymous_2)
FN:12,(anonymous_3)
FN:36,(anonymous_4)
FNF:5
FNH:4
FNDA:1,MyPieChart
FNDA:1,(anonymous_1)
FNDA:0,(anonymous_2)
FNDA:1,(anonymous_3)
FNDA:3,(anonymous_4)
DA:4,1
DA:7,1
DA:9,1
DA:10,1
DA:11,1
DA:12,1
DA:16,1
DA:17,1
DA:19,1
DA:25,1
DA:37,3
LF:11
LH:11
BRDA:16,0,0,0
BRDA:16,0,1,1
BRDA:17,1,0,0
BRDA:17,1,1,1
BRF:4
BRH:2
end_of_record
TN:
SF:src/components/Navbar.jsx
FN:8,(anonymous_0)
FN:21,(anonymous_1)
FN:23,(anonymous_2)
FN:26,(anonymous_3)
FN:31,(anonymous_4)
FN:34,(anonymous_5)
FN:35,(anonymous_6)
FN:41,(anonymous_7)
FN:44,(anonymous_8)
FN:45,(anonymous_9)
FN:51,(anonymous_10)
FN:66,(anonymous_11)
FN:75,(anonymous_12)
FN:80,(anonymous_13)
FN:85,(anonymous_14)
FN:86,(anonymous_15)
FN:87,(anonymous_16)
FN:91,(anonymous_17)
FN:101,(anonymous_18)
FN:118,(anonymous_19)
FN:126,(anonymous_20)
FN:140,(anonymous_21)
FN:153,(anonymous_22)
FN:158,(anonymous_23)
FN:173,(anonymous_24)
FNF:25
FNH:14
FNDA:5,(anonymous_0)
FNDA:3,(anonymous_1)
FNDA:3,(anonymous_2)
FNDA:0,(anonymous_3)
FNDA:3,(anonymous_4)
FNDA:4,(anonymous_5)
FNDA:4,(anonymous_6)
FNDA:3,(anonymous_7)
FNDA:3,(anonymous_8)
FNDA:3,(anonymous_9)
FNDA:0,(anonymous_10)
FNDA:2,(anonymous_11)
FNDA:3,(anonymous_12)
FNDA:3,(anonymous_13)
FNDA:0,(anonymous_14)
FNDA:0,(anonymous_15)
FNDA:0,(anonymous_16)
FNDA:0,(anonymous_17)
FNDA:15,(anonymous_18)
FNDA:0,(anonymous_19)
FNDA:10,(anonymous_20)
FNDA:0,(anonymous_21)
FNDA:0,(anonymous_22)
FNDA:0,(anonymous_23)
FNDA:0,(anonymous_24)
DA:8,2
DA:9,5
DA:10,5
DA:11,5
DA:12,5
DA:13,5
DA:14,5
DA:15,5
DA:17,5
DA:18,5
DA:21,5
DA:22,3
DA:24,3
DA:27,0
DA:31,5
DA:32,3
DA:33,3
DA:34,4
DA:35,4
DA:37,0
DA:41,5
DA:42,3
DA:43,3
DA:44,3
DA:45,3
DA:47,0
DA:51,5
DA:52,0
DA:53,0
DA:58,0
DA:60,0
DA:62,0
DA:66,5
DA:67,2
DA:68,2
DA:69,1
DA:71,1
DA:75,5
DA:76,3
DA:77,3
DA:80,5
DA:81,3
DA:84,5
DA:85,0
DA:86,0
DA:87,0
DA:90,5
DA:91,0
DA:95,5
DA:102,15
DA:118,0
DA:127,10
DA:140,0
DA:154,0
DA:159,0
DA:160,0
DA:175,0
DA:177,0
LF:58
LH:39
BRDA:143,0,0,0
BRDA:143,0,1,5
BRDA:151,1,0,5
BRDA:151,1,1,0
BRF:4
BRH:2
end_of_record
TN:
SF:src/components/PointsBarChart.jsx
FN:15,(anonymous_0)
FN:18,(anonymous_1)
FN:19,(anonymous_2)
FN:21,(anonymous_3)
FN:27,(anonymous_4)
FN:44,(anonymous_5)
FN:51,(anonymous_6)
FN:64,(anonymous_7)
FN:73,(anonymous_8)
FN:95,(anonymous_9)
FN:102,(anonymous_10)
FN:114,(anonymous_11)
FN:130,(anonymous_12)
FN:145,(anonymous_13)
FN:145,(anonymous_14)
FN:145,(anonymous_15)
FN:145,(anonymous_16)
FN:157,(anonymous_17)
FN:157,(anonymous_18)
FN:157,(anonymous_19)
FN:157,(anonymous_20)
FNF:21
FNH:10
FNDA:2,(anonymous_0)
FNDA:1,(anonymous_1)
FNDA:0,(anonymous_2)
FNDA:1,(anonymous_3)
FNDA:2,(anonymous_4)
FNDA:2,(anonymous_5)
FNDA:0,(anonymous_6)
FNDA:0,(anonymous_7)
FNDA:2,(anonymous_8)
FNDA:2,(anonymous_9)
FNDA:2,(anonymous_10)
FNDA:2,(anonymous_11)
FNDA:1,(anonymous_12)
FNDA:0,(anonymous_13)
FNDA:0,(anonymous_14)
FNDA:0,(anonymous_15)
FNDA:0,(anonymous_16)
FNDA:0,(anonymous_17)
FNDA:0,(anonymous_18)
FNDA:0,(anonymous_19)
FNDA:0,(anonymous_20)
DA:15,1
DA:16,2
DA:18,2
DA:19,1
DA:20,1
DA:21,1
DA:24,2
DA:27,1
DA:28,2
DA:29,2
DA:31,2
DA:35,2
DA:36,2
DA:37,2
DA:38,2
DA:39,2
DA:40,2
DA:44,2
DA:45,2
DA:46,2
DA:47,2
DA:48,2
DA:51,2
DA:52,0
DA:53,0
DA:54,0
DA:55,0
DA:59,0
DA:60,0
DA:61,0
DA:62,0
DA:64,0
DA:65,0
DA:66,0
DA:67,0
DA:70,0
DA:73,2
DA:74,2
DA:78,2
DA:81,2
DA:82,2
DA:83,2
DA:84,2
DA:86,2
DA:87,2
DA:88,2
DA:89,2
DA:90,2
DA:92,2
DA:93,2
DA:95,2
DA:96,2
DA:97,2
DA:102,2
DA:103,2
DA:108,1
DA:110,1
DA:114,2
DA:115,2
DA:119,2
DA:130,1
DA:145,0
DA:157,0
LF:63
LH:48
BRDA:35,0,0,0
BRDA:35,0,1,2
BRDA:35,1,0,0
BRDA:35,1,1,2
BRDA:36,2,0,0
BRDA:36,2,1,2
BRDA:37,3,0,0
BRDA:37,3,1,2
BRDA:38,4,0,0
BRDA:38,4,1,2
BRDA:39,5,0,0
BRDA:39,5,1,2
BRDA:40,6,0,0
BRDA:40,6,1,2
BRDA:54,7,0,0
BRDA:54,7,1,0
BRDA:84,8,0,0
BRDA:84,8,1,2
BRDA:98,9,0,1
BRDA:98,9,1,1
BRDA:103,10,0,0
BRDA:103,10,1,2
BRDA:126,11,0,1
BRDA:126,11,1,1
BRDA:132,12,0,1
BRDA:132,12,1,1
BRDA:137,13,0,1
BRDA:137,13,1,1
BRDA:145,14,0,1
BRDA:145,14,1,1
BRDA:146,15,0,1
BRDA:146,15,1,1
BRDA:153,16,0,1
BRDA:153,16,1,1
BRDA:157,17,0,1
BRDA:157,17,1,1
BRDA:158,18,0,1
BRDA:158,18,1,1
BRF:38
BRH:27
end_of_record
TN:
SF:src/components/PopUp.jsx
FN:7,(anonymous_0)
FN:14,(anonymous_1)
FN:15,(anonymous_2)
FN:30,(anonymous_3)
FN:31,(anonymous_4)
FN:37,(anonymous_5)
FN:38,(anonymous_6)
FN:44,(anonymous_7)
FN:53,(anonymous_8)
FN:58,(anonymous_9)
FN:59,(anonymous_10)
FN:61,(anonymous_11)
FN:82,(anonymous_12)
FN:102,(anonymous_13)
FN:108,(anonymous_14)
FN:154,(anonymous_15)
FN:164,(anonymous_16)
FN:177,(anonymous_17)
FN:199,(anonymous_18)
FN:210,(anonymous_19)
FNF:20
FNH:13
FNDA:36,(anonymous_0)
FNDA:25,(anonymous_1)
FNDA:7,(anonymous_2)
FNDA:5,(anonymous_3)
FNDA:5,(anonymous_4)
FNDA:0,(anonymous_5)
FNDA:0,(anonymous_6)
FNDA:5,(anonymous_7)
FNDA:1,(anonymous_8)
FNDA:0,(anonymous_9)
FNDA:0,(anonymous_10)
FNDA:0,(anonymous_11)
FNDA:10,(anonymous_12)
FNDA:2,(anonymous_13)
FNDA:0,(anonymous_14)
FNDA:31,(anonymous_15)
FNDA:1,(anonymous_16)
FNDA:5,(anonymous_17)
FNDA:0,(anonymous_18)
FNDA:1,(anonymous_19)
DA:7,4
DA:8,36
DA:9,36
DA:10,36
DA:12,36
DA:14,36
DA:15,25
DA:16,7
DA:17,7
DA:18,7
DA:20,0
DA:23,25
DA:24,7
DA:28,36
DA:30,18
DA:31,5
DA:37,18
DA:38,0
DA:44,18
DA:45,5
DA:46,5
DA:47,4
DA:49,1
DA:53,18
DA:54,1
DA:55,1
DA:58,18
DA:59,0
DA:60,0
DA:61,0
DA:66,18
DA:82,10
DA:103,2
DA:104,2
DA:105,2
DA:108,0
DA:155,31
DA:156,31
DA:165,1
DA:166,0
DA:167,0
DA:178,5
DA:179,5
DA:199,0
DA:211,1
DA:212,1
DA:214,1
LF:47
LH:38
BRDA:18,0,0,7
BRDA:18,0,1,0
BRDA:23,1,0,7
BRDA:23,1,1,18
BRDA:28,2,0,18
BRDA:28,2,1,18
BRDA:60,3,0,0
BRDA:60,3,1,0
BRDA:74,4,0,1
BRDA:74,4,1,17
BRDA:76,5,0,0
BRDA:76,5,1,17
BRDA:78,6,0,0
BRDA:78,6,1,17
BRDA:86,7,0,1
BRDA:86,7,1,17
BRDA:89,8,0,1
BRDA:89,8,1,17
BRDA:93,9,0,0
BRDA:93,9,1,1
BRDA:95,10,0,0
BRDA:95,10,1,1
BRDA:97,11,0,0
BRDA:97,11,1,1
BRDA:111,12,0,1
BRDA:111,12,1,1
BRDA:119,13,0,2
BRDA:119,13,1,1
BRDA:143,14,0,0
BRDA:143,14,1,17
BRDA:144,15,0,0
BRDA:144,15,1,17
BRDA:145,16,0,0
BRDA:145,16,1,17
BRDA:146,17,0,0
BRDA:146,17,1,17
BRDA:149,18,0,0
BRDA:149,18,1,17
BRDA:155,19,0,31
BRDA:155,19,1,28
BRDA:165,20,0,0
BRDA:165,20,1,1
BRDA:165,21,0,1
BRDA:165,21,1,1
BRDA:174,22,0,31
BRDA:174,22,1,30
BRDA:195,23,0,1
BRDA:195,23,1,17
BRDA:211,24,0,1
BRDA:211,24,1,0
BRF:50
BRH:35
end_of_record
TN:
SF:src/components/ProgressBar.jsx
FN:3,(anonymous_0)
FN:10,(anonymous_1)
FN:12,(anonymous_2)
FN:18,(anonymous_3)
FNF:4
FNH:3
FNDA:18,(anonymous_0)
FNDA:18,(anonymous_1)
FNDA:0,(anonymous_2)
FNDA:18,(anonymous_3)
DA:3,2
DA:4,18
DA:6,18
DA:7,18
DA:8,18
DA:10,18
DA:12,18
DA:13,0
DA:14,0
DA:15,0
DA:18,18
DA:21,18
DA:22,18
DA:24,18
LF:14
LH:11
BRDA:57,0,0,18
BRDA:57,0,1,0
BRDA:69,1,0,18
BRDA:69,1,1,0
BRF:4
BRH:2
end_of_record
TN:
SF:src/components/Questions.jsx
FN:5,(anonymous_0)
FN:17,(anonymous_1)
FN:29,(anonymous_2)
FNF:3
FNH:3
FNDA:2,(anonymous_0)
FNDA:1,(anonymous_1)
FNDA:2,(anonymous_2)
DA:5,1
DA:6,2
DA:7,2
DA:8,2
DA:9,2
DA:10,2
DA:11,2
DA:15,2
DA:17,2
DA:18,1
DA:19,1
DA:20,1
DA:21,1
DA:22,1
DA:23,1
DA:24,1
DA:29,2
DA:30,2
DA:31,2
DA:50,2
LF:20
LH:20
BRDA:5,0,0,0
BRDA:18,1,0,1
BRDA:18,1,1,0
BRDA:19,2,0,1
BRDA:19,2,1,0
BRDA:20,3,0,1
BRDA:20,3,1,0
BRDA:21,4,0,1
BRDA:21,4,1,0
BRDA:22,5,0,1
BRDA:22,5,1,0
BRDA:23,6,0,1
BRDA:23,6,1,0
BRDA:24,7,0,1
BRDA:24,7,1,0
BRDA:30,8,0,2
BRDA:30,8,1,0
BRDA:53,9,0,2
BRDA:53,9,1,0
BRDA:69,10,0,2
BRDA:69,10,1,1
BRDA:101,11,0,2
BRDA:101,11,1,1
BRF:23
BRH:13
end_of_record
TN:
SF:src/components/RadioGroup.jsx
FN:6,(anonymous_0)
FN:20,(anonymous_1)
FNF:2
FNH:2
FNDA:5,(anonymous_0)
FNDA:24,(anonymous_1)
DA:6,2
DA:7,5
DA:18,2
DA:20,2
DA:21,24
DA:34,2
LF:6
LH:6
BRF:0
BRH:0
end_of_record
TN:
SF:src/components/RadioQuestion.jsx
FN:5,(anonymous_0)
FN:19,(anonymous_1)
FNF:2
FNH:2
FNDA:5,(anonymous_0)
FNDA:24,(anonymous_1)
DA:5,2
DA:6,5
DA:20,24
LF:3
LH:3
BRF:0
BRH:0
end_of_record
TN:
SF:src/components/RequireAuth.jsx
FN:5,(anonymous_0)
FN:10,(anonymous_1)
FN:14,(anonymous_2)
FN:17,(anonymous_3)
FN:20,(anonymous_4)
FNF:5
FNH:4
FNDA:2,(anonymous_0)
FNDA:1,(anonymous_1)
FNDA:1,(anonymous_2)
FNDA:0,(anonymous_3)
FNDA:1,(anonymous_4)
DA:5,1
DA:6,2
DA:7,2
DA:8,2
DA:10,2
DA:11,1
DA:12,1
DA:15,1
DA:18,0
DA:20,1
DA:21,1
DA:26,2
DA:28,1
DA:30,0
DA:33,1
LF:15
LH:13
BRDA:15,0,0,1
BRDA:15,0,1,0
BRDA:18,1,0,0
BRDA:18,1,1,0
BRDA:26,2,0,1
BRDA:26,2,1,1
BRDA:28,3,0,0
BRDA:28,3,1,1
BRF:8
BRH:4
end_of_record
TN:
SF:src/components/Slider.jsx
FN:3,(anonymous_0)
FN:9,(anonymous_1)
FN:44,(anonymous_2)
FNF:3
FNH:3
FNDA:7,(anonymous_0)
FNDA:1,(anonymous_1)
FNDA:79,(anonymous_2)
DA:3,2
DA:4,7
DA:5,7
DA:7,7
DA:9,7
DA:10,1
DA:11,1
DA:12,0
DA:15,7
DA:17,7
DA:18,7
DA:19,79
DA:22,7
DA:45,79
LF:14
LH:13
BRDA:3,0,0,0
BRDA:3,1,0,0
BRDA:3,2,0,5
BRDA:5,3,0,7
BRDA:5,3,1,7
BRDA:7,4,0,7
BRDA:7,4,1,0
BRDA:11,5,0,1
BRDA:11,5,1,0
BRF:9
BRH:5
end_of_record
TN:
SF:src/components/SliderQuestion.jsx
FN:5,(anonymous_0)
FNF:1
FNH:1
FNDA:6,(anonymous_0)
DA:5,2
DA:6,6
LF:2
LH:2
BRDA:5,0,0,6
BRF:1
BRH:1
end_of_record
TN:
SF:src/components/Switch.jsx
FN:3,(anonymous_0)
FN:6,(anonymous_1)
FN:7,(anonymous_2)
FN:21,(anonymous_3)
FNF:4
FNH:3
FNDA:22,(anonymous_0)
FNDA:3,(anonymous_1)
FNDA:3,(anonymous_2)
FNDA:0,(anonymous_3)
DA:3,3
DA:4,22
DA:6,22
DA:7,3
DA:8,3
DA:9,3
DA:10,3
DA:14,22
DA:22,0
LF:9
LH:8
BRDA:22,0,0,0
BRDA:22,0,1,0
BRDA:22,1,0,0
BRDA:22,1,1,0
BRDA:28,2,0,2
BRDA:28,2,1,20
BRF:6
BRH:2
end_of_record
TN:
SF:src/components/TipCard.jsx
FN:3,(anonymous_0)
FN:7,(anonymous_1)
FN:36,(anonymous_2)
FN:37,(anonymous_3)
FNF:4
FNH:2
FNDA:29,(anonymous_0)
FNDA:1,(anonymous_1)
FNDA:0,(anonymous_2)
FNDA:0,(anonymous_3)
DA:3,2
DA:4,29
DA:5,29
DA:7,29
DA:9,1
DA:10,1
DA:11,1
DA:12,1
DA:15,29
DA:36,0
DA:37,0
LF:11
LH:9
BRDA:19,0,0,1
BRDA:19,0,1,28
BRDA:20,1,0,0
BRDA:20,1,1,29
BRDA:25,2,0,1
BRDA:25,2,1,28
BRF:6
BRH:5
end_of_record
TN:
SF:src/components/UserRankChart.jsx
FN:14,(anonymous_0)
FN:21,(anonymous_1)
FN:30,(anonymous_2)
FN:40,(anonymous_3)
FN:53,(anonymous_4)
FN:55,(anonymous_5)
FN:56,(anonymous_6)
FN:58,(anonymous_7)
FN:63,(anonymous_8)
FN:83,(anonymous_9)
FN:110,(anonymous_10)
FN:112,(anonymous_11)
FN:126,(anonymous_12)
FN:131,(anonymous_13)
FN:133,(anonymous_14)
FN:139,(anonymous_15)
FN:149,(anonymous_16)
FN:151,(anonymous_17)
FN:157,(anonymous_18)
FN:165,(anonymous_19)
FN:181,(anonymous_20)
FN:193,(anonymous_21)
FN:225,(anonymous_22)
FN:269,(anonymous_23)
FN:284,(anonymous_24)
FN:291,(anonymous_25)
FNF:26
FNH:21
FNDA:82,(anonymous_0)
FNDA:15,(anonymous_1)
FNDA:3,(anonymous_2)
FNDA:2,(anonymous_3)
FNDA:6,(anonymous_4)
FNDA:2,(anonymous_5)
FNDA:0,(anonymous_6)
FNDA:2,(anonymous_7)
FNDA:6,(anonymous_8)
FNDA:5,(anonymous_9)
FNDA:51,(anonymous_10)
FNDA:51,(anonymous_11)
FNDA:5,(anonymous_12)
FNDA:2,(anonymous_13)
FNDA:1,(anonymous_14)
FNDA:1,(anonymous_15)
FNDA:1,(anonymous_16)
FNDA:1,(anonymous_17)
FNDA:0,(anonymous_18)
FNDA:6,(anonymous_19)
FNDA:6,(anonymous_20)
FNDA:6,(anonymous_21)
FNDA:0,(anonymous_22)
FNDA:0,(anonymous_23)
FNDA:51,(anonymous_24)
FNDA:0,(anonymous_25)
DA:14,1
DA:15,82
DA:16,82
DA:17,82
DA:18,82
DA:21,1
DA:22,15
DA:23,15
DA:24,15
DA:25,15
DA:26,15
DA:27,15
DA:30,1
DA:31,3
DA:32,3
DA:33,21
DA:34,21
DA:35,21
DA:37,3
DA:40,1
DA:41,2
DA:42,2
DA:43,2
DA:44,2
DA:45,2
DA:46,61
DA:47,61
DA:49,2
DA:53,1
DA:54,6
DA:55,6
DA:56,2
DA:57,2
DA:58,2
DA:60,6
DA:63,1
DA:64,6
DA:67,6
DA:68,6
DA:69,6
DA:70,6
DA:71,6
DA:73,6
DA:74,6
DA:75,6
DA:79,6
DA:80,6
DA:83,6
DA:84,5
DA:86,5
DA:90,5
DA:93,5
DA:94,5
DA:97,5
DA:98,5
DA:102,5
DA:107,5
DA:110,4
DA:111,51
DA:112,51
DA:114,51
DA:120,4
DA:122,1
DA:126,6
DA:127,5
DA:131,6
DA:132,2
DA:133,1
DA:134,1
DA:135,1
DA:136,1
DA:139,1
DA:140,1
DA:141,1
DA:142,1
DA:149,6
DA:150,1
DA:151,1
DA:152,1
DA:153,1
DA:154,1
DA:157,0
DA:158,0
DA:159,0
DA:160,0
DA:165,6
DA:166,6
DA:167,4
DA:168,4
DA:169,4
DA:171,2
DA:172,2
DA:173,2
DA:181,6
DA:182,6
DA:183,4
DA:184,4
DA:185,4
DA:187,2
DA:188,2
DA:189,2
DA:193,6
DA:194,6
DA:195,4
DA:196,4
DA:197,4
DA:205,2
DA:213,6
DA:225,0
DA:270,0
DA:271,0
DA:284,51
DA:292,0
DA:293,0
LF:114
LH:105
BRDA:67,0,0,0
BRDA:67,0,1,6
BRDA:67,1,0,0
BRDA:67,1,1,6
BRDA:68,2,0,0
BRDA:68,2,1,6
BRDA:69,3,0,0
BRDA:69,3,1,6
BRDA:70,4,0,0
BRDA:70,4,1,6
BRDA:71,5,0,0
BRDA:71,5,1,6
BRDA:86,6,0,3
BRDA:86,6,1,2
BRDA:103,7,0,3
BRDA:103,7,1,2
BRDA:107,8,0,5
BRDA:107,8,1,0
BRDA:116,9,0,24
BRDA:116,9,1,27
BRDA:116,10,0,1
BRDA:116,10,1,23
BRDA:132,11,0,1
BRDA:132,11,1,1
BRDA:136,12,0,0
BRDA:136,12,1,1
BRDA:142,13,0,0
BRDA:142,13,1,1
BRDA:150,14,0,1
BRDA:150,14,1,0
BRDA:166,15,0,4
BRDA:166,15,1,2
BRDA:174,16,0,2
BRDA:174,16,1,2
BRDA:174,16,2,2
BRDA:182,17,0,4
BRDA:182,17,1,2
BRDA:194,18,0,4
BRDA:194,18,1,2
BRDA:221,19,0,4
BRDA:221,19,1,2
BRDA:227,20,0,4
BRDA:227,20,1,2
BRDA:232,21,0,2
BRDA:232,21,1,4
BRDA:267,22,0,4
BRDA:267,22,1,2
BRDA:271,23,0,0
BRDA:271,23,1,0
BRDA:284,24,0,51
BRDA:284,24,1,50
BRDA:294,25,0,0
BRDA:294,25,1,0
BRF:53
BRH:39
end_of_record
TN:
SF:src/lib/activityBus.js
FN:4,subscribeActivity
FN:6,(anonymous_1)
FN:9,publishActivity
FNF:3
FNH:3
FNDA:11,subscribeActivity
FNDA:11,(anonymous_1)
FNDA:2,publishActivity
DA:2,4
DA:5,11
DA:6,11
DA:10,2
DA:11,1
DA:12,1
LF:6
LH:6
BRF:0
BRH:0
end_of_record
TN:
SF:src/lib/utils.js
FN:4,cn
FNF:1
FNH:1
FNDA:397,cn
DA:5,397
LF:1
LH:1
BRF:0
BRH:0
end_of_record
TN:
SF:src/screens/About.jsx
FN:10,(anonymous_0)
FN:95,(anonymous_1)
FN:176,(anonymous_2)
FNF:3
FNH:3
FNDA:1,(anonymous_0)
FNDA:4,(anonymous_1)
FNDA:7,(anonymous_2)
DA:10,1
DA:13,1
DA:21,1
DA:52,1
DA:96,4
DA:177,7
LF:6
LH:6
BRF:0
BRH:0
end_of_record
TN:
SF:src/screens/Dashboard.jsx
FN:14,(anonymous_0)
FN:31,(anonymous_1)
FN:46,(anonymous_2)
FN:51,(anonymous_3)
FN:52,(anonymous_4)
FN:58,(anonymous_5)
FN:59,(anonymous_6)
FN:73,(anonymous_7)
FN:77,(anonymous_8)
FN:89,(anonymous_9)
FN:90,(anonymous_10)
FN:127,(anonymous_11)
FN:212,(anonymous_12)
FN:216,(anonymous_13)
FNF:14
FNH:9
FNDA:17,(anonymous_0)
FNDA:9,(anonymous_1)
FNDA:9,(anonymous_2)
FNDA:9,(anonymous_3)
FNDA:0,(anonymous_4)
FNDA:9,(anonymous_5)
FNDA:9,(anonymous_6)
FNDA:0,(anonymous_7)
FNDA:0,(anonymous_8)
FNDA:0,(anonymous_9)
FNDA:8,(anonymous_10)
FNDA:8,(anonymous_11)
FNDA:27,(anonymous_12)
FNDA:0,(anonymous_13)
DA:14,1
DA:15,17
DA:16,17
DA:17,17
DA:18,17
DA:19,17
DA:20,17
DA:21,17
DA:22,17
DA:23,17
DA:24,17
DA:25,17
DA:26,17
DA:28,17
DA:29,17
DA:31,17
DA:32,9
DA:33,9
DA:34,8
DA:35,8
DA:36,8
DA:37,8
DA:38,8
DA:39,8
DA:41,0
DA:42,0
DA:46,17
DA:47,9
DA:51,17
DA:52,9
DA:53,0
DA:55,9
DA:58,17
DA:59,9
DA:60,9
DA:61,9
DA:62,9
DA:63,9
DA:65,0
DA:67,9
DA:70,9
DA:73,17
DA:74,0
DA:75,0
DA:76,0
DA:77,0
DA:78,0
DA:79,0
DA:80,0
DA:83,0
DA:87,17
DA:88,17
DA:89,0
DA:90,8
DA:95,17
DA:96,17
DA:98,17
DA:128,8
DA:213,27
DA:217,0
LF:60
LH:46
BRDA:87,0,0,0
BRDA:87,0,1,17
BRDA:131,1,0,8
BRDA:131,1,1,0
BRDA:138,2,0,0
BRDA:138,2,1,8
BRDA:212,3,0,9
BRDA:212,3,1,8
BRDA:215,4,0,27
BRDA:215,4,1,0
BRDA:217,5,0,0
BRDA:217,5,1,0
BRF:12
BRH:6
end_of_record
TN:
SF:src/screens/Profile.jsx
FN:11,(anonymous_0)
FN:21,(anonymous_1)
FN:23,(anonymous_2)
FN:28,(anonymous_3)
FN:33,(anonymous_4)
FN:35,(anonymous_5)
FN:38,(anonymous_6)
FN:44,(anonymous_7)
FN:48,(anonymous_8)
FN:51,(anonymous_9)
FN:59,(anonymous_10)
FN:83,(anonymous_11)
FN:87,(anonymous_12)
FN:162,(anonymous_13)
FN:164,(anonymous_14)
FNF:15
FNH:12
FNDA:11,(anonymous_0)
FNDA:4,(anonymous_1)
FNDA:4,(anonymous_2)
FNDA:0,(anonymous_3)
FNDA:2,(anonymous_4)
FNDA:2,(anonymous_5)
FNDA:0,(anonymous_6)
FNDA:2,(anonymous_7)
FNDA:1,(anonymous_8)
FNDA:0,(anonymous_9)
FNDA:1,(anonymous_10)
FNDA:4,(anonymous_11)
FNDA:2,(anonymous_12)
FNDA:2,(anonymous_13)
FNDA:2,(anonymous_14)
DA:11,1
DA:12,11
DA:13,11
DA:14,11
DA:15,11
DA:16,11
DA:18,11
DA:21,11
DA:22,4
DA:24,4
DA:25,4
DA:26,4
DA:29,0
DA:33,11
DA:34,2
DA:36,2
DA:39,0
DA:44,11
DA:45,2
DA:46,1
DA:47,1
DA:49,1
DA:52,0
DA:59,11
DA:60,1
DA:61,1
DA:62,1
DA:63,1
DA:66,1
DA:67,1
DA:69,1
DA:70,1
DA:75,1
DA:77,0
DA:83,11
DA:84,4
DA:87,11
DA:88,2
DA:91,11
DA:92,11
DA:163,2
DA:164,2
LF:42
LH:38
BRDA:26,0,0,0
BRDA:26,0,1,4
BRDA:26,1,0,4
BRDA:26,1,1,0
BRDA:45,2,0,1
BRDA:45,2,1,1
BRDA:61,3,0,1
BRDA:61,3,1,0
BRDA:109,4,0,1
BRDA:109,4,1,10
BRDA:109,5,0,11
BRDA:109,5,1,1
BRDA:118,6,0,6
BRDA:118,6,1,4
BRDA:168,7,0,1
BRDA:168,7,1,10
BRF:16
BRH:13
end_of_record
TN:
SF:src/screens/Questionnaire.jsx
FN:10,(anonymous_0)
FN:17,(anonymous_1)
FNF:2
FNH:2
FNDA:20,(anonymous_0)
FNDA:2,(anonymous_1)
DA:10,1
DA:11,20
DA:13,20
DA:14,20
DA:15,20
DA:17,20
DA:18,2
DA:19,2
DA:21,2
DA:22,2
DA:23,2
DA:28,1
DA:29,1
DA:30,1
DA:33,1
DA:34,1
DA:36,1
DA:37,1
DA:41,20
LF:19
LH:19
BRDA:29,0,0,1
BRDA:29,0,1,0
BRDA:37,1,0,0
BRDA:37,1,1,1
BRDA:88,2,0,20
BRDA:88,2,1,0
BRF:6
BRH:3
end_of_record
TN:
SF:src/screens/SignIn.jsx
FN:10,(anonymous_0)
FN:24,(anonymous_1)
FN:48,(anonymous_2)
FN:54,(anonymous_3)
FN:65,(anonymous_4)
FN:115,(anonymous_5)
FN:127,(anonymous_6)
FN:152,(anonymous_7)
FN:170,(anonymous_8)
FNF:9
FNH:9
FNDA:15,(anonymous_0)
FNDA:3,(anonymous_1)
FNDA:1,(anonymous_2)
FNDA:1,(anonymous_3)
FNDA:1,(anonymous_4)
FNDA:3,(anonymous_5)
FNDA:3,(anonymous_6)
FNDA:2,(anonymous_7)
FNDA:1,(anonymous_8)
DA:10,1
DA:11,15
DA:12,15
DA:13,15
DA:14,15
DA:15,15
DA:17,15
DA:18,15
DA:20,15
DA:21,15
DA:24,15
DA:25,3
DA:26,3
DA:28,3
DA:32,3
DA:34,3
DA:35,1
DA:36,1
DA:37,1
DA:40,2
DA:41,0
DA:42,0
DA:43,0
DA:47,2
DA:49,1
DA:50,1
DA:51,1
DA:55,1
DA:56,1
DA:57,1
DA:58,1
DA:59,1
DA:61,1
DA:65,15
DA:66,1
DA:69,15
DA:115,3
DA:127,3
DA:153,2
DA:171,1
LF:40
LH:37
BRDA:34,0,0,1
BRDA:34,0,1,2
BRDA:40,1,0,0
BRDA:40,1,1,2
BRDA:50,2,0,1
BRDA:50,2,1,0
BRDA:55,3,0,1
BRDA:55,3,1,0
BRDA:133,4,0,15
BRDA:133,4,1,0
BRDA:150,5,0,15
BRDA:150,5,1,2
BRF:12
BRH:8
end_of_record
TN:
SF:src/screens/SignUp.jsx
FN:10,(anonymous_0)
FN:36,(anonymous_1)
FN:91,(anonymous_2)
FN:98,(anonymous_3)
FN:179,(anonymous_4)
FN:189,(anonymous_5)
FN:201,(anonymous_6)
FN:213,(anonymous_7)
FN:225,(anonymous_8)
FN:241,(anonymous_9)
FN:251,(anonymous_10)
FNF:11
FNH:11
FNDA:37,(anonymous_0)
FNDA:5,(anonymous_1)
FNDA:1,(anonymous_2)
FNDA:2,(anonymous_3)
FNDA:5,(anonymous_4)
FNDA:5,(anonymous_5)
FNDA:5,(anonymous_6)
FNDA:5,(anonymous_7)
FNDA:5,(anonymous_8)
FNDA:2,(anonymous_9)
FNDA:1,(anonymous_10)
DA:10,1
DA:11,37
DA:12,37
DA:13,37
DA:14,37
DA:15,37
DA:17,37
DA:18,37
DA:19,37
DA:20,37
DA:21,37
DA:22,37
DA:24,37
DA:25,37
DA:28,37
DA:29,37
DA:31,37
DA:32,37
DA:36,37
DA:37,5
DA:39,5
DA:40,1
DA:42,1
DA:43,1
DA:45,4
DA:46,0
DA:48,0
DA:49,0
DA:51,4
DA:52,0
DA:55,0
DA:56,0
DA:57,0
DA:60,4
DA:61,0
DA:63,0
DA:67,0
DA:68,0
DA:71,4
DA:72,1
DA:73,1
DA:74,1
DA:78,1
DA:79,1
DA:81,3
DA:88,3
DA:90,3
DA:92,1
DA:93,1
DA:94,1
DA:95,1
DA:99,2
DA:100,2
DA:102,1
DA:103,1
DA:104,1
DA:105,1
DA:106,1
DA:107,1
DA:109,1
DA:111,1
DA:112,1
DA:113,1
DA:114,1
DA:115,1
DA:116,1
DA:117,1
DA:119,0
DA:121,0
DA:122,0
DA:123,0
DA:124,0
DA:125,0
DA:128,2
DA:132,37
DA:179,5
DA:189,5
DA:201,5
DA:213,5
DA:225,5
DA:242,2
DA:251,1
LF:82
LH:65
BRDA:39,0,0,1
BRDA:39,0,1,4
BRDA:45,1,0,0
BRDA:45,1,1,4
BRDA:51,2,0,0
BRDA:51,2,1,4
BRDA:60,3,0,0
BRDA:60,3,1,4
BRDA:71,4,0,1
BRDA:71,4,1,3
BRDA:93,5,0,1
BRDA:93,5,1,0
BRDA:99,6,0,2
BRDA:99,6,1,0
BRDA:100,7,0,1
BRDA:100,7,1,1
BRDA:109,8,0,1
BRDA:109,8,1,0
BRDA:119,9,0,0
BRDA:119,9,1,0
BRDA:186,10,0,37
BRDA:186,10,1,0
BRDA:198,11,0,37
BRDA:198,11,1,0
BRDA:222,12,0,37
BRDA:222,12,1,0
BRDA:239,13,0,37
BRDA:239,13,1,2
BRF:28
BRH:17
end_of_record
TN:
SF:src/screens/Stats.jsx
FN:13,(anonymous_0)
FN:30,(anonymous_1)
FN:50,(anonymous_2)
FN:55,(anonymous_3)
FN:56,(anonymous_4)
FN:57,(anonymous_5)
FNF:6
FNH:4
FNDA:2,(anonymous_0)
FNDA:1,(anonymous_1)
FNDA:1,(anonymous_2)
FNDA:1,(anonymous_3)
FNDA:0,(anonymous_4)
FNDA:0,(anonymous_5)
DA:13,1
DA:14,2
DA:15,2
DA:16,2
DA:17,2
DA:18,2
DA:19,2
DA:20,2
DA:21,2
DA:22,2
DA:23,2
DA:24,2
DA:25,2
DA:26,2
DA:28,2
DA:30,2
DA:31,1
DA:32,1
DA:33,1
DA:34,1
DA:35,1
DA:36,1
DA:37,1
DA:38,1
DA:39,1
DA:40,1
DA:41,1
DA:42,1
DA:43,1
DA:44,1
DA:46,0
DA:50,2
DA:51,1
DA:55,2
DA:56,1
DA:57,0
DA:58,0
DA:60,1
DA:64,2
LF:39
LH:36
BRF:0
BRH:0
end_of_record
