TN:
SF:src/App.js
FN:13,App
FN:16,(anonymous_1)
FNF:2
FNH:2
FNDA:9,App
FNDA:9,(anonymous_1)
DA:14,9
DA:16,9
DA:17,9
DA:20,9
LF:4
LH:4
BRF:0
BRH:0
end_of_record
TN:
SF:src/index.js
FNF:0
FNH:0
DA:7,1
DA:8,1
LF:2
LH:2
BRF:0
BRH:0
end_of_record
TN:
SF:src/components/Avatar.jsx
FN:5,(anonymous_0)
FN:17,(anonymous_1)
FNF:2
FNH:2
FNDA:24,(anonymous_0)
FNDA:23,(anonymous_1)
DA:5,5
DA:6,24
DA:15,5
DA:17,5
DA:18,23
DA:27,5
LF:6
LH:6
BRF:0
BRH:0
end_of_record
TN:
SF:src/components/Button.jsx
FN:34,(anonymous_0)
FNF:1
FNH:1
FNDA:140,(anonymous_0)
DA:6,7
DA:34,7
DA:35,140
DA:36,140
DA:45,7
LF:5
LH:5
BRDA:34,0,0,140
BRDA:35,1,0,0
BRDA:35,1,1,140
BRF:3
BRH:2
end_of_record
TN:
SF:src/components/CalendarHeatMap.jsx
FN:6,(anonymous_0)
FN:13,(anonymous_1)
FN:25,(anonymous_2)
FN:37,(anonymous_3)
FN:53,(anonymous_4)
FN:66,(anonymous_5)
FN:70,(anonymous_6)
FN:71,(anonymous_7)
FN:79,(anonymous_8)
FN:80,(anonymous_9)
FN:137,(anonymous_10)
FN:146,(anonymous_11)
FNF:12
FNH:12
FNDA:121,(anonymous_0)
FNDA:4,(anonymous_1)
FNDA:4,(anonymous_2)
FNDA:4,(anonymous_3)
FNDA:60,(anonymous_4)
FNDA:4,(anonymous_5)
FNDA:1,(anonymous_6)
FNDA:1,(anonymous_7)
FNDA:1,(anonymous_8)
FNDA:1,(anonymous_9)
FNDA:120,(anonymous_10)
FNDA:120,(anonymous_11)
DA:6,3
DA:7,121
DA:8,121
DA:9,121
DA:10,121
DA:13,3
DA:14,4
DA:15,4
DA:16,4
DA:17,4
DA:18,4
DA:19,121
DA:20,121
DA:22,4
DA:25,3
DA:26,4
DA:27,4
DA:31,4
DA:34,4
DA:35,4
DA:37,4
DA:38,4
DA:39,4
DA:40,4
DA:41,4
DA:43,4
DA:52,4
DA:53,60
DA:60,2
DA:62,2
DA:66,4
DA:67,4
DA:70,4
DA:71,1
DA:72,1
DA:73,1
DA:74,1
DA:75,1
DA:79,4
DA:80,1
DA:81,1
DA:82,1
DA:84,1
DA:86,1
DA:87,1
DA:91,4
DA:93,4
DA:96,4
DA:138,120
DA:139,2
DA:140,2
DA:141,2
DA:142,2
DA:143,2
DA:144,2
DA:146,120
LF:56
LH:56
BRDA:52,0,0,4
BRDA:52,0,1,0
BRDA:55,1,0,60
BRDA:55,1,1,59
BRDA:74,2,0,0
BRDA:74,2,1,1
BRDA:84,3,0,1
BRDA:84,3,1,1
BRDA:84,3,2,1
BRDA:86,4,0,0
BRDA:86,4,1,1
BRDA:93,5,0,4
BRDA:93,5,1,4
BRDA:138,6,0,118
BRDA:138,6,1,2
BRDA:138,7,0,120
BRDA:138,7,1,60
BRDA:141,8,0,0
BRDA:141,8,1,2
BRDA:142,9,0,2
BRDA:142,9,1,0
BRDA:143,10,0,0
BRDA:143,10,1,2
BRDA:147,11,0,60
BRDA:147,11,1,60
BRF:25
BRH:19
end_of_record
TN:
SF:src/components/Card.jsx
FN:4,(anonymous_0)
FN:16,(anonymous_1)
FNF:2
FNH:2
FNDA:187,(anonymous_0)
FNDA:165,(anonymous_1)
DA:4,15
DA:5,187
DA:14,15
DA:16,15
DA:17,165
DA:23,15
LF:6
LH:6
BRF:0
BRH:0
end_of_record
TN:
SF:src/components/ColourblindToggle.jsx
FN:1,ColorblindToggle
FN:4,(anonymous_1)
FNF:2
FNH:1
FNDA:10,ColorblindToggle
FNDA:0,(anonymous_1)
DA:2,10
DA:4,0
LF:2
LH:1
BRDA:7,0,0,0
BRDA:7,0,1,10
BRF:2
BRH:1
end_of_record
TN:
SF:src/components/FAQCard.jsx
FN:3,(anonymous_0)
FN:12,(anonymous_1)
FN:12,(anonymous_2)
FNF:3
FNH:3
FNDA:2,(anonymous_0)
FNDA:1,(anonymous_1)
FNDA:1,(anonymous_2)
DA:3,2
DA:4,2
DA:5,2
DA:7,2
DA:12,1
LF:5
LH:5
BRDA:23,0,0,1
BRDA:23,0,1,1
BRDA:32,1,0,1
BRDA:32,1,1,1
BRF:4
BRH:4
end_of_record
TN:
SF:src/components/FooterBanner.jsx
FN:5,(anonymous_0)
FN:50,(anonymous_1)
FNF:2
FNH:2
FNDA:6,(anonymous_0)
FNDA:48,(anonymous_1)
DA:5,3
DA:7,6
DA:18,6
DA:51,48
LF:4
LH:4
BRDA:54,0,0,48
BRDA:54,0,1,0
BRDA:55,1,0,48
BRDA:55,1,1,0
BRF:4
BRH:2
end_of_record
TN:
SF:src/components/GradientAccent.jsx
FN:4,(anonymous_0)
FNF:1
FNH:1
FNDA:12,(anonymous_0)
DA:4,3
DA:5,12
LF:2
LH:2
BRF:0
BRH:0
end_of_record
TN:
SF:src/components/HeaderBanner.jsx
FN:5,(anonymous_0)
FNF:1
FNH:1
FNDA:6,(anonymous_0)
DA:5,3
DA:12,6
DA:14,6
LF:3
LH:3
BRDA:7,0,0,0
BRDA:8,1,0,6
BRDA:9,2,0,6
BRDA:10,3,0,6
BRDA:24,4,0,0
BRDA:24,4,1,6
BRDA:24,5,0,6
BRDA:24,5,1,6
BRDA:40,6,0,0
BRDA:40,6,1,0
BRDA:47,7,0,6
BRDA:47,7,1,0
BRDA:64,8,0,6
BRDA:64,8,1,6
BRF:14
BRH:9
end_of_record
TN:
SF:src/components/Input.jsx
FN:5,(anonymous_0)
FN:55,(anonymous_1)
FN:60,(anonymous_2)
FNF:3
FNH:3
FNDA:4,(anonymous_0)
FNDA:1,(anonymous_1)
FNDA:1,(anonymous_2)
DA:5,3
DA:6,4
DA:7,4
DA:8,4
DA:9,4
DA:12,4
DA:13,4
DA:15,4
DA:16,1
DA:17,1
DA:18,3
DA:19,1
DA:20,1
DA:23,4
DA:56,1
DA:57,1
DA:58,1
DA:61,1
DA:62,1
DA:93,3
LF:20
LH:20
BRDA:8,0,0,4
BRDA:8,0,1,0
BRDA:9,1,0,4
BRDA:9,1,1,0
BRDA:9,1,2,0
BRDA:9,1,3,0
BRDA:15,2,0,1
BRDA:15,2,1,3
BRDA:18,3,0,1
BRDA:18,3,1,2
BRDA:18,4,0,3
BRDA:18,4,1,1
BRDA:26,5,0,4
BRDA:26,5,1,4
BRDA:32,6,0,2
BRDA:32,6,1,2
BRDA:32,7,0,4
BRDA:32,7,1,3
BRDA:32,7,2,3
BRDA:50,8,0,1
BRDA:50,8,1,3
BRDA:66,9,0,4
BRDA:66,9,1,0
BRDA:71,10,0,0
BRDA:71,10,1,0
BRDA:73,11,0,0
BRDA:73,11,1,0
BRDA:80,12,0,0
BRDA:80,12,1,4
BRF:29
BRH:19
end_of_record
TN:
SF:src/components/MultipleRadioQuestion.jsx
FN:4,(anonymous_0)
FN:5,(anonymous_1)
FN:8,(anonymous_2)
FN:22,(anonymous_3)
FN:31,(anonymous_4)
FNF:5
FNH:5
FNDA:4,(anonymous_0)
FNDA:4,(anonymous_1)
FNDA:1,(anonymous_2)
FNDA:8,(anonymous_3)
FNDA:4,(anonymous_4)
DA:4,3
DA:5,4
DA:6,4
DA:8,1
DA:11,3
DA:15,4
DA:23,8
DA:31,4
LF:8
LH:8
BRDA:4,0,0,0
BRDA:6,1,0,1
BRDA:6,1,1,3
BRF:3
BRH:2
end_of_record
TN:
SF:src/components/MyPieChart.jsx
FN:17,MyPieChart
FN:20,(anonymous_1)
FN:21,(anonymous_2)
FN:23,(anonymous_3)
FN:53,(anonymous_4)
FNF:5
FNH:4
FNDA:1,MyPieChart
FNDA:1,(anonymous_1)
FNDA:0,(anonymous_2)
FNDA:1,(anonymous_3)
FNDA:5,(anonymous_4)
DA:5,2
DA:7,2
DA:18,1
DA:20,1
DA:21,1
DA:22,1
DA:23,1
DA:26,1
DA:27,1
DA:29,1
DA:40,1
DA:42,1
DA:54,5
LF:13
LH:13
BRDA:26,0,0,0
BRDA:26,0,1,1
BRDA:27,1,0,0
BRDA:27,1,1,1
BRDA:40,2,0,0
BRDA:40,2,1,1
BRF:6
BRH:3
end_of_record
TN:
SF:src/components/Navbar.jsx
FN:9,(anonymous_0)
FN:22,(anonymous_1)
FN:24,(anonymous_2)
FN:27,(anonymous_3)
FN:32,(anonymous_4)
FN:35,(anonymous_5)
FN:36,(anonymous_6)
FN:42,(anonymous_7)
FN:45,(anonymous_8)
FN:46,(anonymous_9)
FN:52,(anonymous_10)
FN:68,(anonymous_11)
FN:78,(anonymous_12)
FN:83,(anonymous_13)
FN:88,(anonymous_14)
FN:89,(anonymous_15)
FN:90,(anonymous_16)
FN:94,(anonymous_17)
FN:104,(anonymous_18)
FN:121,(anonymous_19)
FN:129,(anonymous_20)
FN:143,(anonymous_21)
FN:156,(anonymous_22)
FN:161,(anonymous_23)
FN:176,(anonymous_24)
FNF:25
FNH:20
FNDA:23,(anonymous_0)
FNDA:9,(anonymous_1)
FNDA:9,(anonymous_2)
FNDA:0,(anonymous_3)
FNDA:11,(anonymous_4)
FNDA:9,(anonymous_5)
FNDA:9,(anonymous_6)
FNDA:12,(anonymous_7)
FNDA:8,(anonymous_8)
FNDA:8,(anonymous_9)
FNDA:1,(anonymous_10)
FNDA:4,(anonymous_11)
FNDA:11,(anonymous_12)
FNDA:9,(anonymous_13)
FNDA:1,(anonymous_14)
FNDA:0,(anonymous_15)
FNDA:0,(anonymous_16)
FNDA:0,(anonymous_17)
FNDA:69,(anonymous_18)
FNDA:2,(anonymous_19)
FNDA:46,(anonymous_20)
FNDA:2,(anonymous_21)
FNDA:15,(anonymous_22)
FNDA:2,(anonymous_23)
FNDA:0,(anonymous_24)
DA:9,6
DA:10,23
DA:11,23
DA:12,23
DA:13,23
DA:14,23
DA:15,23
DA:16,23
DA:18,23
DA:19,23
DA:22,23
DA:23,9
DA:25,9
DA:28,0
DA:32,23
DA:33,11
DA:34,11
DA:35,11
DA:36,9
DA:38,3
DA:42,23
DA:43,12
DA:44,12
DA:45,12
DA:46,8
DA:48,4
DA:52,23
DA:53,1
DA:54,1
DA:55,1
DA:60,1
DA:62,1
DA:64,0
DA:68,23
DA:69,4
DA:70,4
DA:71,4
DA:72,2
DA:74,2
DA:78,23
DA:79,11
DA:80,11
DA:83,23
DA:84,9
DA:87,23
DA:88,1
DA:89,0
DA:90,0
DA:93,23
DA:94,0
DA:98,23
DA:105,69
DA:121,2
DA:130,46
DA:143,2
DA:157,15
DA:162,2
DA:163,2
DA:178,0
DA:180,0
LF:60
LH:53
BRDA:146,0,0,3
BRDA:146,0,1,20
BRDA:154,1,0,23
BRDA:154,1,1,3
BRF:4
BRH:4
end_of_record
TN:
SF:src/components/PointsBarChart.jsx
FN:15,(anonymous_0)
FN:18,(anonymous_1)
FN:19,(anonymous_2)
FN:21,(anonymous_3)
FN:27,(anonymous_4)
FN:44,(anonymous_5)
FN:51,(anonymous_6)
FN:64,(anonymous_7)
FN:73,(anonymous_8)
FN:95,(anonymous_9)
FN:102,(anonymous_10)
FN:114,(anonymous_11)
FN:143,(anonymous_12)
FN:158,(anonymous_13)
FN:158,(anonymous_14)
FN:158,(anonymous_15)
FN:158,(anonymous_16)
FN:170,(anonymous_17)
FN:170,(anonymous_18)
FN:170,(anonymous_19)
FN:170,(anonymous_20)
FNF:21
FNH:12
FNDA:4,(anonymous_0)
FNDA:2,(anonymous_1)
FNDA:0,(anonymous_2)
FNDA:2,(anonymous_3)
FNDA:4,(anonymous_4)
FNDA:4,(anonymous_5)
FNDA:1,(anonymous_6)
FNDA:2,(anonymous_7)
FNDA:3,(anonymous_8)
FNDA:4,(anonymous_9)
FNDA:4,(anonymous_10)
FNDA:4,(anonymous_11)
FNDA:2,(anonymous_12)
FNDA:0,(anonymous_13)
FNDA:0,(anonymous_14)
FNDA:0,(anonymous_15)
FNDA:0,(anonymous_16)
FNDA:0,(anonymous_17)
FNDA:0,(anonymous_18)
FNDA:0,(anonymous_19)
FNDA:0,(anonymous_20)
DA:15,2
DA:16,4
DA:18,4
DA:19,2
DA:20,2
DA:21,2
DA:24,4
DA:27,2
DA:28,4
DA:29,4
DA:31,4
DA:35,4
DA:36,4
DA:37,4
DA:38,4
DA:39,4
DA:40,4
DA:44,4
DA:45,4
DA:46,4
DA:47,4
DA:48,4
DA:51,4
DA:52,1
DA:53,1
DA:54,1
DA:55,1
DA:59,1
DA:60,1
DA:61,1
DA:62,1
DA:64,1
DA:65,2
DA:66,2
DA:67,2
DA:70,1
DA:73,4
DA:74,3
DA:78,3
DA:81,4
DA:82,4
DA:83,4
DA:84,4
DA:86,4
DA:87,4
DA:88,4
DA:89,4
DA:90,4
DA:92,4
DA:93,4
DA:95,4
DA:96,4
DA:97,4
DA:102,4
DA:103,4
DA:108,3
DA:110,1
DA:114,4
DA:115,4
DA:118,4
DA:123,4
DA:129,4
DA:132,4
DA:143,2
DA:158,0
DA:170,0
LF:66
LH:64
BRDA:35,0,0,0
BRDA:35,0,1,4
BRDA:35,1,0,0
BRDA:35,1,1,4
BRDA:36,2,0,0
BRDA:36,2,1,4
BRDA:37,3,0,0
BRDA:37,3,1,4
BRDA:38,4,0,0
BRDA:38,4,1,4
BRDA:39,5,0,0
BRDA:39,5,1,4
BRDA:40,6,0,0
BRDA:40,6,1,4
BRDA:54,7,0,0
BRDA:54,7,1,1
BRDA:84,8,0,0
BRDA:84,8,1,4
BRDA:98,9,0,2
BRDA:98,9,1,2
BRDA:103,10,0,1
BRDA:103,10,1,3
BRDA:129,11,0,0
BRDA:129,11,1,4
BRDA:139,12,0,2
BRDA:139,12,1,2
BRDA:145,13,0,2
BRDA:145,13,1,2
BRDA:150,14,0,2
BRDA:150,14,1,2
BRDA:158,15,0,2
BRDA:158,15,1,2
BRDA:159,16,0,2
BRDA:159,16,1,2
BRDA:166,17,0,2
BRDA:166,17,1,2
BRDA:170,18,0,2
BRDA:170,18,1,2
BRDA:171,19,0,2
BRDA:171,19,1,2
BRF:40
BRH:30
end_of_record
TN:
SF:src/components/PopUp.jsx
FN:8,(anonymous_0)
FN:15,(anonymous_1)
FN:16,(anonymous_2)
FN:31,(anonymous_3)
FN:32,(anonymous_4)
FN:38,(anonymous_5)
FN:39,(anonymous_6)
FN:45,(anonymous_7)
FN:55,(anonymous_8)
FN:60,(anonymous_9)
FN:61,(anonymous_10)
FN:63,(anonymous_11)
FN:84,(anonymous_12)
FN:104,(anonymous_13)
FN:110,(anonymous_14)
FN:156,(anonymous_15)
FN:166,(anonymous_16)
FN:179,(anonymous_17)
FN:201,(anonymous_18)
FN:212,(anonymous_19)
FNF:20
FNH:16
FNDA:54,(anonymous_0)
FNDA:31,(anonymous_1)
FNDA:9,(anonymous_2)
FNDA:6,(anonymous_3)
FNDA:6,(anonymous_4)
FNDA:0,(anonymous_5)
FNDA:0,(anonymous_6)
FNDA:6,(anonymous_7)
FNDA:2,(anonymous_8)
FNDA:1,(anonymous_9)
FNDA:1,(anonymous_10)
FNDA:0,(anonymous_11)
FNDA:14,(anonymous_12)
FNDA:6,(anonymous_13)
FNDA:1,(anonymous_14)
FNDA:34,(anonymous_15)
FNDA:1,(anonymous_16)
FNDA:6,(anonymous_17)
FNDA:0,(anonymous_18)
FNDA:2,(anonymous_19)
DA:8,8
DA:9,54
DA:10,54
DA:11,54
DA:13,54
DA:15,54
DA:16,31
DA:17,9
DA:18,9
DA:19,9
DA:21,0
DA:24,31
DA:25,9
DA:29,54
DA:31,25
DA:32,6
DA:38,25
DA:39,0
DA:45,25
DA:46,6
DA:47,6
DA:48,6
DA:49,5
DA:51,1
DA:55,25
DA:56,2
DA:57,2
DA:60,25
DA:61,1
DA:62,1
DA:63,0
DA:68,25
DA:84,14
DA:105,6
DA:106,6
DA:107,6
DA:110,1
DA:157,34
DA:158,34
DA:167,1
DA:168,0
DA:169,0
DA:180,6
DA:181,6
DA:201,0
DA:213,2
DA:214,2
DA:216,2
LF:48
LH:42
BRDA:19,0,0,9
BRDA:19,0,1,0
BRDA:24,1,0,9
BRDA:24,1,1,22
BRDA:29,2,0,29
BRDA:29,2,1,25
BRDA:62,3,0,0
BRDA:62,3,1,1
BRDA:76,4,0,3
BRDA:76,4,1,22
BRDA:78,5,0,0
BRDA:78,5,1,22
BRDA:80,6,0,0
BRDA:80,6,1,22
BRDA:88,7,0,3
BRDA:88,7,1,22
BRDA:91,8,0,3
BRDA:91,8,1,22
BRDA:95,9,0,0
BRDA:95,9,1,3
BRDA:97,10,0,0
BRDA:97,10,1,3
BRDA:99,11,0,0
BRDA:99,11,1,3
BRDA:113,12,0,2
BRDA:113,12,1,4
BRDA:121,13,0,6
BRDA:121,13,1,2
BRDA:145,14,0,0
BRDA:145,14,1,22
BRDA:146,15,0,0
BRDA:146,15,1,22
BRDA:147,16,0,0
BRDA:147,16,1,22
BRDA:148,17,0,0
BRDA:148,17,1,22
BRDA:151,18,0,2
BRDA:151,18,1,20
BRDA:157,19,0,34
BRDA:157,19,1,28
BRDA:167,20,0,0
BRDA:167,20,1,1
BRDA:167,21,0,1
BRDA:167,21,1,1
BRDA:176,22,0,34
BRDA:176,22,1,31
BRDA:197,23,0,3
BRDA:197,23,1,22
BRDA:213,24,0,2
BRDA:213,24,1,0
BRF:50
BRH:37
end_of_record
TN:
SF:src/components/ProgressBar.jsx
FN:3,(anonymous_0)
FN:10,(anonymous_1)
FN:12,(anonymous_2)
FN:18,(anonymous_3)
FNF:4
FNH:3
FNDA:23,(anonymous_0)
FNDA:21,(anonymous_1)
FNDA:0,(anonymous_2)
FNDA:21,(anonymous_3)
DA:3,4
DA:4,23
DA:6,23
DA:7,23
DA:8,23
DA:10,23
DA:12,21
DA:13,0
DA:14,0
DA:15,0
DA:18,21
DA:21,23
DA:22,23
DA:24,23
LF:14
LH:11
BRDA:57,0,0,23
BRDA:57,0,1,0
BRDA:69,1,0,23
BRDA:69,1,1,0
BRF:4
BRH:2
end_of_record
TN:
SF:src/components/Questions.jsx
FN:5,(anonymous_0)
FN:21,(anonymous_1)
FN:37,(anonymous_2)
FNF:3
FNH:3
FNDA:2,(anonymous_0)
FNDA:1,(anonymous_1)
FNDA:2,(anonymous_2)
DA:5,2
DA:6,2
DA:7,2
DA:8,2
DA:9,2
DA:10,2
DA:11,2
DA:12,2
DA:13,2
DA:14,2
DA:15,2
DA:19,2
DA:21,2
DA:22,1
DA:23,1
DA:24,1
DA:25,1
DA:26,1
DA:27,1
DA:28,1
DA:29,1
DA:30,1
DA:31,1
DA:32,1
DA:37,2
DA:38,2
DA:39,2
DA:66,2
LF:28
LH:28
BRDA:5,0,0,0
BRDA:22,1,0,1
BRDA:22,1,1,0
BRDA:23,2,0,1
BRDA:23,2,1,0
BRDA:24,3,0,1
BRDA:24,3,1,0
BRDA:25,4,0,1
BRDA:25,4,1,0
BRDA:26,5,0,1
BRDA:26,5,1,0
BRDA:27,6,0,1
BRDA:27,6,1,0
BRDA:28,7,0,1
BRDA:28,7,1,0
BRDA:29,8,0,1
BRDA:29,8,1,1
BRDA:30,9,0,1
BRDA:30,9,1,1
BRDA:31,10,0,1
BRDA:31,10,1,1
BRDA:32,11,0,1
BRDA:32,11,1,1
BRDA:38,12,0,2
BRDA:38,12,1,0
BRDA:69,13,0,2
BRDA:69,13,1,0
BRDA:85,14,0,2
BRDA:85,14,1,1
BRDA:117,15,0,2
BRDA:117,15,1,1
BRF:31
BRH:21
end_of_record
TN:
SF:src/components/RadioGroup.jsx
FN:6,(anonymous_0)
FN:20,(anonymous_1)
FNF:2
FNH:2
FNDA:13,(anonymous_0)
FNDA:54,(anonymous_1)
DA:6,3
DA:7,13
DA:18,3
DA:20,3
DA:21,54
DA:34,3
LF:6
LH:6
BRF:0
BRH:0
end_of_record
TN:
SF:src/components/RadioQuestion.jsx
FN:5,(anonymous_0)
FN:19,(anonymous_1)
FNF:2
FNH:2
FNDA:13,(anonymous_0)
FNDA:54,(anonymous_1)
DA:5,3
DA:6,13
DA:20,54
LF:3
LH:3
BRF:0
BRH:0
end_of_record
TN:
SF:src/components/RequireAuth.jsx
FN:5,(anonymous_0)
FN:10,(anonymous_1)
FN:14,(anonymous_2)
FN:17,(anonymous_3)
FN:20,(anonymous_4)
FNF:5
FNH:5
FNDA:6,(anonymous_0)
FNDA:3,(anonymous_1)
FNDA:2,(anonymous_2)
FNDA:1,(anonymous_3)
FNDA:3,(anonymous_4)
DA:5,3
DA:6,6
DA:7,6
DA:8,6
DA:10,6
DA:11,3
DA:12,3
DA:15,2
DA:18,1
DA:20,3
DA:21,3
DA:26,6
DA:28,3
DA:30,1
DA:33,2
LF:15
LH:15
BRDA:15,0,0,2
BRDA:15,0,1,0
BRDA:18,1,0,1
BRDA:18,1,1,0
BRDA:26,2,0,3
BRDA:26,2,1,3
BRDA:28,3,0,1
BRDA:28,3,1,2
BRF:8
BRH:6
end_of_record
TN:
SF:src/components/Slider.jsx
FN:3,(anonymous_0)
FN:9,(anonymous_1)
FN:44,(anonymous_2)
FNF:3
FNH:3
FNDA:7,(anonymous_0)
FNDA:1,(anonymous_1)
FNDA:79,(anonymous_2)
DA:3,3
DA:4,7
DA:5,7
DA:7,7
DA:9,7
DA:10,1
DA:11,1
DA:12,0
DA:15,7
DA:17,7
DA:18,7
DA:19,79
DA:22,7
DA:45,79
LF:14
LH:13
BRDA:3,0,0,0
BRDA:3,1,0,0
BRDA:3,2,0,5
BRDA:5,3,0,7
BRDA:5,3,1,7
BRDA:7,4,0,7
BRDA:7,4,1,0
BRDA:11,5,0,1
BRDA:11,5,1,0
BRF:9
BRH:5
end_of_record
TN:
SF:src/components/SliderQuestion.jsx
FN:5,(anonymous_0)
FNF:1
FNH:1
FNDA:6,(anonymous_0)
DA:5,3
DA:6,6
LF:2
LH:2
BRDA:5,0,0,6
BRF:1
BRH:1
end_of_record
TN:
SF:src/components/Switch.jsx
FN:3,(anonymous_0)
FN:6,(anonymous_1)
FN:7,(anonymous_2)
FN:21,(anonymous_3)
FNF:4
FNH:4
FNDA:30,(anonymous_0)
FNDA:5,(anonymous_1)
FNDA:5,(anonymous_2)
FNDA:1,(anonymous_3)
DA:3,6
DA:4,30
DA:6,30
DA:7,5
DA:8,5
DA:9,5
DA:10,5
DA:14,30
DA:22,1
LF:9
LH:9
BRDA:22,0,0,1
BRDA:22,0,1,0
BRDA:22,1,0,1
BRDA:22,1,1,0
BRDA:28,2,0,3
BRDA:28,2,1,27
BRF:6
BRH:4
end_of_record
TN:
SF:src/components/TipCard.jsx
FN:3,(anonymous_0)
FN:7,(anonymous_1)
FN:36,(anonymous_2)
FN:37,(anonymous_3)
FNF:4
FNH:2
FNDA:38,(anonymous_0)
FNDA:2,(anonymous_1)
FNDA:0,(anonymous_2)
FNDA:0,(anonymous_3)
DA:3,4
DA:4,38
DA:5,38
DA:7,38
DA:9,2
DA:10,2
DA:11,2
DA:12,2
DA:15,38
DA:36,0
DA:37,0
LF:11
LH:9
BRDA:19,0,0,2
BRDA:19,0,1,36
BRDA:20,1,0,0
BRDA:20,1,1,38
BRDA:25,2,0,2
BRDA:25,2,1,36
BRF:6
BRH:5
end_of_record
TN:
SF:src/components/UserRankChart.jsx
FN:14,(anonymous_0)
FN:21,(anonymous_1)
FN:30,(anonymous_2)
FN:40,(anonymous_3)
FN:53,(anonymous_4)
FN:55,(anonymous_5)
FN:56,(anonymous_6)
FN:58,(anonymous_7)
FN:63,(anonymous_8)
FN:83,(anonymous_9)
FN:110,(anonymous_10)
FN:112,(anonymous_11)
FN:126,(anonymous_12)
FN:131,(anonymous_13)
FN:133,(anonymous_14)
FN:139,(anonymous_15)
FN:149,(anonymous_16)
FN:151,(anonymous_17)
FN:157,(anonymous_18)
FN:165,(anonymous_19)
FN:181,(anonymous_20)
FN:193,(anonymous_21)
FN:224,(anonymous_22)
FN:268,(anonymous_23)
FN:283,(anonymous_24)
FN:290,(anonymous_25)
FNF:26
FNH:21
FNDA:82,(anonymous_0)
FNDA:15,(anonymous_1)
FNDA:3,(anonymous_2)
FNDA:2,(anonymous_3)
FNDA:6,(anonymous_4)
FNDA:2,(anonymous_5)
FNDA:0,(anonymous_6)
FNDA:2,(anonymous_7)
FNDA:6,(anonymous_8)
FNDA:5,(anonymous_9)
FNDA:51,(anonymous_10)
FNDA:51,(anonymous_11)
FNDA:5,(anonymous_12)
FNDA:2,(anonymous_13)
FNDA:1,(anonymous_14)
FNDA:1,(anonymous_15)
FNDA:1,(anonymous_16)
FNDA:1,(anonymous_17)
FNDA:0,(anonymous_18)
FNDA:6,(anonymous_19)
FNDA:6,(anonymous_20)
FNDA:6,(anonymous_21)
FNDA:0,(anonymous_22)
FNDA:0,(anonymous_23)
FNDA:51,(anonymous_24)
FNDA:0,(anonymous_25)
DA:14,2
DA:15,82
DA:16,82
DA:17,82
DA:18,82
DA:21,2
DA:22,15
DA:23,15
DA:24,15
DA:25,15
DA:26,15
DA:27,15
DA:30,2
DA:31,3
DA:32,3
DA:33,21
DA:34,21
DA:35,21
DA:37,3
DA:40,2
DA:41,2
DA:42,2
DA:43,2
DA:44,2
DA:45,2
DA:46,61
DA:47,61
DA:49,2
DA:53,2
DA:54,6
DA:55,6
DA:56,2
DA:57,2
DA:58,2
DA:60,6
DA:63,2
DA:64,6
DA:67,6
DA:68,6
DA:69,6
DA:70,6
DA:71,6
DA:73,6
DA:74,6
DA:75,6
DA:79,6
DA:80,6
DA:83,6
DA:84,5
DA:86,5
DA:90,5
DA:93,5
DA:94,5
DA:97,5
DA:98,5
DA:102,5
DA:107,5
DA:110,4
DA:111,51
DA:112,51
DA:114,51
DA:120,4
DA:122,1
DA:126,6
DA:127,5
DA:131,6
DA:132,2
DA:133,1
DA:134,1
DA:135,1
DA:136,1
DA:139,1
DA:140,1
DA:141,1
DA:142,1
DA:149,6
DA:150,1
DA:151,1
DA:152,1
DA:153,1
DA:154,1
DA:157,0
DA:158,0
DA:159,0
DA:160,0
DA:165,6
DA:166,6
DA:167,4
DA:168,4
DA:169,4
DA:171,2
DA:172,2
DA:173,2
DA:181,6
DA:182,6
DA:183,4
DA:184,4
DA:185,4
DA:187,2
DA:188,2
DA:189,2
DA:193,6
DA:194,6
DA:195,4
DA:196,4
DA:197,4
DA:205,2
DA:212,6
DA:224,0
DA:269,0
DA:270,0
DA:283,51
DA:291,0
DA:292,0
LF:114
LH:105
BRDA:67,0,0,0
BRDA:67,0,1,6
BRDA:67,1,0,0
BRDA:67,1,1,6
BRDA:68,2,0,0
BRDA:68,2,1,6
BRDA:69,3,0,0
BRDA:69,3,1,6
BRDA:70,4,0,0
BRDA:70,4,1,6
BRDA:71,5,0,0
BRDA:71,5,1,6
BRDA:86,6,0,3
BRDA:86,6,1,2
BRDA:103,7,0,3
BRDA:103,7,1,2
BRDA:107,8,0,5
BRDA:107,8,1,0
BRDA:116,9,0,27
BRDA:116,9,1,24
BRDA:116,10,0,1
BRDA:116,10,1,26
BRDA:132,11,0,1
BRDA:132,11,1,1
BRDA:136,12,0,0
BRDA:136,12,1,1
BRDA:142,13,0,0
BRDA:142,13,1,1
BRDA:150,14,0,1
BRDA:150,14,1,0
BRDA:166,15,0,4
BRDA:166,15,1,2
BRDA:174,16,0,2
BRDA:174,16,1,2
BRDA:174,16,2,2
BRDA:182,17,0,4
BRDA:182,17,1,2
BRDA:194,18,0,4
BRDA:194,18,1,2
BRDA:220,19,0,4
BRDA:220,19,1,2
BRDA:226,20,0,4
BRDA:226,20,1,2
BRDA:231,21,0,2
BRDA:231,21,1,4
BRDA:266,22,0,4
BRDA:266,22,1,2
BRDA:270,23,0,0
BRDA:270,23,1,0
BRDA:283,24,0,51
BRDA:283,24,1,50
BRDA:293,25,0,0
BRDA:293,25,1,0
BRDA:302,26,0,0
BRDA:302,26,1,6
BRF:55
BRH:40
end_of_record
TN:
SF:src/lib/activityBus.js
FN:4,subscribeActivity
FN:6,(anonymous_1)
FN:9,publishActivity
FNF:3
FNH:3
FNDA:13,subscribeActivity
FNDA:13,(anonymous_1)
FNDA:2,publishActivity
DA:2,6
DA:5,13
DA:6,13
DA:10,2
DA:11,1
DA:12,1
LF:6
LH:6
BRF:0
BRH:0
end_of_record
TN:
SF:src/lib/csrf.js
FN:11,ensureCsrfToken
FN:27,setCsrfToken
FN:35,clearCsrfToken
FNF:3
FNH:3
FNDA:18,ensureCsrfToken
FNDA:1,setCsrfToken
FNDA:3,clearCsrfToken
DA:3,12
DA:12,18
DA:13,17
DA:14,17
DA:15,17
DA:16,17
DA:17,1
DA:18,1
DA:20,17
DA:22,0
DA:23,0
DA:28,1
DA:29,1
DA:30,1
DA:31,1
DA:36,3
DA:37,3
DA:38,3
LF:18
LH:16
BRDA:12,0,0,1
BRDA:12,0,1,17
BRDA:16,1,0,1
BRDA:16,1,1,16
BRDA:29,2,0,1
BRDA:29,2,1,0
BRF:6
BRH:5
end_of_record
TN:
SF:src/lib/utils.js
FN:4,cn
FNF:1
FNH:1
FNDA:648,cn
DA:5,648
LF:1
LH:1
BRF:0
BRH:0
end_of_record
TN:
SF:src/screens/About.jsx
FN:10,(anonymous_0)
FN:95,(anonymous_1)
FN:176,(anonymous_2)
FNF:3
FNH:3
FNDA:1,(anonymous_0)
FNDA:4,(anonymous_1)
FNDA:7,(anonymous_2)
DA:10,2
DA:13,1
DA:21,1
DA:52,1
DA:96,4
DA:177,7
LF:6
LH:6
BRF:0
BRH:0
end_of_record
TN:
SF:src/screens/Dashboard.jsx
FN:14,(anonymous_0)
FN:28,(anonymous_1)
FN:43,(anonymous_2)
FN:48,(anonymous_3)
FN:49,(anonymous_4)
FN:55,(anonymous_5)
FN:56,(anonymous_6)
FN:70,(anonymous_7)
FN:74,(anonymous_8)
FN:86,(anonymous_9)
FN:87,(anonymous_10)
FN:124,(anonymous_11)
FN:209,(anonymous_12)
FN:213,(anonymous_13)
FNF:14
FNH:13
FNDA:26,(anonymous_0)
FNDA:15,(anonymous_1)
FNDA:13,(anonymous_2)
FNDA:13,(anonymous_3)
FNDA:2,(anonymous_4)
FNDA:13,(anonymous_5)
FNDA:13,(anonymous_6)
FNDA:1,(anonymous_7)
FNDA:1,(anonymous_8)
FNDA:0,(anonymous_9)
FNDA:11,(anonymous_10)
FNDA:11,(anonymous_11)
FNDA:43,(anonymous_12)
FNDA:1,(anonymous_13)
DA:14,4
DA:15,26
DA:16,26
DA:17,26
DA:18,26
DA:19,26
DA:20,26
DA:21,26
DA:22,26
DA:23,26
DA:25,26
DA:26,26
DA:28,26
DA:29,15
DA:30,15
DA:31,11
DA:32,11
DA:33,11
DA:34,11
DA:35,11
DA:36,11
DA:38,3
DA:39,3
DA:43,26
DA:44,13
DA:48,26
DA:49,13
DA:50,2
DA:52,13
DA:55,26
DA:56,13
DA:57,13
DA:58,13
DA:59,13
DA:60,13
DA:62,1
DA:64,13
DA:67,13
DA:70,26
DA:71,1
DA:72,1
DA:73,1
DA:74,1
DA:75,1
DA:76,1
DA:77,1
DA:80,0
DA:84,26
DA:85,26
DA:86,0
DA:87,11
DA:92,26
DA:93,26
DA:95,26
DA:125,11
DA:210,43
DA:214,1
LF:57
LH:55
BRDA:84,0,0,0
BRDA:84,0,1,26
BRDA:128,1,0,8
BRDA:128,1,1,3
BRDA:135,2,0,0
BRDA:135,2,1,11
BRDA:161,3,0,0
BRDA:161,3,1,26
BRDA:165,4,0,26
BRDA:165,4,1,0
BRDA:209,5,0,13
BRDA:209,5,1,13
BRDA:212,6,0,39
BRDA:212,6,1,4
BRDA:214,7,0,1
BRDA:214,7,1,0
BRF:16
BRH:11
end_of_record
TN:
SF:src/screens/Profile.jsx
FN:13,(anonymous_0)
FN:23,(anonymous_1)
FN:25,(anonymous_2)
FN:30,(anonymous_3)
FN:35,(anonymous_4)
FN:37,(anonymous_5)
FN:40,(anonymous_6)
FN:46,(anonymous_7)
FN:51,(anonymous_8)
FN:54,(anonymous_9)
FN:62,(anonymous_10)
FN:87,(anonymous_11)
FN:91,(anonymous_12)
FN:169,(anonymous_13)
FN:171,(anonymous_14)
FNF:15
FNH:12
FNDA:11,(anonymous_0)
FNDA:4,(anonymous_1)
FNDA:4,(anonymous_2)
FNDA:0,(anonymous_3)
FNDA:2,(anonymous_4)
FNDA:2,(anonymous_5)
FNDA:0,(anonymous_6)
FNDA:2,(anonymous_7)
FNDA:1,(anonymous_8)
FNDA:0,(anonymous_9)
FNDA:1,(anonymous_10)
FNDA:4,(anonymous_11)
FNDA:2,(anonymous_12)
FNDA:2,(anonymous_13)
FNDA:2,(anonymous_14)
DA:13,2
DA:14,11
DA:15,11
DA:16,11
DA:17,11
DA:18,11
DA:20,11
DA:23,11
DA:24,4
DA:26,4
DA:27,4
DA:28,4
DA:31,0
DA:35,11
DA:36,2
DA:38,2
DA:41,0
DA:46,11
DA:47,2
DA:48,1
DA:49,1
DA:50,1
DA:52,1
DA:55,0
DA:62,11
DA:63,1
DA:64,1
DA:65,1
DA:66,1
DA:69,1
DA:70,1
DA:72,1
DA:73,1
DA:74,1
DA:79,1
DA:81,0
DA:87,11
DA:88,4
DA:91,11
DA:92,2
DA:95,11
DA:96,11
DA:170,2
DA:171,2
LF:44
LH:40
BRDA:28,0,0,0
BRDA:28,0,1,4
BRDA:28,1,0,4
BRDA:28,1,1,0
BRDA:47,2,0,1
BRDA:47,2,1,1
BRDA:64,3,0,1
BRDA:64,3,1,0
BRDA:113,4,0,1
BRDA:113,4,1,10
BRDA:113,5,0,11
BRDA:113,5,1,1
BRDA:122,6,0,6
BRDA:122,6,1,4
BRDA:175,7,0,1
BRDA:175,7,1,10
BRF:16
BRH:13
end_of_record
TN:
SF:src/screens/Questionnaire.jsx
FN:11,(anonymous_0)
FN:18,(anonymous_1)
FNF:2
FNH:2
FNDA:21,(anonymous_0)
FNDA:2,(anonymous_1)
DA:11,2
DA:12,21
DA:14,21
DA:15,21
DA:16,21
DA:18,21
DA:19,2
DA:20,2
DA:22,2
DA:23,2
DA:24,2
DA:25,2
DA:30,1
DA:31,1
DA:32,1
DA:35,1
DA:36,1
DA:38,1
DA:39,1
DA:43,21
LF:20
LH:20
BRDA:31,0,0,1
BRDA:31,0,1,0
BRDA:39,1,0,0
BRDA:39,1,1,1
BRDA:90,2,0,21
BRDA:90,2,1,1
BRF:6
BRH:4
end_of_record
TN:
SF:src/screens/SignIn.jsx
FN:12,(anonymous_0)
FN:27,(anonymous_1)
FN:70,(anonymous_2)
FN:120,(anonymous_3)
FN:130,(anonymous_4)
FN:135,(anonymous_5)
FN:160,(anonymous_6)
FN:178,(anonymous_7)
FNF:8
FNH:7
FNDA:15,(anonymous_0)
FNDA:3,(anonymous_1)
FNDA:1,(anonymous_2)
FNDA:3,(anonymous_3)
FNDA:0,(anonymous_4)
FNDA:3,(anonymous_5)
FNDA:2,(anonymous_6)
FNDA:1,(anonymous_7)
DA:12,2
DA:13,15
DA:14,15
DA:15,15
DA:16,15
DA:17,15
DA:18,15
DA:20,15
DA:21,15
DA:23,15
DA:24,15
DA:27,15
DA:28,3
DA:29,3
DA:31,3
DA:35,3
DA:37,3
DA:38,1
DA:39,1
DA:40,1
DA:43,2
DA:44,0
DA:45,0
DA:46,0
DA:49,2
DA:51,2
DA:53,2
DA:55,1
DA:56,1
DA:57,1
DA:60,1
DA:61,1
DA:62,1
DA:63,1
DA:64,1
DA:66,1
DA:70,15
DA:71,1
DA:74,15
DA:120,3
DA:130,0
DA:135,3
DA:161,2
DA:179,1
LF:44
LH:40
BRDA:37,0,0,1
BRDA:37,0,1,2
BRDA:43,1,0,0
BRDA:43,1,1,2
BRDA:56,2,0,1
BRDA:56,2,1,0
BRDA:60,3,0,1
BRDA:60,3,1,0
BRDA:127,4,0,0
BRDA:127,4,1,15
BRDA:141,5,0,15
BRDA:141,5,1,0
BRDA:158,6,0,15
BRDA:158,6,1,2
BRF:14
BRH:9
end_of_record
TN:
SF:src/screens/SignUp.jsx
FN:11,(anonymous_0)
FN:39,(anonymous_1)
FN:95,(anonymous_2)
FN:102,(anonymous_3)
FN:183,(anonymous_4)
FN:193,(anonymous_5)
FN:205,(anonymous_6)
FN:215,(anonymous_7)
FN:219,(anonymous_8)
FN:229,(anonymous_9)
FN:233,(anonymous_10)
FN:249,(anonymous_11)
FN:259,(anonymous_12)
FNF:13
FNH:11
FNDA:79,(anonymous_0)
FNDA:11,(anonymous_1)
FNDA:2,(anonymous_2)
FNDA:2,(anonymous_3)
FNDA:11,(anonymous_4)
FNDA:11,(anonymous_5)
FNDA:11,(anonymous_6)
FNDA:0,(anonymous_7)
FNDA:11,(anonymous_8)
FNDA:0,(anonymous_9)
FNDA:11,(anonymous_10)
FNDA:7,(anonymous_11)
FNDA:1,(anonymous_12)
DA:11,3
DA:12,79
DA:13,79
DA:14,79
DA:15,79
DA:16,79
DA:18,79
DA:19,79
DA:20,79
DA:21,79
DA:22,79
DA:23,79
DA:24,79
DA:25,79
DA:27,79
DA:28,79
DA:31,79
DA:32,79
DA:34,79
DA:35,79
DA:39,79
DA:40,11
DA:42,11
DA:43,3
DA:45,3
DA:46,3
DA:48,8
DA:49,1
DA:51,1
DA:52,1
DA:54,7
DA:55,1
DA:58,1
DA:59,1
DA:60,1
DA:63,6
DA:64,1
DA:66,1
DA:70,1
DA:71,1
DA:74,5
DA:75,1
DA:76,1
DA:77,1
DA:81,1
DA:82,1
DA:84,4
DA:91,4
DA:93,4
DA:94,4
DA:96,2
DA:97,2
DA:98,2
DA:99,2
DA:103,2
DA:104,2
DA:106,1
DA:107,1
DA:108,1
DA:109,1
DA:110,1
DA:111,1
DA:113,1
DA:115,1
DA:116,1
DA:117,1
DA:118,1
DA:119,1
DA:120,1
DA:121,1
DA:123,0
DA:125,0
DA:126,0
DA:127,0
DA:128,0
DA:129,0
DA:132,2
DA:136,79
DA:183,11
DA:193,11
DA:205,11
DA:215,0
DA:219,11
DA:229,0
DA:233,11
DA:250,7
DA:259,1
LF:87
LH:79
BRDA:42,0,0,3
BRDA:42,0,1,8
BRDA:48,1,0,1
BRDA:48,1,1,7
BRDA:54,2,0,1
BRDA:54,2,1,6
BRDA:63,3,0,1
BRDA:63,3,1,5
BRDA:74,4,0,1
BRDA:74,4,1,4
BRDA:97,5,0,2
BRDA:97,5,1,0
BRDA:103,6,0,2
BRDA:103,6,1,0
BRDA:104,7,0,1
BRDA:104,7,1,1
BRDA:113,8,0,1
BRDA:113,8,1,0
BRDA:123,9,0,0
BRDA:123,9,1,0
BRDA:190,10,0,79
BRDA:190,10,1,0
BRDA:202,11,0,79
BRDA:202,11,1,0
BRDA:212,12,0,0
BRDA:212,12,1,79
BRDA:226,13,0,0
BRDA:226,13,1,79
BRDA:230,14,0,79
BRDA:230,14,1,0
BRDA:247,15,0,79
BRDA:247,15,1,7
BRF:32
BRH:22
end_of_record
TN:
SF:src/screens/Stats.jsx
FN:13,(anonymous_0)
FN:34,(anonymous_1)
FN:58,(anonymous_2)
FN:63,(anonymous_3)
FN:64,(anonymous_4)
FN:65,(anonymous_5)
FNF:6
FNH:4
FNDA:2,(anonymous_0)
FNDA:1,(anonymous_1)
FNDA:1,(anonymous_2)
FNDA:1,(anonymous_3)
FNDA:0,(anonymous_4)
FNDA:0,(anonymous_5)
DA:13,2
DA:14,2
DA:15,2
DA:16,2
DA:17,2
DA:18,2
DA:19,2
DA:20,2
DA:21,2
DA:22,2
DA:23,2
DA:24,2
DA:25,2
DA:26,2
DA:27,2
DA:28,2
DA:29,2
DA:30,2
DA:32,2
DA:34,2
DA:35,1
DA:36,1
DA:37,1
DA:38,1
DA:39,1
DA:40,1
DA:41,1
DA:42,1
DA:43,1
DA:44,1
DA:45,1
DA:46,1
DA:47,1
DA:48,1
DA:49,1
DA:50,1
DA:51,1
DA:52,1
DA:54,0
DA:58,2
DA:59,1
DA:63,2
DA:64,1
DA:65,0
DA:66,0
DA:68,1
DA:72,2
LF:47
LH:44
BRF:0
BRH:0
end_of_record
